CRITICAL - 2022-12-20 14:33:23 --> Undefined array key "nama_pegawai"
in APPPATH\Views\kinerja_harian\v_kinerja_harian.php on line 252.
 1 APPPATH\Views\kinerja_harian\v_kinerja_harian.php(252): CodeIgniter\Debug\Exceptions->errorHandler()
 2 SYSTEMPATH\View\View.php(213): include('APPPATH\\Views\\kinerja_harian\\v_kinerja_harian.php')
 3 SYSTEMPATH\View\View.php(216): CodeIgniter\View\View->CodeIgniter\View\{closure}()
 4 SYSTEMPATH\Common.php(1134): CodeIgniter\View\View->render()
 5 APPPATH\Controllers\C_Kinerja_harian.php(13): view()
 6 SYSTEMPATH\CodeIgniter.php(927): App\Controllers\C_Kinerja_harian->index()
 7 SYSTEMPATH\CodeIgniter.php(482): CodeIgniter\CodeIgniter->runController()
 8 SYSTEMPATH\CodeIgniter.php(351): CodeIgniter\CodeIgniter->handleRequest()
 9 FCPATH\index.php(67): CodeIgniter\CodeIgniter->run()
10 SYSTEMPATH\Commands\Server\rewrite.php(46): require_once('FCPATH\\index.php')
CRITICAL - 2022-12-20 15:05:56 --> Undefined array key "nama_pegawai"
in APPPATH\Views\kinerja_harian\v_kinerja_harian.php on line 252.
 1 APPPATH\Views\kinerja_harian\v_kinerja_harian.php(252): CodeIgniter\Debug\Exceptions->errorHandler()
 2 SYSTEMPATH\View\View.php(213): include('APPPATH\\Views\\kinerja_harian\\v_kinerja_harian.php')
 3 SYSTEMPATH\View\View.php(216): CodeIgniter\View\View->CodeIgniter\View\{closure}()
 4 SYSTEMPATH\Common.php(1134): CodeIgniter\View\View->render()
 5 APPPATH\Controllers\C_Kinerja_harian.php(13): view()
 6 SYSTEMPATH\CodeIgniter.php(927): App\Controllers\C_Kinerja_harian->index()
 7 SYSTEMPATH\CodeIgniter.php(482): CodeIgniter\CodeIgniter->runController()
 8 SYSTEMPATH\CodeIgniter.php(351): CodeIgniter\CodeIgniter->handleRequest()
 9 FCPATH\index.php(67): CodeIgniter\CodeIgniter->run()
10 SYSTEMPATH\Commands\Server\rewrite.php(46): require_once('FCPATH\\index.php')
CRITICAL - 2022-12-20 15:05:57 --> Undefined array key "nama_pegawai"
in APPPATH\Views\kinerja_harian\v_kinerja_harian.php on line 252.
 1 APPPATH\Views\kinerja_harian\v_kinerja_harian.php(252): CodeIgniter\Debug\Exceptions->errorHandler()
 2 SYSTEMPATH\View\View.php(213): include('APPPATH\\Views\\kinerja_harian\\v_kinerja_harian.php')
 3 SYSTEMPATH\View\View.php(216): CodeIgniter\View\View->CodeIgniter\View\{closure}()
 4 SYSTEMPATH\Common.php(1134): CodeIgniter\View\View->render()
 5 APPPATH\Controllers\C_Kinerja_harian.php(13): view()
 6 SYSTEMPATH\CodeIgniter.php(927): App\Controllers\C_Kinerja_harian->index()
 7 SYSTEMPATH\CodeIgniter.php(482): CodeIgniter\CodeIgniter->runController()
 8 SYSTEMPATH\CodeIgniter.php(351): CodeIgniter\CodeIgniter->handleRequest()
 9 FCPATH\index.php(67): CodeIgniter\CodeIgniter->run()
10 SYSTEMPATH\Commands\Server\rewrite.php(46): require_once('FCPATH\\index.php')
CRITICAL - 2022-12-20 15:05:58 --> Undefined array key "nama_pegawai"
in APPPATH\Views\kinerja_harian\v_kinerja_harian.php on line 252.
 1 APPPATH\Views\kinerja_harian\v_kinerja_harian.php(252): CodeIgniter\Debug\Exceptions->errorHandler()
 2 SYSTEMPATH\View\View.php(213): include('APPPATH\\Views\\kinerja_harian\\v_kinerja_harian.php')
 3 SYSTEMPATH\View\View.php(216): CodeIgniter\View\View->CodeIgniter\View\{closure}()
 4 SYSTEMPATH\Common.php(1134): CodeIgniter\View\View->render()
 5 APPPATH\Controllers\C_Kinerja_harian.php(13): view()
 6 SYSTEMPATH\CodeIgniter.php(927): App\Controllers\C_Kinerja_harian->index()
 7 SYSTEMPATH\CodeIgniter.php(482): CodeIgniter\CodeIgniter->runController()
 8 SYSTEMPATH\CodeIgniter.php(351): CodeIgniter\CodeIgniter->handleRequest()
 9 FCPATH\index.php(67): CodeIgniter\CodeIgniter->run()
10 SYSTEMPATH\Commands\Server\rewrite.php(46): require_once('FCPATH\\index.php')
CRITICAL - 2022-12-20 15:05:58 --> Undefined array key "nama_pegawai"
in APPPATH\Views\kinerja_harian\v_kinerja_harian.php on line 252.
 1 APPPATH\Views\kinerja_harian\v_kinerja_harian.php(252): CodeIgniter\Debug\Exceptions->errorHandler()
 2 SYSTEMPATH\View\View.php(213): include('APPPATH\\Views\\kinerja_harian\\v_kinerja_harian.php')
 3 SYSTEMPATH\View\View.php(216): CodeIgniter\View\View->CodeIgniter\View\{closure}()
 4 SYSTEMPATH\Common.php(1134): CodeIgniter\View\View->render()
 5 APPPATH\Controllers\C_Kinerja_harian.php(13): view()
 6 SYSTEMPATH\CodeIgniter.php(927): App\Controllers\C_Kinerja_harian->index()
 7 SYSTEMPATH\CodeIgniter.php(482): CodeIgniter\CodeIgniter->runController()
 8 SYSTEMPATH\CodeIgniter.php(351): CodeIgniter\CodeIgniter->handleRequest()
 9 FCPATH\index.php(67): CodeIgniter\CodeIgniter->run()
10 SYSTEMPATH\Commands\Server\rewrite.php(46): require_once('FCPATH\\index.php')
CRITICAL - 2022-12-20 15:05:58 --> Undefined array key "nama_pegawai"
in APPPATH\Views\kinerja_harian\v_kinerja_harian.php on line 252.
 1 APPPATH\Views\kinerja_harian\v_kinerja_harian.php(252): CodeIgniter\Debug\Exceptions->errorHandler()
 2 SYSTEMPATH\View\View.php(213): include('APPPATH\\Views\\kinerja_harian\\v_kinerja_harian.php')
 3 SYSTEMPATH\View\View.php(216): CodeIgniter\View\View->CodeIgniter\View\{closure}()
 4 SYSTEMPATH\Common.php(1134): CodeIgniter\View\View->render()
 5 APPPATH\Controllers\C_Kinerja_harian.php(13): view()
 6 SYSTEMPATH\CodeIgniter.php(927): App\Controllers\C_Kinerja_harian->index()
 7 SYSTEMPATH\CodeIgniter.php(482): CodeIgniter\CodeIgniter->runController()
 8 SYSTEMPATH\CodeIgniter.php(351): CodeIgniter\CodeIgniter->handleRequest()
 9 FCPATH\index.php(67): CodeIgniter\CodeIgniter->run()
10 SYSTEMPATH\Commands\Server\rewrite.php(46): require_once('FCPATH\\index.php')
CRITICAL - 2022-12-20 15:05:59 --> Undefined array key "nama_pegawai"
in APPPATH\Views\kinerja_harian\v_kinerja_harian.php on line 252.
 1 APPPATH\Views\kinerja_harian\v_kinerja_harian.php(252): CodeIgniter\Debug\Exceptions->errorHandler()
 2 SYSTEMPATH\View\View.php(213): include('APPPATH\\Views\\kinerja_harian\\v_kinerja_harian.php')
 3 SYSTEMPATH\View\View.php(216): CodeIgniter\View\View->CodeIgniter\View\{closure}()
 4 SYSTEMPATH\Common.php(1134): CodeIgniter\View\View->render()
 5 APPPATH\Controllers\C_Kinerja_harian.php(13): view()
 6 SYSTEMPATH\CodeIgniter.php(927): App\Controllers\C_Kinerja_harian->index()
 7 SYSTEMPATH\CodeIgniter.php(482): CodeIgniter\CodeIgniter->runController()
 8 SYSTEMPATH\CodeIgniter.php(351): CodeIgniter\CodeIgniter->handleRequest()
 9 FCPATH\index.php(67): CodeIgniter\CodeIgniter->run()
10 SYSTEMPATH\Commands\Server\rewrite.php(46): require_once('FCPATH\\index.php')
CRITICAL - 2022-12-20 15:05:59 --> Undefined array key "nama_pegawai"
in APPPATH\Views\kinerja_harian\v_kinerja_harian.php on line 252.
 1 APPPATH\Views\kinerja_harian\v_kinerja_harian.php(252): CodeIgniter\Debug\Exceptions->errorHandler()
 2 SYSTEMPATH\View\View.php(213): include('APPPATH\\Views\\kinerja_harian\\v_kinerja_harian.php')
 3 SYSTEMPATH\View\View.php(216): CodeIgniter\View\View->CodeIgniter\View\{closure}()
 4 SYSTEMPATH\Common.php(1134): CodeIgniter\View\View->render()
 5 APPPATH\Controllers\C_Kinerja_harian.php(13): view()
 6 SYSTEMPATH\CodeIgniter.php(927): App\Controllers\C_Kinerja_harian->index()
 7 SYSTEMPATH\CodeIgniter.php(482): CodeIgniter\CodeIgniter->runController()
 8 SYSTEMPATH\CodeIgniter.php(351): CodeIgniter\CodeIgniter->handleRequest()
 9 FCPATH\index.php(67): CodeIgniter\CodeIgniter->run()
10 SYSTEMPATH\Commands\Server\rewrite.php(46): require_once('FCPATH\\index.php')
CRITICAL - 2022-12-20 15:05:59 --> Undefined array key "nama_pegawai"
in APPPATH\Views\kinerja_harian\v_kinerja_harian.php on line 252.
 1 APPPATH\Views\kinerja_harian\v_kinerja_harian.php(252): CodeIgniter\Debug\Exceptions->errorHandler()
 2 SYSTEMPATH\View\View.php(213): include('APPPATH\\Views\\kinerja_harian\\v_kinerja_harian.php')
 3 SYSTEMPATH\View\View.php(216): CodeIgniter\View\View->CodeIgniter\View\{closure}()
 4 SYSTEMPATH\Common.php(1134): CodeIgniter\View\View->render()
 5 APPPATH\Controllers\C_Kinerja_harian.php(13): view()
 6 SYSTEMPATH\CodeIgniter.php(927): App\Controllers\C_Kinerja_harian->index()
 7 SYSTEMPATH\CodeIgniter.php(482): CodeIgniter\CodeIgniter->runController()
 8 SYSTEMPATH\CodeIgniter.php(351): CodeIgniter\CodeIgniter->handleRequest()
 9 FCPATH\index.php(67): CodeIgniter\CodeIgniter->run()
10 SYSTEMPATH\Commands\Server\rewrite.php(46): require_once('FCPATH\\index.php')
CRITICAL - 2022-12-20 15:05:59 --> Undefined array key "nama_pegawai"
in APPPATH\Views\kinerja_harian\v_kinerja_harian.php on line 252.
 1 APPPATH\Views\kinerja_harian\v_kinerja_harian.php(252): CodeIgniter\Debug\Exceptions->errorHandler()
 2 SYSTEMPATH\View\View.php(213): include('APPPATH\\Views\\kinerja_harian\\v_kinerja_harian.php')
 3 SYSTEMPATH\View\View.php(216): CodeIgniter\View\View->CodeIgniter\View\{closure}()
 4 SYSTEMPATH\Common.php(1134): CodeIgniter\View\View->render()
 5 APPPATH\Controllers\C_Kinerja_harian.php(13): view()
 6 SYSTEMPATH\CodeIgniter.php(927): App\Controllers\C_Kinerja_harian->index()
 7 SYSTEMPATH\CodeIgniter.php(482): CodeIgniter\CodeIgniter->runController()
 8 SYSTEMPATH\CodeIgniter.php(351): CodeIgniter\CodeIgniter->handleRequest()
 9 FCPATH\index.php(67): CodeIgniter\CodeIgniter->run()
10 SYSTEMPATH\Commands\Server\rewrite.php(46): require_once('FCPATH\\index.php')
CRITICAL - 2022-12-20 15:06:00 --> Undefined array key "nama_pegawai"
in APPPATH\Views\kinerja_harian\v_kinerja_harian.php on line 252.
 1 APPPATH\Views\kinerja_harian\v_kinerja_harian.php(252): CodeIgniter\Debug\Exceptions->errorHandler()
 2 SYSTEMPATH\View\View.php(213): include('APPPATH\\Views\\kinerja_harian\\v_kinerja_harian.php')
 3 SYSTEMPATH\View\View.php(216): CodeIgniter\View\View->CodeIgniter\View\{closure}()
 4 SYSTEMPATH\Common.php(1134): CodeIgniter\View\View->render()
 5 APPPATH\Controllers\C_Kinerja_harian.php(13): view()
 6 SYSTEMPATH\CodeIgniter.php(927): App\Controllers\C_Kinerja_harian->index()
 7 SYSTEMPATH\CodeIgniter.php(482): CodeIgniter\CodeIgniter->runController()
 8 SYSTEMPATH\CodeIgniter.php(351): CodeIgniter\CodeIgniter->handleRequest()
 9 FCPATH\index.php(67): CodeIgniter\CodeIgniter->run()
10 SYSTEMPATH\Commands\Server\rewrite.php(46): require_once('FCPATH\\index.php')
CRITICAL - 2022-12-20 15:06:00 --> Undefined array key "nama_pegawai"
in APPPATH\Views\kinerja_harian\v_kinerja_harian.php on line 252.
 1 APPPATH\Views\kinerja_harian\v_kinerja_harian.php(252): CodeIgniter\Debug\Exceptions->errorHandler()
 2 SYSTEMPATH\View\View.php(213): include('APPPATH\\Views\\kinerja_harian\\v_kinerja_harian.php')
 3 SYSTEMPATH\View\View.php(216): CodeIgniter\View\View->CodeIgniter\View\{closure}()
 4 SYSTEMPATH\Common.php(1134): CodeIgniter\View\View->render()
 5 APPPATH\Controllers\C_Kinerja_harian.php(13): view()
 6 SYSTEMPATH\CodeIgniter.php(927): App\Controllers\C_Kinerja_harian->index()
 7 SYSTEMPATH\CodeIgniter.php(482): CodeIgniter\CodeIgniter->runController()
 8 SYSTEMPATH\CodeIgniter.php(351): CodeIgniter\CodeIgniter->handleRequest()
 9 FCPATH\index.php(67): CodeIgniter\CodeIgniter->run()
10 SYSTEMPATH\Commands\Server\rewrite.php(46): require_once('FCPATH\\index.php')
CRITICAL - 2022-12-20 15:06:00 --> Undefined array key "nama_pegawai"
in APPPATH\Views\kinerja_harian\v_kinerja_harian.php on line 252.
 1 APPPATH\Views\kinerja_harian\v_kinerja_harian.php(252): CodeIgniter\Debug\Exceptions->errorHandler()
 2 SYSTEMPATH\View\View.php(213): include('APPPATH\\Views\\kinerja_harian\\v_kinerja_harian.php')
 3 SYSTEMPATH\View\View.php(216): CodeIgniter\View\View->CodeIgniter\View\{closure}()
 4 SYSTEMPATH\Common.php(1134): CodeIgniter\View\View->render()
 5 APPPATH\Controllers\C_Kinerja_harian.php(13): view()
 6 SYSTEMPATH\CodeIgniter.php(927): App\Controllers\C_Kinerja_harian->index()
 7 SYSTEMPATH\CodeIgniter.php(482): CodeIgniter\CodeIgniter->runController()
 8 SYSTEMPATH\CodeIgniter.php(351): CodeIgniter\CodeIgniter->handleRequest()
 9 FCPATH\index.php(67): CodeIgniter\CodeIgniter->run()
10 SYSTEMPATH\Commands\Server\rewrite.php(46): require_once('FCPATH\\index.php')
CRITICAL - 2022-12-20 15:06:00 --> Undefined array key "nama_pegawai"
in APPPATH\Views\kinerja_harian\v_kinerja_harian.php on line 252.
 1 APPPATH\Views\kinerja_harian\v_kinerja_harian.php(252): CodeIgniter\Debug\Exceptions->errorHandler()
 2 SYSTEMPATH\View\View.php(213): include('APPPATH\\Views\\kinerja_harian\\v_kinerja_harian.php')
 3 SYSTEMPATH\View\View.php(216): CodeIgniter\View\View->CodeIgniter\View\{closure}()
 4 SYSTEMPATH\Common.php(1134): CodeIgniter\View\View->render()
 5 APPPATH\Controllers\C_Kinerja_harian.php(13): view()
 6 SYSTEMPATH\CodeIgniter.php(927): App\Controllers\C_Kinerja_harian->index()
 7 SYSTEMPATH\CodeIgniter.php(482): CodeIgniter\CodeIgniter->runController()
 8 SYSTEMPATH\CodeIgniter.php(351): CodeIgniter\CodeIgniter->handleRequest()
 9 FCPATH\index.php(67): CodeIgniter\CodeIgniter->run()
10 SYSTEMPATH\Commands\Server\rewrite.php(46): require_once('FCPATH\\index.php')
CRITICAL - 2022-12-20 15:06:01 --> Undefined array key "nama_pegawai"
in APPPATH\Views\kinerja_harian\v_kinerja_harian.php on line 252.
 1 APPPATH\Views\kinerja_harian\v_kinerja_harian.php(252): CodeIgniter\Debug\Exceptions->errorHandler()
 2 SYSTEMPATH\View\View.php(213): include('APPPATH\\Views\\kinerja_harian\\v_kinerja_harian.php')
 3 SYSTEMPATH\View\View.php(216): CodeIgniter\View\View->CodeIgniter\View\{closure}()
 4 SYSTEMPATH\Common.php(1134): CodeIgniter\View\View->render()
 5 APPPATH\Controllers\C_Kinerja_harian.php(13): view()
 6 SYSTEMPATH\CodeIgniter.php(927): App\Controllers\C_Kinerja_harian->index()
 7 SYSTEMPATH\CodeIgniter.php(482): CodeIgniter\CodeIgniter->runController()
 8 SYSTEMPATH\CodeIgniter.php(351): CodeIgniter\CodeIgniter->handleRequest()
 9 FCPATH\index.php(67): CodeIgniter\CodeIgniter->run()
10 SYSTEMPATH\Commands\Server\rewrite.php(46): require_once('FCPATH\\index.php')
CRITICAL - 2022-12-20 15:19:13 --> Undefined array key "nama_pegawai"
in APPPATH\Views\kinerja_harian\v_kinerja_harian.php on line 252.
 1 APPPATH\Views\kinerja_harian\v_kinerja_harian.php(252): CodeIgniter\Debug\Exceptions->errorHandler()
 2 SYSTEMPATH\View\View.php(213): include('APPPATH\\Views\\kinerja_harian\\v_kinerja_harian.php')
 3 SYSTEMPATH\View\View.php(216): CodeIgniter\View\View->CodeIgniter\View\{closure}()
 4 SYSTEMPATH\Common.php(1134): CodeIgniter\View\View->render()
 5 APPPATH\Controllers\C_Kinerja_harian.php(13): view()
 6 SYSTEMPATH\CodeIgniter.php(927): App\Controllers\C_Kinerja_harian->index()
 7 SYSTEMPATH\CodeIgniter.php(482): CodeIgniter\CodeIgniter->runController()
 8 SYSTEMPATH\CodeIgniter.php(351): CodeIgniter\CodeIgniter->handleRequest()
 9 FCPATH\index.php(67): CodeIgniter\CodeIgniter->run()
10 SYSTEMPATH\Commands\Server\rewrite.php(46): require_once('FCPATH\\index.php')
CRITICAL - 2022-12-20 15:19:14 --> Undefined array key "nama_pegawai"
in APPPATH\Views\kinerja_harian\v_kinerja_harian.php on line 252.
 1 APPPATH\Views\kinerja_harian\v_kinerja_harian.php(252): CodeIgniter\Debug\Exceptions->errorHandler()
 2 SYSTEMPATH\View\View.php(213): include('APPPATH\\Views\\kinerja_harian\\v_kinerja_harian.php')
 3 SYSTEMPATH\View\View.php(216): CodeIgniter\View\View->CodeIgniter\View\{closure}()
 4 SYSTEMPATH\Common.php(1134): CodeIgniter\View\View->render()
 5 APPPATH\Controllers\C_Kinerja_harian.php(13): view()
 6 SYSTEMPATH\CodeIgniter.php(927): App\Controllers\C_Kinerja_harian->index()
 7 SYSTEMPATH\CodeIgniter.php(482): CodeIgniter\CodeIgniter->runController()
 8 SYSTEMPATH\CodeIgniter.php(351): CodeIgniter\CodeIgniter->handleRequest()
 9 FCPATH\index.php(67): CodeIgniter\CodeIgniter->run()
10 SYSTEMPATH\Commands\Server\rewrite.php(46): require_once('FCPATH\\index.php')
CRITICAL - 2022-12-20 15:19:15 --> Undefined array key "nama_pegawai"
in APPPATH\Views\kinerja_harian\v_kinerja_harian.php on line 252.
 1 APPPATH\Views\kinerja_harian\v_kinerja_harian.php(252): CodeIgniter\Debug\Exceptions->errorHandler()
 2 SYSTEMPATH\View\View.php(213): include('APPPATH\\Views\\kinerja_harian\\v_kinerja_harian.php')
 3 SYSTEMPATH\View\View.php(216): CodeIgniter\View\View->CodeIgniter\View\{closure}()
 4 SYSTEMPATH\Common.php(1134): CodeIgniter\View\View->render()
 5 APPPATH\Controllers\C_Kinerja_harian.php(13): view()
 6 SYSTEMPATH\CodeIgniter.php(927): App\Controllers\C_Kinerja_harian->index()
 7 SYSTEMPATH\CodeIgniter.php(482): CodeIgniter\CodeIgniter->runController()
 8 SYSTEMPATH\CodeIgniter.php(351): CodeIgniter\CodeIgniter->handleRequest()
 9 FCPATH\index.php(67): CodeIgniter\CodeIgniter->run()
10 SYSTEMPATH\Commands\Server\rewrite.php(46): require_once('FCPATH\\index.php')
CRITICAL - 2022-12-20 15:19:15 --> Undefined array key "nama_pegawai"
in APPPATH\Views\kinerja_harian\v_kinerja_harian.php on line 252.
 1 APPPATH\Views\kinerja_harian\v_kinerja_harian.php(252): CodeIgniter\Debug\Exceptions->errorHandler()
 2 SYSTEMPATH\View\View.php(213): include('APPPATH\\Views\\kinerja_harian\\v_kinerja_harian.php')
 3 SYSTEMPATH\View\View.php(216): CodeIgniter\View\View->CodeIgniter\View\{closure}()
 4 SYSTEMPATH\Common.php(1134): CodeIgniter\View\View->render()
 5 APPPATH\Controllers\C_Kinerja_harian.php(13): view()
 6 SYSTEMPATH\CodeIgniter.php(927): App\Controllers\C_Kinerja_harian->index()
 7 SYSTEMPATH\CodeIgniter.php(482): CodeIgniter\CodeIgniter->runController()
 8 SYSTEMPATH\CodeIgniter.php(351): CodeIgniter\CodeIgniter->handleRequest()
 9 FCPATH\index.php(67): CodeIgniter\CodeIgniter->run()
10 SYSTEMPATH\Commands\Server\rewrite.php(46): require_once('FCPATH\\index.php')
CRITICAL - 2022-12-20 15:20:03 --> Undefined array key "nama_pegawai"
in APPPATH\Views\kinerja_harian\v_kinerja_harian.php on line 252.
 1 APPPATH\Views\kinerja_harian\v_kinerja_harian.php(252): CodeIgniter\Debug\Exceptions->errorHandler()
 2 SYSTEMPATH\View\View.php(213): include('APPPATH\\Views\\kinerja_harian\\v_kinerja_harian.php')
 3 SYSTEMPATH\View\View.php(216): CodeIgniter\View\View->CodeIgniter\View\{closure}()
 4 SYSTEMPATH\Common.php(1134): CodeIgniter\View\View->render()
 5 APPPATH\Controllers\C_Kinerja_harian.php(13): view()
 6 SYSTEMPATH\CodeIgniter.php(927): App\Controllers\C_Kinerja_harian->index()
 7 SYSTEMPATH\CodeIgniter.php(482): CodeIgniter\CodeIgniter->runController()
 8 SYSTEMPATH\CodeIgniter.php(351): CodeIgniter\CodeIgniter->handleRequest()
 9 FCPATH\index.php(67): CodeIgniter\CodeIgniter->run()
10 SYSTEMPATH\Commands\Server\rewrite.php(46): require_once('FCPATH\\index.php')
CRITICAL - 2022-12-20 15:32:28 --> Cannot use object of type stdClass as array
in APPPATH\Views\kinerja_harian\v_kinerja_harian.php on line 252.
 1 SYSTEMPATH\View\View.php(213): include()
 2 SYSTEMPATH\View\View.php(216): CodeIgniter\View\View->CodeIgniter\View\{closure}()
 3 SYSTEMPATH\Common.php(1134): CodeIgniter\View\View->render()
 4 APPPATH\Controllers\C_Kinerja_harian.php(13): view()
 5 SYSTEMPATH\CodeIgniter.php(927): App\Controllers\C_Kinerja_harian->index()
 6 SYSTEMPATH\CodeIgniter.php(482): CodeIgniter\CodeIgniter->runController()
 7 SYSTEMPATH\CodeIgniter.php(351): CodeIgniter\CodeIgniter->handleRequest()
 8 FCPATH\index.php(67): CodeIgniter\CodeIgniter->run()
 9 SYSTEMPATH\Commands\Server\rewrite.php(46): require_once('FCPATH\\index.php')
CRITICAL - 2022-12-20 15:32:30 --> Cannot use object of type stdClass as array
in APPPATH\Views\kinerja_harian\v_kinerja_harian.php on line 252.
 1 SYSTEMPATH\View\View.php(213): include()
 2 SYSTEMPATH\View\View.php(216): CodeIgniter\View\View->CodeIgniter\View\{closure}()
 3 SYSTEMPATH\Common.php(1134): CodeIgniter\View\View->render()
 4 APPPATH\Controllers\C_Kinerja_harian.php(13): view()
 5 SYSTEMPATH\CodeIgniter.php(927): App\Controllers\C_Kinerja_harian->index()
 6 SYSTEMPATH\CodeIgniter.php(482): CodeIgniter\CodeIgniter->runController()
 7 SYSTEMPATH\CodeIgniter.php(351): CodeIgniter\CodeIgniter->handleRequest()
 8 FCPATH\index.php(67): CodeIgniter\CodeIgniter->run()
 9 SYSTEMPATH\Commands\Server\rewrite.php(46): require_once('FCPATH\\index.php')
CRITICAL - 2022-12-20 15:32:30 --> Cannot use object of type stdClass as array
in APPPATH\Views\kinerja_harian\v_kinerja_harian.php on line 252.
 1 SYSTEMPATH\View\View.php(213): include()
 2 SYSTEMPATH\View\View.php(216): CodeIgniter\View\View->CodeIgniter\View\{closure}()
 3 SYSTEMPATH\Common.php(1134): CodeIgniter\View\View->render()
 4 APPPATH\Controllers\C_Kinerja_harian.php(13): view()
 5 SYSTEMPATH\CodeIgniter.php(927): App\Controllers\C_Kinerja_harian->index()
 6 SYSTEMPATH\CodeIgniter.php(482): CodeIgniter\CodeIgniter->runController()
 7 SYSTEMPATH\CodeIgniter.php(351): CodeIgniter\CodeIgniter->handleRequest()
 8 FCPATH\index.php(67): CodeIgniter\CodeIgniter->run()
 9 SYSTEMPATH\Commands\Server\rewrite.php(46): require_once('FCPATH\\index.php')
CRITICAL - 2022-12-20 15:32:31 --> Cannot use object of type stdClass as array
in APPPATH\Views\kinerja_harian\v_kinerja_harian.php on line 252.
 1 SYSTEMPATH\View\View.php(213): include()
 2 SYSTEMPATH\View\View.php(216): CodeIgniter\View\View->CodeIgniter\View\{closure}()
 3 SYSTEMPATH\Common.php(1134): CodeIgniter\View\View->render()
 4 APPPATH\Controllers\C_Kinerja_harian.php(13): view()
 5 SYSTEMPATH\CodeIgniter.php(927): App\Controllers\C_Kinerja_harian->index()
 6 SYSTEMPATH\CodeIgniter.php(482): CodeIgniter\CodeIgniter->runController()
 7 SYSTEMPATH\CodeIgniter.php(351): CodeIgniter\CodeIgniter->handleRequest()
 8 FCPATH\index.php(67): CodeIgniter\CodeIgniter->run()
 9 SYSTEMPATH\Commands\Server\rewrite.php(46): require_once('FCPATH\\index.php')
CRITICAL - 2022-12-20 15:32:31 --> Cannot use object of type stdClass as array
in APPPATH\Views\kinerja_harian\v_kinerja_harian.php on line 252.
 1 SYSTEMPATH\View\View.php(213): include()
 2 SYSTEMPATH\View\View.php(216): CodeIgniter\View\View->CodeIgniter\View\{closure}()
 3 SYSTEMPATH\Common.php(1134): CodeIgniter\View\View->render()
 4 APPPATH\Controllers\C_Kinerja_harian.php(13): view()
 5 SYSTEMPATH\CodeIgniter.php(927): App\Controllers\C_Kinerja_harian->index()
 6 SYSTEMPATH\CodeIgniter.php(482): CodeIgniter\CodeIgniter->runController()
 7 SYSTEMPATH\CodeIgniter.php(351): CodeIgniter\CodeIgniter->handleRequest()
 8 FCPATH\index.php(67): CodeIgniter\CodeIgniter->run()
 9 SYSTEMPATH\Commands\Server\rewrite.php(46): require_once('FCPATH\\index.php')
CRITICAL - 2022-12-20 15:32:31 --> Cannot use object of type stdClass as array
in APPPATH\Views\kinerja_harian\v_kinerja_harian.php on line 252.
 1 SYSTEMPATH\View\View.php(213): include()
 2 SYSTEMPATH\View\View.php(216): CodeIgniter\View\View->CodeIgniter\View\{closure}()
 3 SYSTEMPATH\Common.php(1134): CodeIgniter\View\View->render()
 4 APPPATH\Controllers\C_Kinerja_harian.php(13): view()
 5 SYSTEMPATH\CodeIgniter.php(927): App\Controllers\C_Kinerja_harian->index()
 6 SYSTEMPATH\CodeIgniter.php(482): CodeIgniter\CodeIgniter->runController()
 7 SYSTEMPATH\CodeIgniter.php(351): CodeIgniter\CodeIgniter->handleRequest()
 8 FCPATH\index.php(67): CodeIgniter\CodeIgniter->run()
 9 SYSTEMPATH\Commands\Server\rewrite.php(46): require_once('FCPATH\\index.php')
CRITICAL - 2022-12-20 15:33:06 --> Call to undefined method CodeIgniter\Database\MySQLi\Builder::getResultArray()
in APPPATH\Models\M_kinerja_harian.php on line 19.
 1 APPPATH\Controllers\C_Kinerja_harian.php(12): App\Models\M_kinerja_harian->getAll()
 2 SYSTEMPATH\CodeIgniter.php(927): App\Controllers\C_Kinerja_harian->index()
 3 SYSTEMPATH\CodeIgniter.php(482): CodeIgniter\CodeIgniter->runController()
 4 SYSTEMPATH\CodeIgniter.php(351): CodeIgniter\CodeIgniter->handleRequest()
 5 FCPATH\index.php(67): CodeIgniter\CodeIgniter->run()
 6 SYSTEMPATH\Commands\Server\rewrite.php(46): require_once('FCPATH\\index.php')
CRITICAL - 2022-12-20 15:33:19 --> Cannot use object of type stdClass as array
in APPPATH\Views\kinerja_harian\v_kinerja_harian.php on line 252.
 1 SYSTEMPATH\View\View.php(213): include()
 2 SYSTEMPATH\View\View.php(216): CodeIgniter\View\View->CodeIgniter\View\{closure}()
 3 SYSTEMPATH\Common.php(1134): CodeIgniter\View\View->render()
 4 APPPATH\Controllers\C_Kinerja_harian.php(13): view()
 5 SYSTEMPATH\CodeIgniter.php(927): App\Controllers\C_Kinerja_harian->index()
 6 SYSTEMPATH\CodeIgniter.php(482): CodeIgniter\CodeIgniter->runController()
 7 SYSTEMPATH\CodeIgniter.php(351): CodeIgniter\CodeIgniter->handleRequest()
 8 FCPATH\index.php(67): CodeIgniter\CodeIgniter->run()
 9 SYSTEMPATH\Commands\Server\rewrite.php(46): require_once('FCPATH\\index.php')
CRITICAL - 2022-12-20 15:35:20 --> Cannot use object of type stdClass as array
in APPPATH\Views\kinerja_harian\v_kinerja_harian.php on line 252.
 1 SYSTEMPATH\View\View.php(213): include()
 2 SYSTEMPATH\View\View.php(216): CodeIgniter\View\View->CodeIgniter\View\{closure}()
 3 SYSTEMPATH\Common.php(1134): CodeIgniter\View\View->render()
 4 APPPATH\Controllers\C_Kinerja_harian.php(13): view()
 5 SYSTEMPATH\CodeIgniter.php(927): App\Controllers\C_Kinerja_harian->index()
 6 SYSTEMPATH\CodeIgniter.php(482): CodeIgniter\CodeIgniter->runController()
 7 SYSTEMPATH\CodeIgniter.php(351): CodeIgniter\CodeIgniter->handleRequest()
 8 FCPATH\index.php(67): CodeIgniter\CodeIgniter->run()
 9 SYSTEMPATH\Commands\Server\rewrite.php(46): require_once('FCPATH\\index.php')
CRITICAL - 2022-12-20 15:35:21 --> Cannot use object of type stdClass as array
in APPPATH\Views\kinerja_harian\v_kinerja_harian.php on line 252.
 1 SYSTEMPATH\View\View.php(213): include()
 2 SYSTEMPATH\View\View.php(216): CodeIgniter\View\View->CodeIgniter\View\{closure}()
 3 SYSTEMPATH\Common.php(1134): CodeIgniter\View\View->render()
 4 APPPATH\Controllers\C_Kinerja_harian.php(13): view()
 5 SYSTEMPATH\CodeIgniter.php(927): App\Controllers\C_Kinerja_harian->index()
 6 SYSTEMPATH\CodeIgniter.php(482): CodeIgniter\CodeIgniter->runController()
 7 SYSTEMPATH\CodeIgniter.php(351): CodeIgniter\CodeIgniter->handleRequest()
 8 FCPATH\index.php(67): CodeIgniter\CodeIgniter->run()
 9 SYSTEMPATH\Commands\Server\rewrite.php(46): require_once('FCPATH\\index.php')
CRITICAL - 2022-12-20 15:35:21 --> Cannot use object of type stdClass as array
in APPPATH\Views\kinerja_harian\v_kinerja_harian.php on line 252.
 1 SYSTEMPATH\View\View.php(213): include()
 2 SYSTEMPATH\View\View.php(216): CodeIgniter\View\View->CodeIgniter\View\{closure}()
 3 SYSTEMPATH\Common.php(1134): CodeIgniter\View\View->render()
 4 APPPATH\Controllers\C_Kinerja_harian.php(13): view()
 5 SYSTEMPATH\CodeIgniter.php(927): App\Controllers\C_Kinerja_harian->index()
 6 SYSTEMPATH\CodeIgniter.php(482): CodeIgniter\CodeIgniter->runController()
 7 SYSTEMPATH\CodeIgniter.php(351): CodeIgniter\CodeIgniter->handleRequest()
 8 FCPATH\index.php(67): CodeIgniter\CodeIgniter->run()
 9 SYSTEMPATH\Commands\Server\rewrite.php(46): require_once('FCPATH\\index.php')
CRITICAL - 2022-12-20 15:35:21 --> Cannot use object of type stdClass as array
in APPPATH\Views\kinerja_harian\v_kinerja_harian.php on line 252.
 1 SYSTEMPATH\View\View.php(213): include()
 2 SYSTEMPATH\View\View.php(216): CodeIgniter\View\View->CodeIgniter\View\{closure}()
 3 SYSTEMPATH\Common.php(1134): CodeIgniter\View\View->render()
 4 APPPATH\Controllers\C_Kinerja_harian.php(13): view()
 5 SYSTEMPATH\CodeIgniter.php(927): App\Controllers\C_Kinerja_harian->index()
 6 SYSTEMPATH\CodeIgniter.php(482): CodeIgniter\CodeIgniter->runController()
 7 SYSTEMPATH\CodeIgniter.php(351): CodeIgniter\CodeIgniter->handleRequest()
 8 FCPATH\index.php(67): CodeIgniter\CodeIgniter->run()
 9 SYSTEMPATH\Commands\Server\rewrite.php(46): require_once('FCPATH\\index.php')
CRITICAL - 2022-12-20 15:35:22 --> Cannot use object of type stdClass as array
in APPPATH\Views\kinerja_harian\v_kinerja_harian.php on line 252.
 1 SYSTEMPATH\View\View.php(213): include()
 2 SYSTEMPATH\View\View.php(216): CodeIgniter\View\View->CodeIgniter\View\{closure}()
 3 SYSTEMPATH\Common.php(1134): CodeIgniter\View\View->render()
 4 APPPATH\Controllers\C_Kinerja_harian.php(13): view()
 5 SYSTEMPATH\CodeIgniter.php(927): App\Controllers\C_Kinerja_harian->index()
 6 SYSTEMPATH\CodeIgniter.php(482): CodeIgniter\CodeIgniter->runController()
 7 SYSTEMPATH\CodeIgniter.php(351): CodeIgniter\CodeIgniter->handleRequest()
 8 FCPATH\index.php(67): CodeIgniter\CodeIgniter->run()
 9 SYSTEMPATH\Commands\Server\rewrite.php(46): require_once('FCPATH\\index.php')
CRITICAL - 2022-12-20 15:35:22 --> Cannot use object of type stdClass as array
in APPPATH\Views\kinerja_harian\v_kinerja_harian.php on line 252.
 1 SYSTEMPATH\View\View.php(213): include()
 2 SYSTEMPATH\View\View.php(216): CodeIgniter\View\View->CodeIgniter\View\{closure}()
 3 SYSTEMPATH\Common.php(1134): CodeIgniter\View\View->render()
 4 APPPATH\Controllers\C_Kinerja_harian.php(13): view()
 5 SYSTEMPATH\CodeIgniter.php(927): App\Controllers\C_Kinerja_harian->index()
 6 SYSTEMPATH\CodeIgniter.php(482): CodeIgniter\CodeIgniter->runController()
 7 SYSTEMPATH\CodeIgniter.php(351): CodeIgniter\CodeIgniter->handleRequest()
 8 FCPATH\index.php(67): CodeIgniter\CodeIgniter->run()
 9 SYSTEMPATH\Commands\Server\rewrite.php(46): require_once('FCPATH\\index.php')
CRITICAL - 2022-12-20 15:35:22 --> Cannot use object of type stdClass as array
in APPPATH\Views\kinerja_harian\v_kinerja_harian.php on line 252.
 1 SYSTEMPATH\View\View.php(213): include()
 2 SYSTEMPATH\View\View.php(216): CodeIgniter\View\View->CodeIgniter\View\{closure}()
 3 SYSTEMPATH\Common.php(1134): CodeIgniter\View\View->render()
 4 APPPATH\Controllers\C_Kinerja_harian.php(13): view()
 5 SYSTEMPATH\CodeIgniter.php(927): App\Controllers\C_Kinerja_harian->index()
 6 SYSTEMPATH\CodeIgniter.php(482): CodeIgniter\CodeIgniter->runController()
 7 SYSTEMPATH\CodeIgniter.php(351): CodeIgniter\CodeIgniter->handleRequest()
 8 FCPATH\index.php(67): CodeIgniter\CodeIgniter->run()
 9 SYSTEMPATH\Commands\Server\rewrite.php(46): require_once('FCPATH\\index.php')
CRITICAL - 2022-12-20 15:35:22 --> Cannot use object of type stdClass as array
in APPPATH\Views\kinerja_harian\v_kinerja_harian.php on line 252.
 1 SYSTEMPATH\View\View.php(213): include()
 2 SYSTEMPATH\View\View.php(216): CodeIgniter\View\View->CodeIgniter\View\{closure}()
 3 SYSTEMPATH\Common.php(1134): CodeIgniter\View\View->render()
 4 APPPATH\Controllers\C_Kinerja_harian.php(13): view()
 5 SYSTEMPATH\CodeIgniter.php(927): App\Controllers\C_Kinerja_harian->index()
 6 SYSTEMPATH\CodeIgniter.php(482): CodeIgniter\CodeIgniter->runController()
 7 SYSTEMPATH\CodeIgniter.php(351): CodeIgniter\CodeIgniter->handleRequest()
 8 FCPATH\index.php(67): CodeIgniter\CodeIgniter->run()
 9 SYSTEMPATH\Commands\Server\rewrite.php(46): require_once('FCPATH\\index.php')
CRITICAL - 2022-12-20 15:35:22 --> Cannot use object of type stdClass as array
in APPPATH\Views\kinerja_harian\v_kinerja_harian.php on line 252.
 1 SYSTEMPATH\View\View.php(213): include()
 2 SYSTEMPATH\View\View.php(216): CodeIgniter\View\View->CodeIgniter\View\{closure}()
 3 SYSTEMPATH\Common.php(1134): CodeIgniter\View\View->render()
 4 APPPATH\Controllers\C_Kinerja_harian.php(13): view()
 5 SYSTEMPATH\CodeIgniter.php(927): App\Controllers\C_Kinerja_harian->index()
 6 SYSTEMPATH\CodeIgniter.php(482): CodeIgniter\CodeIgniter->runController()
 7 SYSTEMPATH\CodeIgniter.php(351): CodeIgniter\CodeIgniter->handleRequest()
 8 FCPATH\index.php(67): CodeIgniter\CodeIgniter->run()
 9 SYSTEMPATH\Commands\Server\rewrite.php(46): require_once('FCPATH\\index.php')
CRITICAL - 2022-12-20 15:35:22 --> Cannot use object of type stdClass as array
in APPPATH\Views\kinerja_harian\v_kinerja_harian.php on line 252.
 1 SYSTEMPATH\View\View.php(213): include()
 2 SYSTEMPATH\View\View.php(216): CodeIgniter\View\View->CodeIgniter\View\{closure}()
 3 SYSTEMPATH\Common.php(1134): CodeIgniter\View\View->render()
 4 APPPATH\Controllers\C_Kinerja_harian.php(13): view()
 5 SYSTEMPATH\CodeIgniter.php(927): App\Controllers\C_Kinerja_harian->index()
 6 SYSTEMPATH\CodeIgniter.php(482): CodeIgniter\CodeIgniter->runController()
 7 SYSTEMPATH\CodeIgniter.php(351): CodeIgniter\CodeIgniter->handleRequest()
 8 FCPATH\index.php(67): CodeIgniter\CodeIgniter->run()
 9 SYSTEMPATH\Commands\Server\rewrite.php(46): require_once('FCPATH\\index.php')
CRITICAL - 2022-12-20 15:35:23 --> Cannot use object of type stdClass as array
in APPPATH\Views\kinerja_harian\v_kinerja_harian.php on line 252.
 1 SYSTEMPATH\View\View.php(213): include()
 2 SYSTEMPATH\View\View.php(216): CodeIgniter\View\View->CodeIgniter\View\{closure}()
 3 SYSTEMPATH\Common.php(1134): CodeIgniter\View\View->render()
 4 APPPATH\Controllers\C_Kinerja_harian.php(13): view()
 5 SYSTEMPATH\CodeIgniter.php(927): App\Controllers\C_Kinerja_harian->index()
 6 SYSTEMPATH\CodeIgniter.php(482): CodeIgniter\CodeIgniter->runController()
 7 SYSTEMPATH\CodeIgniter.php(351): CodeIgniter\CodeIgniter->handleRequest()
 8 FCPATH\index.php(67): CodeIgniter\CodeIgniter->run()
 9 SYSTEMPATH\Commands\Server\rewrite.php(46): require_once('FCPATH\\index.php')
CRITICAL - 2022-12-20 15:35:23 --> Cannot use object of type stdClass as array
in APPPATH\Views\kinerja_harian\v_kinerja_harian.php on line 252.
 1 SYSTEMPATH\View\View.php(213): include()
 2 SYSTEMPATH\View\View.php(216): CodeIgniter\View\View->CodeIgniter\View\{closure}()
 3 SYSTEMPATH\Common.php(1134): CodeIgniter\View\View->render()
 4 APPPATH\Controllers\C_Kinerja_harian.php(13): view()
 5 SYSTEMPATH\CodeIgniter.php(927): App\Controllers\C_Kinerja_harian->index()
 6 SYSTEMPATH\CodeIgniter.php(482): CodeIgniter\CodeIgniter->runController()
 7 SYSTEMPATH\CodeIgniter.php(351): CodeIgniter\CodeIgniter->handleRequest()
 8 FCPATH\index.php(67): CodeIgniter\CodeIgniter->run()
 9 SYSTEMPATH\Commands\Server\rewrite.php(46): require_once('FCPATH\\index.php')
CRITICAL - 2022-12-20 15:36:04 --> Cannot use object of type stdClass as array
in APPPATH\Views\kinerja_harian\v_kinerja_harian.php on line 252.
 1 SYSTEMPATH\View\View.php(213): include()
 2 SYSTEMPATH\View\View.php(216): CodeIgniter\View\View->CodeIgniter\View\{closure}()
 3 SYSTEMPATH\Common.php(1134): CodeIgniter\View\View->render()
 4 APPPATH\Controllers\C_Kinerja_harian.php(13): view()
 5 SYSTEMPATH\CodeIgniter.php(927): App\Controllers\C_Kinerja_harian->index()
 6 SYSTEMPATH\CodeIgniter.php(482): CodeIgniter\CodeIgniter->runController()
 7 SYSTEMPATH\CodeIgniter.php(351): CodeIgniter\CodeIgniter->handleRequest()
 8 FCPATH\index.php(67): CodeIgniter\CodeIgniter->run()
 9 SYSTEMPATH\Commands\Server\rewrite.php(46): require_once('FCPATH\\index.php')
CRITICAL - 2022-12-20 15:37:18 --> Cannot use object of type stdClass as array
in APPPATH\Views\kinerja_harian\v_kinerja_harian.php on line 252.
 1 SYSTEMPATH\View\View.php(213): include()
 2 SYSTEMPATH\View\View.php(216): CodeIgniter\View\View->CodeIgniter\View\{closure}()
 3 SYSTEMPATH\Common.php(1134): CodeIgniter\View\View->render()
 4 APPPATH\Controllers\C_Kinerja_harian.php(13): view()
 5 SYSTEMPATH\CodeIgniter.php(927): App\Controllers\C_Kinerja_harian->index()
 6 SYSTEMPATH\CodeIgniter.php(482): CodeIgniter\CodeIgniter->runController()
 7 SYSTEMPATH\CodeIgniter.php(351): CodeIgniter\CodeIgniter->handleRequest()
 8 FCPATH\index.php(67): CodeIgniter\CodeIgniter->run()
 9 SYSTEMPATH\Commands\Server\rewrite.php(46): require_once('FCPATH\\index.php')
CRITICAL - 2022-12-20 15:37:58 --> Undefined property: stdClass::$kerangan
in APPPATH\Views\kinerja_harian\v_kinerja_harian.php on line 257.
 1 APPPATH\Views\kinerja_harian\v_kinerja_harian.php(257): CodeIgniter\Debug\Exceptions->errorHandler()
 2 SYSTEMPATH\View\View.php(213): include('APPPATH\\Views\\kinerja_harian\\v_kinerja_harian.php')
 3 SYSTEMPATH\View\View.php(216): CodeIgniter\View\View->CodeIgniter\View\{closure}()
 4 SYSTEMPATH\Common.php(1134): CodeIgniter\View\View->render()
 5 APPPATH\Controllers\C_Kinerja_harian.php(13): view()
 6 SYSTEMPATH\CodeIgniter.php(927): App\Controllers\C_Kinerja_harian->index()
 7 SYSTEMPATH\CodeIgniter.php(482): CodeIgniter\CodeIgniter->runController()
 8 SYSTEMPATH\CodeIgniter.php(351): CodeIgniter\CodeIgniter->handleRequest()
 9 FCPATH\index.php(67): CodeIgniter\CodeIgniter->run()
10 SYSTEMPATH\Commands\Server\rewrite.php(46): require_once('FCPATH\\index.php')
CRITICAL - 2022-12-20 15:37:59 --> Undefined property: stdClass::$kerangan
in APPPATH\Views\kinerja_harian\v_kinerja_harian.php on line 257.
 1 APPPATH\Views\kinerja_harian\v_kinerja_harian.php(257): CodeIgniter\Debug\Exceptions->errorHandler()
 2 SYSTEMPATH\View\View.php(213): include('APPPATH\\Views\\kinerja_harian\\v_kinerja_harian.php')
 3 SYSTEMPATH\View\View.php(216): CodeIgniter\View\View->CodeIgniter\View\{closure}()
 4 SYSTEMPATH\Common.php(1134): CodeIgniter\View\View->render()
 5 APPPATH\Controllers\C_Kinerja_harian.php(13): view()
 6 SYSTEMPATH\CodeIgniter.php(927): App\Controllers\C_Kinerja_harian->index()
 7 SYSTEMPATH\CodeIgniter.php(482): CodeIgniter\CodeIgniter->runController()
 8 SYSTEMPATH\CodeIgniter.php(351): CodeIgniter\CodeIgniter->handleRequest()
 9 FCPATH\index.php(67): CodeIgniter\CodeIgniter->run()
10 SYSTEMPATH\Commands\Server\rewrite.php(46): require_once('FCPATH\\index.php')
CRITICAL - 2022-12-20 15:38:14 --> Undefined variable $kinerja_harian
in APPPATH\Views\kinerja_harian\v_kinerja_harian.php on line 259.
 1 APPPATH\Views\kinerja_harian\v_kinerja_harian.php(259): CodeIgniter\Debug\Exceptions->errorHandler()
 2 SYSTEMPATH\View\View.php(213): include('APPPATH\\Views\\kinerja_harian\\v_kinerja_harian.php')
 3 SYSTEMPATH\View\View.php(216): CodeIgniter\View\View->CodeIgniter\View\{closure}()
 4 SYSTEMPATH\Common.php(1134): CodeIgniter\View\View->render()
 5 APPPATH\Controllers\C_Kinerja_harian.php(13): view()
 6 SYSTEMPATH\CodeIgniter.php(927): App\Controllers\C_Kinerja_harian->index()
 7 SYSTEMPATH\CodeIgniter.php(482): CodeIgniter\CodeIgniter->runController()
 8 SYSTEMPATH\CodeIgniter.php(351): CodeIgniter\CodeIgniter->handleRequest()
 9 FCPATH\index.php(67): CodeIgniter\CodeIgniter->run()
10 SYSTEMPATH\Commands\Server\rewrite.php(46): require_once('FCPATH\\index.php')
CRITICAL - 2022-12-20 15:38:16 --> Undefined variable $kinerja_harian
in APPPATH\Views\kinerja_harian\v_kinerja_harian.php on line 259.
 1 APPPATH\Views\kinerja_harian\v_kinerja_harian.php(259): CodeIgniter\Debug\Exceptions->errorHandler()
 2 SYSTEMPATH\View\View.php(213): include('APPPATH\\Views\\kinerja_harian\\v_kinerja_harian.php')
 3 SYSTEMPATH\View\View.php(216): CodeIgniter\View\View->CodeIgniter\View\{closure}()
 4 SYSTEMPATH\Common.php(1134): CodeIgniter\View\View->render()
 5 APPPATH\Controllers\C_Kinerja_harian.php(13): view()
 6 SYSTEMPATH\CodeIgniter.php(927): App\Controllers\C_Kinerja_harian->index()
 7 SYSTEMPATH\CodeIgniter.php(482): CodeIgniter\CodeIgniter->runController()
 8 SYSTEMPATH\CodeIgniter.php(351): CodeIgniter\CodeIgniter->handleRequest()
 9 FCPATH\index.php(67): CodeIgniter\CodeIgniter->run()
10 SYSTEMPATH\Commands\Server\rewrite.php(46): require_once('FCPATH\\index.php')
CRITICAL - 2022-12-20 15:38:17 --> Undefined variable $kinerja_harian
in APPPATH\Views\kinerja_harian\v_kinerja_harian.php on line 259.
 1 APPPATH\Views\kinerja_harian\v_kinerja_harian.php(259): CodeIgniter\Debug\Exceptions->errorHandler()
 2 SYSTEMPATH\View\View.php(213): include('APPPATH\\Views\\kinerja_harian\\v_kinerja_harian.php')
 3 SYSTEMPATH\View\View.php(216): CodeIgniter\View\View->CodeIgniter\View\{closure}()
 4 SYSTEMPATH\Common.php(1134): CodeIgniter\View\View->render()
 5 APPPATH\Controllers\C_Kinerja_harian.php(13): view()
 6 SYSTEMPATH\CodeIgniter.php(927): App\Controllers\C_Kinerja_harian->index()
 7 SYSTEMPATH\CodeIgniter.php(482): CodeIgniter\CodeIgniter->runController()
 8 SYSTEMPATH\CodeIgniter.php(351): CodeIgniter\CodeIgniter->handleRequest()
 9 FCPATH\index.php(67): CodeIgniter\CodeIgniter->run()
10 SYSTEMPATH\Commands\Server\rewrite.php(46): require_once('FCPATH\\index.php')
CRITICAL - 2022-12-20 15:39:02 --> Cannot use object of type stdClass as array
in APPPATH\Views\kinerja_harian\v_kinerja_harian.php on line 259.
 1 SYSTEMPATH\View\View.php(213): include()
 2 SYSTEMPATH\View\View.php(216): CodeIgniter\View\View->CodeIgniter\View\{closure}()
 3 SYSTEMPATH\Common.php(1134): CodeIgniter\View\View->render()
 4 APPPATH\Controllers\C_Kinerja_harian.php(13): view()
 5 SYSTEMPATH\CodeIgniter.php(927): App\Controllers\C_Kinerja_harian->index()
 6 SYSTEMPATH\CodeIgniter.php(482): CodeIgniter\CodeIgniter->runController()
 7 SYSTEMPATH\CodeIgniter.php(351): CodeIgniter\CodeIgniter->handleRequest()
 8 FCPATH\index.php(67): CodeIgniter\CodeIgniter->run()
 9 SYSTEMPATH\Commands\Server\rewrite.php(46): require_once('FCPATH\\index.php')
CRITICAL - 2022-12-20 15:39:04 --> Cannot use object of type stdClass as array
in APPPATH\Views\kinerja_harian\v_kinerja_harian.php on line 259.
 1 SYSTEMPATH\View\View.php(213): include()
 2 SYSTEMPATH\View\View.php(216): CodeIgniter\View\View->CodeIgniter\View\{closure}()
 3 SYSTEMPATH\Common.php(1134): CodeIgniter\View\View->render()
 4 APPPATH\Controllers\C_Kinerja_harian.php(13): view()
 5 SYSTEMPATH\CodeIgniter.php(927): App\Controllers\C_Kinerja_harian->index()
 6 SYSTEMPATH\CodeIgniter.php(482): CodeIgniter\CodeIgniter->runController()
 7 SYSTEMPATH\CodeIgniter.php(351): CodeIgniter\CodeIgniter->handleRequest()
 8 FCPATH\index.php(67): CodeIgniter\CodeIgniter->run()
 9 SYSTEMPATH\Commands\Server\rewrite.php(46): require_once('FCPATH\\index.php')
