CRITICAL - 2022-12-19 08:56:28 --> Cannot use object of type stdClass as array
in APPPATH\Views\master_pegawai\v_master_pegawai.php on line 137.
 1 SYSTEMPATH\View\View.php(213): include()
 2 SYSTEMPATH\View\View.php(216): CodeIgniter\View\View->CodeIgniter\View\{closure}()
 3 SYSTEMPATH\Common.php(1134): CodeIgniter\View\View->render()
 4 APPPATH\Controllers\C_Master_pegawai.php(17): view()
 5 SYSTEMPATH\CodeIgniter.php(927): App\Controllers\C_Master_pegawai->index()
 6 SYSTEMPATH\CodeIgniter.php(482): CodeIgniter\CodeIgniter->runController()
 7 SYSTEMPATH\CodeIgniter.php(351): CodeIgniter\CodeIgniter->handleRequest()
 8 FCPATH\index.php(67): CodeIgniter\CodeIgniter->run()
 9 SYSTEMPATH\Commands\Server\rewrite.php(46): require_once('FCPATH\\index.php')
ERROR - 2022-12-19 16:19:48 --> mysqli_sql_exception: Column 'id_jabatan' cannot be null in C:\xampp\htdocs\e-kegiatan\vendor\codeigniter4\framework\system\Database\MySQLi\Connection.php:292
Stack trace:
#0 C:\xampp\htdocs\e-kegiatan\vendor\codeigniter4\framework\system\Database\MySQLi\Connection.php(292): mysqli->query()
#1 C:\xampp\htdocs\e-kegiatan\vendor\codeigniter4\framework\system\Database\BaseConnection.php(666): CodeIgniter\Database\MySQLi\Connection->execute()
#2 C:\xampp\htdocs\e-kegiatan\vendor\codeigniter4\framework\system\Database\BaseConnection.php(593): CodeIgniter\Database\BaseConnection->simpleQuery()
#3 C:\xampp\htdocs\e-kegiatan\vendor\codeigniter4\framework\system\Database\BaseBuilder.php(1916): CodeIgniter\Database\BaseConnection->query()
#4 C:\xampp\htdocs\e-kegiatan\app\Models\M_master_pegawai.php(24): CodeIgniter\Database\BaseBuilder->insert()
#5 C:\xampp\htdocs\e-kegiatan\app\Controllers\C_Master_pegawai.php(33): App\Models\M_master_pegawai->tambah()
#6 C:\xampp\htdocs\e-kegiatan\vendor\codeigniter4\framework\system\CodeIgniter.php(927): App\Controllers\C_Master_pegawai->tambah_data()
#7 C:\xampp\htdocs\e-kegiatan\vendor\codeigniter4\framework\system\CodeIgniter.php(482): CodeIgniter\CodeIgniter->runController()
#8 C:\xampp\htdocs\e-kegiatan\vendor\codeigniter4\framework\system\CodeIgniter.php(351): CodeIgniter\CodeIgniter->handleRequest()
#9 C:\xampp\htdocs\e-kegiatan\public\index.php(67): CodeIgniter\CodeIgniter->run()
#10 C:\xampp\htdocs\e-kegiatan\vendor\codeigniter4\framework\system\Commands\Server\rewrite.php(46): require_once('...')
#11 {main}
CRITICAL - 2022-12-19 16:19:48 --> Column 'id_jabatan' cannot be null
in SYSTEMPATH\Database\MySQLi\Connection.php on line 292.
 1 SYSTEMPATH\Database\MySQLi\Connection.php(292): mysqli->query()
 2 SYSTEMPATH\Database\BaseConnection.php(666): CodeIgniter\Database\MySQLi\Connection->execute()
 3 SYSTEMPATH\Database\BaseConnection.php(593): CodeIgniter\Database\BaseConnection->simpleQuery()
 4 SYSTEMPATH\Database\BaseBuilder.php(1916): CodeIgniter\Database\BaseConnection->query()
 5 APPPATH\Models\M_master_pegawai.php(24): CodeIgniter\Database\BaseBuilder->insert()
 6 APPPATH\Controllers\C_Master_pegawai.php(33): App\Models\M_master_pegawai->tambah()
 7 SYSTEMPATH\CodeIgniter.php(927): App\Controllers\C_Master_pegawai->tambah_data()
 8 SYSTEMPATH\CodeIgniter.php(482): CodeIgniter\CodeIgniter->runController()
 9 SYSTEMPATH\CodeIgniter.php(351): CodeIgniter\CodeIgniter->handleRequest()
10 FCPATH\index.php(67): CodeIgniter\CodeIgniter->run()
11 SYSTEMPATH\Commands\Server\rewrite.php(46): require_once('FCPATH\\index.php')
ERROR - 2022-12-19 16:22:16 --> mysqli_sql_exception: Column 'id_jabatan' cannot be null in C:\xampp\htdocs\e-kegiatan\vendor\codeigniter4\framework\system\Database\MySQLi\Connection.php:292
Stack trace:
#0 C:\xampp\htdocs\e-kegiatan\vendor\codeigniter4\framework\system\Database\MySQLi\Connection.php(292): mysqli->query()
#1 C:\xampp\htdocs\e-kegiatan\vendor\codeigniter4\framework\system\Database\BaseConnection.php(666): CodeIgniter\Database\MySQLi\Connection->execute()
#2 C:\xampp\htdocs\e-kegiatan\vendor\codeigniter4\framework\system\Database\BaseConnection.php(593): CodeIgniter\Database\BaseConnection->simpleQuery()
#3 C:\xampp\htdocs\e-kegiatan\vendor\codeigniter4\framework\system\Database\BaseBuilder.php(1916): CodeIgniter\Database\BaseConnection->query()
#4 C:\xampp\htdocs\e-kegiatan\app\Models\M_master_pegawai.php(24): CodeIgniter\Database\BaseBuilder->insert()
#5 C:\xampp\htdocs\e-kegiatan\app\Controllers\C_Master_pegawai.php(33): App\Models\M_master_pegawai->tambah()
#6 C:\xampp\htdocs\e-kegiatan\vendor\codeigniter4\framework\system\CodeIgniter.php(927): App\Controllers\C_Master_pegawai->tambah_data()
#7 C:\xampp\htdocs\e-kegiatan\vendor\codeigniter4\framework\system\CodeIgniter.php(482): CodeIgniter\CodeIgniter->runController()
#8 C:\xampp\htdocs\e-kegiatan\vendor\codeigniter4\framework\system\CodeIgniter.php(351): CodeIgniter\CodeIgniter->handleRequest()
#9 C:\xampp\htdocs\e-kegiatan\public\index.php(67): CodeIgniter\CodeIgniter->run()
#10 C:\xampp\htdocs\e-kegiatan\vendor\codeigniter4\framework\system\Commands\Server\rewrite.php(46): require_once('...')
#11 {main}
CRITICAL - 2022-12-19 16:22:16 --> Column 'id_jabatan' cannot be null
in SYSTEMPATH\Database\MySQLi\Connection.php on line 292.
 1 SYSTEMPATH\Database\MySQLi\Connection.php(292): mysqli->query()
 2 SYSTEMPATH\Database\BaseConnection.php(666): CodeIgniter\Database\MySQLi\Connection->execute()
 3 SYSTEMPATH\Database\BaseConnection.php(593): CodeIgniter\Database\BaseConnection->simpleQuery()
 4 SYSTEMPATH\Database\BaseBuilder.php(1916): CodeIgniter\Database\BaseConnection->query()
 5 APPPATH\Models\M_master_pegawai.php(24): CodeIgniter\Database\BaseBuilder->insert()
 6 APPPATH\Controllers\C_Master_pegawai.php(33): App\Models\M_master_pegawai->tambah()
 7 SYSTEMPATH\CodeIgniter.php(927): App\Controllers\C_Master_pegawai->tambah_data()
 8 SYSTEMPATH\CodeIgniter.php(482): CodeIgniter\CodeIgniter->runController()
 9 SYSTEMPATH\CodeIgniter.php(351): CodeIgniter\CodeIgniter->handleRequest()
10 FCPATH\index.php(67): CodeIgniter\CodeIgniter->run()
11 SYSTEMPATH\Commands\Server\rewrite.php(46): require_once('FCPATH\\index.php')
CRITICAL - 2022-12-19 16:44:15 --> Undefined variable $id_pegawai
in APPPATH\Models\M_master_pegawai.php on line 29.
 1 APPPATH\Models\M_master_pegawai.php(29): CodeIgniter\Debug\Exceptions->errorHandler()
 2 APPPATH\Controllers\C_Master_pegawai.php(48): App\Models\M_master_pegawai->detail()
 3 SYSTEMPATH\CodeIgniter.php(927): App\Controllers\C_Master_pegawai->edit()
 4 SYSTEMPATH\CodeIgniter.php(482): CodeIgniter\CodeIgniter->runController()
 5 SYSTEMPATH\CodeIgniter.php(351): CodeIgniter\CodeIgniter->handleRequest()
 6 FCPATH\index.php(67): CodeIgniter\CodeIgniter->run()
 7 SYSTEMPATH\Commands\Server\rewrite.php(46): require_once('FCPATH\\index.php')
CRITICAL - 2022-12-19 16:47:07 --> Undefined variable $pegawais
in APPPATH\Views\master_pegawai\v_edit_master_pegawai.php on line 129.
 1 APPPATH\Views\master_pegawai\v_edit_master_pegawai.php(129): CodeIgniter\Debug\Exceptions->errorHandler()
 2 SYSTEMPATH\View\View.php(213): include('APPPATH\\Views\\master_pegawai\\v_edit_master_pegawai.php')
 3 SYSTEMPATH\View\View.php(216): CodeIgniter\View\View->CodeIgniter\View\{closure}()
 4 SYSTEMPATH\Common.php(1134): CodeIgniter\View\View->render()
 5 APPPATH\Controllers\C_Master_pegawai.php(66): view()
 6 SYSTEMPATH\CodeIgniter.php(927): App\Controllers\C_Master_pegawai->edit()
 7 SYSTEMPATH\CodeIgniter.php(482): CodeIgniter\CodeIgniter->runController()
 8 SYSTEMPATH\CodeIgniter.php(351): CodeIgniter\CodeIgniter->handleRequest()
 9 FCPATH\index.php(67): CodeIgniter\CodeIgniter->run()
10 SYSTEMPATH\Commands\Server\rewrite.php(46): require_once('FCPATH\\index.php')
CRITICAL - 2022-12-19 16:47:22 --> Undefined variable $pegawais
in APPPATH\Views\master_pegawai\v_edit_master_pegawai.php on line 129.
 1 APPPATH\Views\master_pegawai\v_edit_master_pegawai.php(129): CodeIgniter\Debug\Exceptions->errorHandler()
 2 SYSTEMPATH\View\View.php(213): include('APPPATH\\Views\\master_pegawai\\v_edit_master_pegawai.php')
 3 SYSTEMPATH\View\View.php(216): CodeIgniter\View\View->CodeIgniter\View\{closure}()
 4 SYSTEMPATH\Common.php(1134): CodeIgniter\View\View->render()
 5 APPPATH\Controllers\C_Master_pegawai.php(66): view()
 6 SYSTEMPATH\CodeIgniter.php(927): App\Controllers\C_Master_pegawai->edit()
 7 SYSTEMPATH\CodeIgniter.php(482): CodeIgniter\CodeIgniter->runController()
 8 SYSTEMPATH\CodeIgniter.php(351): CodeIgniter\CodeIgniter->handleRequest()
 9 FCPATH\index.php(67): CodeIgniter\CodeIgniter->run()
10 SYSTEMPATH\Commands\Server\rewrite.php(46): require_once('FCPATH\\index.php')
CRITICAL - 2022-12-19 16:59:10 --> Undefined array key "id_master_pegawai"
in APPPATH\Models\M_master_pegawai.php on line 36.
 1 APPPATH\Models\M_master_pegawai.php(36): CodeIgniter\Debug\Exceptions->errorHandler()
 2 APPPATH\Controllers\C_Master_pegawai.php(60): App\Models\M_master_pegawai->edit()
 3 SYSTEMPATH\CodeIgniter.php(927): App\Controllers\C_Master_pegawai->edit()
 4 SYSTEMPATH\CodeIgniter.php(482): CodeIgniter\CodeIgniter->runController()
 5 SYSTEMPATH\CodeIgniter.php(351): CodeIgniter\CodeIgniter->handleRequest()
 6 FCPATH\index.php(67): CodeIgniter\CodeIgniter->run()
 7 SYSTEMPATH\Commands\Server\rewrite.php(46): require_once('FCPATH\\index.php')
ERROR - 2022-12-19 17:04:00 --> mysqli_sql_exception: Column 'id_jabatan' cannot be null in C:\xampp\htdocs\e-kegiatan\vendor\codeigniter4\framework\system\Database\MySQLi\Connection.php:292
Stack trace:
#0 C:\xampp\htdocs\e-kegiatan\vendor\codeigniter4\framework\system\Database\MySQLi\Connection.php(292): mysqli->query()
#1 C:\xampp\htdocs\e-kegiatan\vendor\codeigniter4\framework\system\Database\BaseConnection.php(666): CodeIgniter\Database\MySQLi\Connection->execute()
#2 C:\xampp\htdocs\e-kegiatan\vendor\codeigniter4\framework\system\Database\BaseConnection.php(593): CodeIgniter\Database\BaseConnection->simpleQuery()
#3 C:\xampp\htdocs\e-kegiatan\vendor\codeigniter4\framework\system\Database\BaseBuilder.php(2002): CodeIgniter\Database\BaseConnection->query()
#4 C:\xampp\htdocs\e-kegiatan\vendor\codeigniter4\framework\system\Model.php(439): CodeIgniter\Database\BaseBuilder->replace()
#5 C:\xampp\htdocs\e-kegiatan\vendor\codeigniter4\framework\system\BaseModel.php(1059): CodeIgniter\Model->doReplace()
#6 C:\xampp\htdocs\e-kegiatan\app\Models\M_master_pegawai.php(37): CodeIgniter\BaseModel->replace()
#7 C:\xampp\htdocs\e-kegiatan\app\Controllers\C_Master_pegawai.php(61): App\Models\M_master_pegawai->edit()
#8 C:\xampp\htdocs\e-kegiatan\vendor\codeigniter4\framework\system\CodeIgniter.php(927): App\Controllers\C_Master_pegawai->edit()
#9 C:\xampp\htdocs\e-kegiatan\vendor\codeigniter4\framework\system\CodeIgniter.php(482): CodeIgniter\CodeIgniter->runController()
#10 C:\xampp\htdocs\e-kegiatan\vendor\codeigniter4\framework\system\CodeIgniter.php(351): CodeIgniter\CodeIgniter->handleRequest()
#11 C:\xampp\htdocs\e-kegiatan\public\index.php(67): CodeIgniter\CodeIgniter->run()
#12 C:\xampp\htdocs\e-kegiatan\vendor\codeigniter4\framework\system\Commands\Server\rewrite.php(46): require_once('...')
#13 {main}
CRITICAL - 2022-12-19 17:04:00 --> Column 'id_jabatan' cannot be null
in SYSTEMPATH\Database\MySQLi\Connection.php on line 292.
 1 SYSTEMPATH\Database\MySQLi\Connection.php(292): mysqli->query()
 2 SYSTEMPATH\Database\BaseConnection.php(666): CodeIgniter\Database\MySQLi\Connection->execute()
 3 SYSTEMPATH\Database\BaseConnection.php(593): CodeIgniter\Database\BaseConnection->simpleQuery()
 4 SYSTEMPATH\Database\BaseBuilder.php(2002): CodeIgniter\Database\BaseConnection->query()
 5 SYSTEMPATH\Model.php(439): CodeIgniter\Database\BaseBuilder->replace()
 6 SYSTEMPATH\BaseModel.php(1059): CodeIgniter\Model->doReplace()
 7 APPPATH\Models\M_master_pegawai.php(37): CodeIgniter\BaseModel->replace()
 8 APPPATH\Controllers\C_Master_pegawai.php(61): App\Models\M_master_pegawai->edit()
 9 SYSTEMPATH\CodeIgniter.php(927): App\Controllers\C_Master_pegawai->edit()
10 SYSTEMPATH\CodeIgniter.php(482): CodeIgniter\CodeIgniter->runController()
11 SYSTEMPATH\CodeIgniter.php(351): CodeIgniter\CodeIgniter->handleRequest()
12 FCPATH\index.php(67): CodeIgniter\CodeIgniter->run()
13 SYSTEMPATH\Commands\Server\rewrite.php(46): require_once('FCPATH\\index.php')
CRITICAL - 2022-12-19 19:21:52 --> Class "App\Controllers\M_kinerja_harian" not found
in APPPATH\Controllers\C_Kinerja_harian.php on line 9.
 1 SYSTEMPATH\CodeIgniter.php(927): App\Controllers\C_Kinerja_harian->index()
 2 SYSTEMPATH\CodeIgniter.php(482): CodeIgniter\CodeIgniter->runController()
 3 SYSTEMPATH\CodeIgniter.php(351): CodeIgniter\CodeIgniter->handleRequest()
 4 FCPATH\index.php(67): CodeIgniter\CodeIgniter->run()
 5 SYSTEMPATH\Commands\Server\rewrite.php(46): require_once('FCPATH\\index.php')
