CRITICAL - 2022-12-26 01:59:11 --> Undefined array key "nama_pegawai"
in APPPATH\Views\kinerja_harian\v_edit_kinerja_harian.php on line 132.
 1 APPPATH\Views\kinerja_harian\v_edit_kinerja_harian.php(132): CodeIgniter\Debug\Exceptions->errorHandler()
 2 SYSTEMPATH\View\View.php(213): include('APPPATH\\Views\\kinerja_harian\\v_edit_kinerja_harian.php')
 3 SYSTEMPATH\View\View.php(216): CodeIgniter\View\View->CodeIgniter\View\{closure}()
 4 SYSTEMPATH\Common.php(1134): CodeIgniter\View\View->render()
 5 APPPATH\Controllers\C_Kinerja_harian.php(69): view()
 6 SYSTEMPATH\CodeIgniter.php(927): App\Controllers\C_Kinerja_harian->edit()
 7 SYSTEMPATH\CodeIgniter.php(482): CodeIgniter\CodeIgniter->runController()
 8 SYSTEMPATH\CodeIgniter.php(351): CodeIgniter\CodeIgniter->handleRequest()
 9 FCPATH\index.php(67): CodeIgniter\CodeIgniter->run()
10 SYSTEMPATH\Commands\Server\rewrite.php(46): require_once('FCPATH\\index.php')
CRITICAL - 2022-12-26 02:04:15 --> Undefined array key "nama_pegawai"
in APPPATH\Views\kinerja_harian\v_edit_kinerja_harian.php on line 132.
 1 APPPATH\Views\kinerja_harian\v_edit_kinerja_harian.php(132): CodeIgniter\Debug\Exceptions->errorHandler()
 2 SYSTEMPATH\View\View.php(213): include('APPPATH\\Views\\kinerja_harian\\v_edit_kinerja_harian.php')
 3 SYSTEMPATH\View\View.php(216): CodeIgniter\View\View->CodeIgniter\View\{closure}()
 4 SYSTEMPATH\Common.php(1134): CodeIgniter\View\View->render()
 5 APPPATH\Controllers\C_Kinerja_harian.php(69): view()
 6 SYSTEMPATH\CodeIgniter.php(927): App\Controllers\C_Kinerja_harian->edit()
 7 SYSTEMPATH\CodeIgniter.php(482): CodeIgniter\CodeIgniter->runController()
 8 SYSTEMPATH\CodeIgniter.php(351): CodeIgniter\CodeIgniter->handleRequest()
 9 FCPATH\index.php(67): CodeIgniter\CodeIgniter->run()
10 SYSTEMPATH\Commands\Server\rewrite.php(46): require_once('FCPATH\\index.php')
CRITICAL - 2022-12-26 02:04:15 --> Undefined array key "nama_pegawai"
in APPPATH\Views\kinerja_harian\v_edit_kinerja_harian.php on line 132.
 1 APPPATH\Views\kinerja_harian\v_edit_kinerja_harian.php(132): CodeIgniter\Debug\Exceptions->errorHandler()
 2 SYSTEMPATH\View\View.php(213): include('APPPATH\\Views\\kinerja_harian\\v_edit_kinerja_harian.php')
 3 SYSTEMPATH\View\View.php(216): CodeIgniter\View\View->CodeIgniter\View\{closure}()
 4 SYSTEMPATH\Common.php(1134): CodeIgniter\View\View->render()
 5 APPPATH\Controllers\C_Kinerja_harian.php(69): view()
 6 SYSTEMPATH\CodeIgniter.php(927): App\Controllers\C_Kinerja_harian->edit()
 7 SYSTEMPATH\CodeIgniter.php(482): CodeIgniter\CodeIgniter->runController()
 8 SYSTEMPATH\CodeIgniter.php(351): CodeIgniter\CodeIgniter->handleRequest()
 9 FCPATH\index.php(67): CodeIgniter\CodeIgniter->run()
10 SYSTEMPATH\Commands\Server\rewrite.php(46): require_once('FCPATH\\index.php')
CRITICAL - 2022-12-26 02:04:16 --> Undefined array key "nama_pegawai"
in APPPATH\Views\kinerja_harian\v_edit_kinerja_harian.php on line 132.
 1 APPPATH\Views\kinerja_harian\v_edit_kinerja_harian.php(132): CodeIgniter\Debug\Exceptions->errorHandler()
 2 SYSTEMPATH\View\View.php(213): include('APPPATH\\Views\\kinerja_harian\\v_edit_kinerja_harian.php')
 3 SYSTEMPATH\View\View.php(216): CodeIgniter\View\View->CodeIgniter\View\{closure}()
 4 SYSTEMPATH\Common.php(1134): CodeIgniter\View\View->render()
 5 APPPATH\Controllers\C_Kinerja_harian.php(69): view()
 6 SYSTEMPATH\CodeIgniter.php(927): App\Controllers\C_Kinerja_harian->edit()
 7 SYSTEMPATH\CodeIgniter.php(482): CodeIgniter\CodeIgniter->runController()
 8 SYSTEMPATH\CodeIgniter.php(351): CodeIgniter\CodeIgniter->handleRequest()
 9 FCPATH\index.php(67): CodeIgniter\CodeIgniter->run()
10 SYSTEMPATH\Commands\Server\rewrite.php(46): require_once('FCPATH\\index.php')
CRITICAL - 2022-12-26 02:04:16 --> Undefined array key "nama_pegawai"
in APPPATH\Views\kinerja_harian\v_edit_kinerja_harian.php on line 132.
 1 APPPATH\Views\kinerja_harian\v_edit_kinerja_harian.php(132): CodeIgniter\Debug\Exceptions->errorHandler()
 2 SYSTEMPATH\View\View.php(213): include('APPPATH\\Views\\kinerja_harian\\v_edit_kinerja_harian.php')
 3 SYSTEMPATH\View\View.php(216): CodeIgniter\View\View->CodeIgniter\View\{closure}()
 4 SYSTEMPATH\Common.php(1134): CodeIgniter\View\View->render()
 5 APPPATH\Controllers\C_Kinerja_harian.php(69): view()
 6 SYSTEMPATH\CodeIgniter.php(927): App\Controllers\C_Kinerja_harian->edit()
 7 SYSTEMPATH\CodeIgniter.php(482): CodeIgniter\CodeIgniter->runController()
 8 SYSTEMPATH\CodeIgniter.php(351): CodeIgniter\CodeIgniter->handleRequest()
 9 FCPATH\index.php(67): CodeIgniter\CodeIgniter->run()
10 SYSTEMPATH\Commands\Server\rewrite.php(46): require_once('FCPATH\\index.php')
CRITICAL - 2022-12-26 02:04:16 --> Undefined array key "nama_pegawai"
in APPPATH\Views\kinerja_harian\v_edit_kinerja_harian.php on line 132.
 1 APPPATH\Views\kinerja_harian\v_edit_kinerja_harian.php(132): CodeIgniter\Debug\Exceptions->errorHandler()
 2 SYSTEMPATH\View\View.php(213): include('APPPATH\\Views\\kinerja_harian\\v_edit_kinerja_harian.php')
 3 SYSTEMPATH\View\View.php(216): CodeIgniter\View\View->CodeIgniter\View\{closure}()
 4 SYSTEMPATH\Common.php(1134): CodeIgniter\View\View->render()
 5 APPPATH\Controllers\C_Kinerja_harian.php(69): view()
 6 SYSTEMPATH\CodeIgniter.php(927): App\Controllers\C_Kinerja_harian->edit()
 7 SYSTEMPATH\CodeIgniter.php(482): CodeIgniter\CodeIgniter->runController()
 8 SYSTEMPATH\CodeIgniter.php(351): CodeIgniter\CodeIgniter->handleRequest()
 9 FCPATH\index.php(67): CodeIgniter\CodeIgniter->run()
10 SYSTEMPATH\Commands\Server\rewrite.php(46): require_once('FCPATH\\index.php')
CRITICAL - 2022-12-26 02:04:17 --> Undefined array key "nama_pegawai"
in APPPATH\Views\kinerja_harian\v_edit_kinerja_harian.php on line 132.
 1 APPPATH\Views\kinerja_harian\v_edit_kinerja_harian.php(132): CodeIgniter\Debug\Exceptions->errorHandler()
 2 SYSTEMPATH\View\View.php(213): include('APPPATH\\Views\\kinerja_harian\\v_edit_kinerja_harian.php')
 3 SYSTEMPATH\View\View.php(216): CodeIgniter\View\View->CodeIgniter\View\{closure}()
 4 SYSTEMPATH\Common.php(1134): CodeIgniter\View\View->render()
 5 APPPATH\Controllers\C_Kinerja_harian.php(69): view()
 6 SYSTEMPATH\CodeIgniter.php(927): App\Controllers\C_Kinerja_harian->edit()
 7 SYSTEMPATH\CodeIgniter.php(482): CodeIgniter\CodeIgniter->runController()
 8 SYSTEMPATH\CodeIgniter.php(351): CodeIgniter\CodeIgniter->handleRequest()
 9 FCPATH\index.php(67): CodeIgniter\CodeIgniter->run()
10 SYSTEMPATH\Commands\Server\rewrite.php(46): require_once('FCPATH\\index.php')
CRITICAL - 2022-12-26 02:04:17 --> Undefined array key "nama_pegawai"
in APPPATH\Views\kinerja_harian\v_edit_kinerja_harian.php on line 132.
 1 APPPATH\Views\kinerja_harian\v_edit_kinerja_harian.php(132): CodeIgniter\Debug\Exceptions->errorHandler()
 2 SYSTEMPATH\View\View.php(213): include('APPPATH\\Views\\kinerja_harian\\v_edit_kinerja_harian.php')
 3 SYSTEMPATH\View\View.php(216): CodeIgniter\View\View->CodeIgniter\View\{closure}()
 4 SYSTEMPATH\Common.php(1134): CodeIgniter\View\View->render()
 5 APPPATH\Controllers\C_Kinerja_harian.php(69): view()
 6 SYSTEMPATH\CodeIgniter.php(927): App\Controllers\C_Kinerja_harian->edit()
 7 SYSTEMPATH\CodeIgniter.php(482): CodeIgniter\CodeIgniter->runController()
 8 SYSTEMPATH\CodeIgniter.php(351): CodeIgniter\CodeIgniter->handleRequest()
 9 FCPATH\index.php(67): CodeIgniter\CodeIgniter->run()
10 SYSTEMPATH\Commands\Server\rewrite.php(46): require_once('FCPATH\\index.php')
CRITICAL - 2022-12-26 02:04:17 --> Undefined array key "nama_pegawai"
in APPPATH\Views\kinerja_harian\v_edit_kinerja_harian.php on line 132.
 1 APPPATH\Views\kinerja_harian\v_edit_kinerja_harian.php(132): CodeIgniter\Debug\Exceptions->errorHandler()
 2 SYSTEMPATH\View\View.php(213): include('APPPATH\\Views\\kinerja_harian\\v_edit_kinerja_harian.php')
 3 SYSTEMPATH\View\View.php(216): CodeIgniter\View\View->CodeIgniter\View\{closure}()
 4 SYSTEMPATH\Common.php(1134): CodeIgniter\View\View->render()
 5 APPPATH\Controllers\C_Kinerja_harian.php(69): view()
 6 SYSTEMPATH\CodeIgniter.php(927): App\Controllers\C_Kinerja_harian->edit()
 7 SYSTEMPATH\CodeIgniter.php(482): CodeIgniter\CodeIgniter->runController()
 8 SYSTEMPATH\CodeIgniter.php(351): CodeIgniter\CodeIgniter->handleRequest()
 9 FCPATH\index.php(67): CodeIgniter\CodeIgniter->run()
10 SYSTEMPATH\Commands\Server\rewrite.php(46): require_once('FCPATH\\index.php')
CRITICAL - 2022-12-26 02:04:17 --> Undefined array key "nama_pegawai"
in APPPATH\Views\kinerja_harian\v_edit_kinerja_harian.php on line 132.
 1 APPPATH\Views\kinerja_harian\v_edit_kinerja_harian.php(132): CodeIgniter\Debug\Exceptions->errorHandler()
 2 SYSTEMPATH\View\View.php(213): include('APPPATH\\Views\\kinerja_harian\\v_edit_kinerja_harian.php')
 3 SYSTEMPATH\View\View.php(216): CodeIgniter\View\View->CodeIgniter\View\{closure}()
 4 SYSTEMPATH\Common.php(1134): CodeIgniter\View\View->render()
 5 APPPATH\Controllers\C_Kinerja_harian.php(69): view()
 6 SYSTEMPATH\CodeIgniter.php(927): App\Controllers\C_Kinerja_harian->edit()
 7 SYSTEMPATH\CodeIgniter.php(482): CodeIgniter\CodeIgniter->runController()
 8 SYSTEMPATH\CodeIgniter.php(351): CodeIgniter\CodeIgniter->handleRequest()
 9 FCPATH\index.php(67): CodeIgniter\CodeIgniter->run()
10 SYSTEMPATH\Commands\Server\rewrite.php(46): require_once('FCPATH\\index.php')
CRITICAL - 2022-12-26 02:04:17 --> Undefined array key "nama_pegawai"
in APPPATH\Views\kinerja_harian\v_edit_kinerja_harian.php on line 132.
 1 APPPATH\Views\kinerja_harian\v_edit_kinerja_harian.php(132): CodeIgniter\Debug\Exceptions->errorHandler()
 2 SYSTEMPATH\View\View.php(213): include('APPPATH\\Views\\kinerja_harian\\v_edit_kinerja_harian.php')
 3 SYSTEMPATH\View\View.php(216): CodeIgniter\View\View->CodeIgniter\View\{closure}()
 4 SYSTEMPATH\Common.php(1134): CodeIgniter\View\View->render()
 5 APPPATH\Controllers\C_Kinerja_harian.php(69): view()
 6 SYSTEMPATH\CodeIgniter.php(927): App\Controllers\C_Kinerja_harian->edit()
 7 SYSTEMPATH\CodeIgniter.php(482): CodeIgniter\CodeIgniter->runController()
 8 SYSTEMPATH\CodeIgniter.php(351): CodeIgniter\CodeIgniter->handleRequest()
 9 FCPATH\index.php(67): CodeIgniter\CodeIgniter->run()
10 SYSTEMPATH\Commands\Server\rewrite.php(46): require_once('FCPATH\\index.php')
CRITICAL - 2022-12-26 02:04:17 --> Undefined array key "nama_pegawai"
in APPPATH\Views\kinerja_harian\v_edit_kinerja_harian.php on line 132.
 1 APPPATH\Views\kinerja_harian\v_edit_kinerja_harian.php(132): CodeIgniter\Debug\Exceptions->errorHandler()
 2 SYSTEMPATH\View\View.php(213): include('APPPATH\\Views\\kinerja_harian\\v_edit_kinerja_harian.php')
 3 SYSTEMPATH\View\View.php(216): CodeIgniter\View\View->CodeIgniter\View\{closure}()
 4 SYSTEMPATH\Common.php(1134): CodeIgniter\View\View->render()
 5 APPPATH\Controllers\C_Kinerja_harian.php(69): view()
 6 SYSTEMPATH\CodeIgniter.php(927): App\Controllers\C_Kinerja_harian->edit()
 7 SYSTEMPATH\CodeIgniter.php(482): CodeIgniter\CodeIgniter->runController()
 8 SYSTEMPATH\CodeIgniter.php(351): CodeIgniter\CodeIgniter->handleRequest()
 9 FCPATH\index.php(67): CodeIgniter\CodeIgniter->run()
10 SYSTEMPATH\Commands\Server\rewrite.php(46): require_once('FCPATH\\index.php')
CRITICAL - 2022-12-26 03:50:02 --> Undefined array key "nama_pegawai"
in APPPATH\Views\kinerja_harian\v_edit_kinerja_harian.php on line 132.
 1 APPPATH\Views\kinerja_harian\v_edit_kinerja_harian.php(132): CodeIgniter\Debug\Exceptions->errorHandler()
 2 SYSTEMPATH\View\View.php(213): include('APPPATH\\Views\\kinerja_harian\\v_edit_kinerja_harian.php')
 3 SYSTEMPATH\View\View.php(216): CodeIgniter\View\View->CodeIgniter\View\{closure}()
 4 SYSTEMPATH\Common.php(1134): CodeIgniter\View\View->render()
 5 APPPATH\Controllers\C_Kinerja_harian.php(69): view()
 6 SYSTEMPATH\CodeIgniter.php(927): App\Controllers\C_Kinerja_harian->edit()
 7 SYSTEMPATH\CodeIgniter.php(482): CodeIgniter\CodeIgniter->runController()
 8 SYSTEMPATH\CodeIgniter.php(351): CodeIgniter\CodeIgniter->handleRequest()
 9 FCPATH\index.php(67): CodeIgniter\CodeIgniter->run()
10 SYSTEMPATH\Commands\Server\rewrite.php(46): require_once('FCPATH\\index.php')
CRITICAL - 2022-12-26 04:06:38 --> Undefined array key "nama_pegawai"
in APPPATH\Views\kinerja_harian\v_edit_kinerja_harian.php on line 132.
 1 APPPATH\Views\kinerja_harian\v_edit_kinerja_harian.php(132): CodeIgniter\Debug\Exceptions->errorHandler()
 2 SYSTEMPATH\View\View.php(213): include('APPPATH\\Views\\kinerja_harian\\v_edit_kinerja_harian.php')
 3 SYSTEMPATH\View\View.php(216): CodeIgniter\View\View->CodeIgniter\View\{closure}()
 4 SYSTEMPATH\Common.php(1134): CodeIgniter\View\View->render()
 5 APPPATH\Controllers\C_Kinerja_harian.php(69): view()
 6 SYSTEMPATH\CodeIgniter.php(927): App\Controllers\C_Kinerja_harian->edit()
 7 SYSTEMPATH\CodeIgniter.php(482): CodeIgniter\CodeIgniter->runController()
 8 SYSTEMPATH\CodeIgniter.php(351): CodeIgniter\CodeIgniter->handleRequest()
 9 FCPATH\index.php(67): CodeIgniter\CodeIgniter->run()
10 SYSTEMPATH\Commands\Server\rewrite.php(46): require_once('FCPATH\\index.php')
CRITICAL - 2022-12-26 04:06:53 --> Undefined array key "nama_pegawai"
in APPPATH\Views\kinerja_harian\v_edit_kinerja_harian.php on line 132.
 1 APPPATH\Views\kinerja_harian\v_edit_kinerja_harian.php(132): CodeIgniter\Debug\Exceptions->errorHandler()
 2 SYSTEMPATH\View\View.php(213): include('APPPATH\\Views\\kinerja_harian\\v_edit_kinerja_harian.php')
 3 SYSTEMPATH\View\View.php(216): CodeIgniter\View\View->CodeIgniter\View\{closure}()
 4 SYSTEMPATH\Common.php(1134): CodeIgniter\View\View->render()
 5 APPPATH\Controllers\C_Kinerja_harian.php(69): view()
 6 SYSTEMPATH\CodeIgniter.php(927): App\Controllers\C_Kinerja_harian->edit()
 7 SYSTEMPATH\CodeIgniter.php(482): CodeIgniter\CodeIgniter->runController()
 8 SYSTEMPATH\CodeIgniter.php(351): CodeIgniter\CodeIgniter->handleRequest()
 9 FCPATH\index.php(67): CodeIgniter\CodeIgniter->run()
10 SYSTEMPATH\Commands\Server\rewrite.php(46): require_once('FCPATH\\index.php')
CRITICAL - 2022-12-26 04:06:54 --> Undefined array key "nama_pegawai"
in APPPATH\Views\kinerja_harian\v_edit_kinerja_harian.php on line 132.
 1 APPPATH\Views\kinerja_harian\v_edit_kinerja_harian.php(132): CodeIgniter\Debug\Exceptions->errorHandler()
 2 SYSTEMPATH\View\View.php(213): include('APPPATH\\Views\\kinerja_harian\\v_edit_kinerja_harian.php')
 3 SYSTEMPATH\View\View.php(216): CodeIgniter\View\View->CodeIgniter\View\{closure}()
 4 SYSTEMPATH\Common.php(1134): CodeIgniter\View\View->render()
 5 APPPATH\Controllers\C_Kinerja_harian.php(69): view()
 6 SYSTEMPATH\CodeIgniter.php(927): App\Controllers\C_Kinerja_harian->edit()
 7 SYSTEMPATH\CodeIgniter.php(482): CodeIgniter\CodeIgniter->runController()
 8 SYSTEMPATH\CodeIgniter.php(351): CodeIgniter\CodeIgniter->handleRequest()
 9 FCPATH\index.php(67): CodeIgniter\CodeIgniter->run()
10 SYSTEMPATH\Commands\Server\rewrite.php(46): require_once('FCPATH\\index.php')
CRITICAL - 2022-12-26 04:06:54 --> Undefined array key "nama_pegawai"
in APPPATH\Views\kinerja_harian\v_edit_kinerja_harian.php on line 132.
 1 APPPATH\Views\kinerja_harian\v_edit_kinerja_harian.php(132): CodeIgniter\Debug\Exceptions->errorHandler()
 2 SYSTEMPATH\View\View.php(213): include('APPPATH\\Views\\kinerja_harian\\v_edit_kinerja_harian.php')
 3 SYSTEMPATH\View\View.php(216): CodeIgniter\View\View->CodeIgniter\View\{closure}()
 4 SYSTEMPATH\Common.php(1134): CodeIgniter\View\View->render()
 5 APPPATH\Controllers\C_Kinerja_harian.php(69): view()
 6 SYSTEMPATH\CodeIgniter.php(927): App\Controllers\C_Kinerja_harian->edit()
 7 SYSTEMPATH\CodeIgniter.php(482): CodeIgniter\CodeIgniter->runController()
 8 SYSTEMPATH\CodeIgniter.php(351): CodeIgniter\CodeIgniter->handleRequest()
 9 FCPATH\index.php(67): CodeIgniter\CodeIgniter->run()
10 SYSTEMPATH\Commands\Server\rewrite.php(46): require_once('FCPATH\\index.php')
CRITICAL - 2022-12-26 04:06:55 --> Undefined array key "nama_pegawai"
in APPPATH\Views\kinerja_harian\v_edit_kinerja_harian.php on line 132.
 1 APPPATH\Views\kinerja_harian\v_edit_kinerja_harian.php(132): CodeIgniter\Debug\Exceptions->errorHandler()
 2 SYSTEMPATH\View\View.php(213): include('APPPATH\\Views\\kinerja_harian\\v_edit_kinerja_harian.php')
 3 SYSTEMPATH\View\View.php(216): CodeIgniter\View\View->CodeIgniter\View\{closure}()
 4 SYSTEMPATH\Common.php(1134): CodeIgniter\View\View->render()
 5 APPPATH\Controllers\C_Kinerja_harian.php(69): view()
 6 SYSTEMPATH\CodeIgniter.php(927): App\Controllers\C_Kinerja_harian->edit()
 7 SYSTEMPATH\CodeIgniter.php(482): CodeIgniter\CodeIgniter->runController()
 8 SYSTEMPATH\CodeIgniter.php(351): CodeIgniter\CodeIgniter->handleRequest()
 9 FCPATH\index.php(67): CodeIgniter\CodeIgniter->run()
10 SYSTEMPATH\Commands\Server\rewrite.php(46): require_once('FCPATH\\index.php')
CRITICAL - 2022-12-26 04:07:32 --> Undefined array key "nama_pegawai"
in APPPATH\Views\kinerja_harian\v_edit_kinerja_harian.php on line 132.
 1 APPPATH\Views\kinerja_harian\v_edit_kinerja_harian.php(132): CodeIgniter\Debug\Exceptions->errorHandler()
 2 SYSTEMPATH\View\View.php(213): include('APPPATH\\Views\\kinerja_harian\\v_edit_kinerja_harian.php')
 3 SYSTEMPATH\View\View.php(216): CodeIgniter\View\View->CodeIgniter\View\{closure}()
 4 SYSTEMPATH\Common.php(1134): CodeIgniter\View\View->render()
 5 APPPATH\Controllers\C_Kinerja_harian.php(69): view()
 6 SYSTEMPATH\CodeIgniter.php(927): App\Controllers\C_Kinerja_harian->edit()
 7 SYSTEMPATH\CodeIgniter.php(482): CodeIgniter\CodeIgniter->runController()
 8 SYSTEMPATH\CodeIgniter.php(351): CodeIgniter\CodeIgniter->handleRequest()
 9 FCPATH\index.php(67): CodeIgniter\CodeIgniter->run()
10 SYSTEMPATH\Commands\Server\rewrite.php(46): require_once('FCPATH\\index.php')
CRITICAL - 2022-12-26 04:09:40 --> Undefined variable $builder
in APPPATH\Models\M_kinerja_harian.php on line 31.
 1 APPPATH\Models\M_kinerja_harian.php(31): CodeIgniter\Debug\Exceptions->errorHandler()
 2 APPPATH\Controllers\C_Kinerja_harian.php(45): App\Models\M_kinerja_harian->detail()
 3 SYSTEMPATH\CodeIgniter.php(927): App\Controllers\C_Kinerja_harian->edit()
 4 SYSTEMPATH\CodeIgniter.php(482): CodeIgniter\CodeIgniter->runController()
 5 SYSTEMPATH\CodeIgniter.php(351): CodeIgniter\CodeIgniter->handleRequest()
 6 FCPATH\index.php(67): CodeIgniter\CodeIgniter->run()
 7 SYSTEMPATH\Commands\Server\rewrite.php(46): require_once('FCPATH\\index.php')
CRITICAL - 2022-12-26 04:10:18 --> Undefined array key "nama_pegawai"
in APPPATH\Views\kinerja_harian\v_edit_kinerja_harian.php on line 132.
 1 APPPATH\Views\kinerja_harian\v_edit_kinerja_harian.php(132): CodeIgniter\Debug\Exceptions->errorHandler()
 2 SYSTEMPATH\View\View.php(213): include('APPPATH\\Views\\kinerja_harian\\v_edit_kinerja_harian.php')
 3 SYSTEMPATH\View\View.php(216): CodeIgniter\View\View->CodeIgniter\View\{closure}()
 4 SYSTEMPATH\Common.php(1134): CodeIgniter\View\View->render()
 5 APPPATH\Controllers\C_Kinerja_harian.php(69): view()
 6 SYSTEMPATH\CodeIgniter.php(927): App\Controllers\C_Kinerja_harian->edit()
 7 SYSTEMPATH\CodeIgniter.php(482): CodeIgniter\CodeIgniter->runController()
 8 SYSTEMPATH\CodeIgniter.php(351): CodeIgniter\CodeIgniter->handleRequest()
 9 FCPATH\index.php(67): CodeIgniter\CodeIgniter->run()
10 SYSTEMPATH\Commands\Server\rewrite.php(46): require_once('FCPATH\\index.php')
CRITICAL - 2022-12-26 04:10:20 --> Undefined array key "nama_pegawai"
in APPPATH\Views\kinerja_harian\v_edit_kinerja_harian.php on line 132.
 1 APPPATH\Views\kinerja_harian\v_edit_kinerja_harian.php(132): CodeIgniter\Debug\Exceptions->errorHandler()
 2 SYSTEMPATH\View\View.php(213): include('APPPATH\\Views\\kinerja_harian\\v_edit_kinerja_harian.php')
 3 SYSTEMPATH\View\View.php(216): CodeIgniter\View\View->CodeIgniter\View\{closure}()
 4 SYSTEMPATH\Common.php(1134): CodeIgniter\View\View->render()
 5 APPPATH\Controllers\C_Kinerja_harian.php(69): view()
 6 SYSTEMPATH\CodeIgniter.php(927): App\Controllers\C_Kinerja_harian->edit()
 7 SYSTEMPATH\CodeIgniter.php(482): CodeIgniter\CodeIgniter->runController()
 8 SYSTEMPATH\CodeIgniter.php(351): CodeIgniter\CodeIgniter->handleRequest()
 9 FCPATH\index.php(67): CodeIgniter\CodeIgniter->run()
10 SYSTEMPATH\Commands\Server\rewrite.php(46): require_once('FCPATH\\index.php')
CRITICAL - 2022-12-26 04:10:20 --> Undefined array key "nama_pegawai"
in APPPATH\Views\kinerja_harian\v_edit_kinerja_harian.php on line 132.
 1 APPPATH\Views\kinerja_harian\v_edit_kinerja_harian.php(132): CodeIgniter\Debug\Exceptions->errorHandler()
 2 SYSTEMPATH\View\View.php(213): include('APPPATH\\Views\\kinerja_harian\\v_edit_kinerja_harian.php')
 3 SYSTEMPATH\View\View.php(216): CodeIgniter\View\View->CodeIgniter\View\{closure}()
 4 SYSTEMPATH\Common.php(1134): CodeIgniter\View\View->render()
 5 APPPATH\Controllers\C_Kinerja_harian.php(69): view()
 6 SYSTEMPATH\CodeIgniter.php(927): App\Controllers\C_Kinerja_harian->edit()
 7 SYSTEMPATH\CodeIgniter.php(482): CodeIgniter\CodeIgniter->runController()
 8 SYSTEMPATH\CodeIgniter.php(351): CodeIgniter\CodeIgniter->handleRequest()
 9 FCPATH\index.php(67): CodeIgniter\CodeIgniter->run()
10 SYSTEMPATH\Commands\Server\rewrite.php(46): require_once('FCPATH\\index.php')
CRITICAL - 2022-12-26 04:10:21 --> Undefined array key "nama_pegawai"
in APPPATH\Views\kinerja_harian\v_edit_kinerja_harian.php on line 132.
 1 APPPATH\Views\kinerja_harian\v_edit_kinerja_harian.php(132): CodeIgniter\Debug\Exceptions->errorHandler()
 2 SYSTEMPATH\View\View.php(213): include('APPPATH\\Views\\kinerja_harian\\v_edit_kinerja_harian.php')
 3 SYSTEMPATH\View\View.php(216): CodeIgniter\View\View->CodeIgniter\View\{closure}()
 4 SYSTEMPATH\Common.php(1134): CodeIgniter\View\View->render()
 5 APPPATH\Controllers\C_Kinerja_harian.php(69): view()
 6 SYSTEMPATH\CodeIgniter.php(927): App\Controllers\C_Kinerja_harian->edit()
 7 SYSTEMPATH\CodeIgniter.php(482): CodeIgniter\CodeIgniter->runController()
 8 SYSTEMPATH\CodeIgniter.php(351): CodeIgniter\CodeIgniter->handleRequest()
 9 FCPATH\index.php(67): CodeIgniter\CodeIgniter->run()
10 SYSTEMPATH\Commands\Server\rewrite.php(46): require_once('FCPATH\\index.php')
CRITICAL - 2022-12-26 04:10:21 --> Undefined array key "nama_pegawai"
in APPPATH\Views\kinerja_harian\v_edit_kinerja_harian.php on line 132.
 1 APPPATH\Views\kinerja_harian\v_edit_kinerja_harian.php(132): CodeIgniter\Debug\Exceptions->errorHandler()
 2 SYSTEMPATH\View\View.php(213): include('APPPATH\\Views\\kinerja_harian\\v_edit_kinerja_harian.php')
 3 SYSTEMPATH\View\View.php(216): CodeIgniter\View\View->CodeIgniter\View\{closure}()
 4 SYSTEMPATH\Common.php(1134): CodeIgniter\View\View->render()
 5 APPPATH\Controllers\C_Kinerja_harian.php(69): view()
 6 SYSTEMPATH\CodeIgniter.php(927): App\Controllers\C_Kinerja_harian->edit()
 7 SYSTEMPATH\CodeIgniter.php(482): CodeIgniter\CodeIgniter->runController()
 8 SYSTEMPATH\CodeIgniter.php(351): CodeIgniter\CodeIgniter->handleRequest()
 9 FCPATH\index.php(67): CodeIgniter\CodeIgniter->run()
10 SYSTEMPATH\Commands\Server\rewrite.php(46): require_once('FCPATH\\index.php')
CRITICAL - 2022-12-26 04:10:22 --> Undefined array key "nama_pegawai"
in APPPATH\Views\kinerja_harian\v_edit_kinerja_harian.php on line 132.
 1 APPPATH\Views\kinerja_harian\v_edit_kinerja_harian.php(132): CodeIgniter\Debug\Exceptions->errorHandler()
 2 SYSTEMPATH\View\View.php(213): include('APPPATH\\Views\\kinerja_harian\\v_edit_kinerja_harian.php')
 3 SYSTEMPATH\View\View.php(216): CodeIgniter\View\View->CodeIgniter\View\{closure}()
 4 SYSTEMPATH\Common.php(1134): CodeIgniter\View\View->render()
 5 APPPATH\Controllers\C_Kinerja_harian.php(69): view()
 6 SYSTEMPATH\CodeIgniter.php(927): App\Controllers\C_Kinerja_harian->edit()
 7 SYSTEMPATH\CodeIgniter.php(482): CodeIgniter\CodeIgniter->runController()
 8 SYSTEMPATH\CodeIgniter.php(351): CodeIgniter\CodeIgniter->handleRequest()
 9 FCPATH\index.php(67): CodeIgniter\CodeIgniter->run()
10 SYSTEMPATH\Commands\Server\rewrite.php(46): require_once('FCPATH\\index.php')
CRITICAL - 2022-12-26 04:10:22 --> Undefined array key "nama_pegawai"
in APPPATH\Views\kinerja_harian\v_edit_kinerja_harian.php on line 132.
 1 APPPATH\Views\kinerja_harian\v_edit_kinerja_harian.php(132): CodeIgniter\Debug\Exceptions->errorHandler()
 2 SYSTEMPATH\View\View.php(213): include('APPPATH\\Views\\kinerja_harian\\v_edit_kinerja_harian.php')
 3 SYSTEMPATH\View\View.php(216): CodeIgniter\View\View->CodeIgniter\View\{closure}()
 4 SYSTEMPATH\Common.php(1134): CodeIgniter\View\View->render()
 5 APPPATH\Controllers\C_Kinerja_harian.php(69): view()
 6 SYSTEMPATH\CodeIgniter.php(927): App\Controllers\C_Kinerja_harian->edit()
 7 SYSTEMPATH\CodeIgniter.php(482): CodeIgniter\CodeIgniter->runController()
 8 SYSTEMPATH\CodeIgniter.php(351): CodeIgniter\CodeIgniter->handleRequest()
 9 FCPATH\index.php(67): CodeIgniter\CodeIgniter->run()
10 SYSTEMPATH\Commands\Server\rewrite.php(46): require_once('FCPATH\\index.php')
CRITICAL - 2022-12-26 04:12:06 --> Undefined array key "nama_pegawai"
in APPPATH\Views\kinerja_harian\v_edit_kinerja_harian.php on line 132.
 1 APPPATH\Views\kinerja_harian\v_edit_kinerja_harian.php(132): CodeIgniter\Debug\Exceptions->errorHandler()
 2 SYSTEMPATH\View\View.php(213): include('APPPATH\\Views\\kinerja_harian\\v_edit_kinerja_harian.php')
 3 SYSTEMPATH\View\View.php(216): CodeIgniter\View\View->CodeIgniter\View\{closure}()
 4 SYSTEMPATH\Common.php(1134): CodeIgniter\View\View->render()
 5 APPPATH\Controllers\C_Kinerja_harian.php(69): view()
 6 SYSTEMPATH\CodeIgniter.php(927): App\Controllers\C_Kinerja_harian->edit()
 7 SYSTEMPATH\CodeIgniter.php(482): CodeIgniter\CodeIgniter->runController()
 8 SYSTEMPATH\CodeIgniter.php(351): CodeIgniter\CodeIgniter->handleRequest()
 9 FCPATH\index.php(67): CodeIgniter\CodeIgniter->run()
10 SYSTEMPATH\Commands\Server\rewrite.php(46): require_once('FCPATH\\index.php')
CRITICAL - 2022-12-26 04:12:07 --> Undefined array key "nama_pegawai"
in APPPATH\Views\kinerja_harian\v_edit_kinerja_harian.php on line 132.
 1 APPPATH\Views\kinerja_harian\v_edit_kinerja_harian.php(132): CodeIgniter\Debug\Exceptions->errorHandler()
 2 SYSTEMPATH\View\View.php(213): include('APPPATH\\Views\\kinerja_harian\\v_edit_kinerja_harian.php')
 3 SYSTEMPATH\View\View.php(216): CodeIgniter\View\View->CodeIgniter\View\{closure}()
 4 SYSTEMPATH\Common.php(1134): CodeIgniter\View\View->render()
 5 APPPATH\Controllers\C_Kinerja_harian.php(69): view()
 6 SYSTEMPATH\CodeIgniter.php(927): App\Controllers\C_Kinerja_harian->edit()
 7 SYSTEMPATH\CodeIgniter.php(482): CodeIgniter\CodeIgniter->runController()
 8 SYSTEMPATH\CodeIgniter.php(351): CodeIgniter\CodeIgniter->handleRequest()
 9 FCPATH\index.php(67): CodeIgniter\CodeIgniter->run()
10 SYSTEMPATH\Commands\Server\rewrite.php(46): require_once('FCPATH\\index.php')
CRITICAL - 2022-12-26 04:12:08 --> Undefined array key "nama_pegawai"
in APPPATH\Views\kinerja_harian\v_edit_kinerja_harian.php on line 132.
 1 APPPATH\Views\kinerja_harian\v_edit_kinerja_harian.php(132): CodeIgniter\Debug\Exceptions->errorHandler()
 2 SYSTEMPATH\View\View.php(213): include('APPPATH\\Views\\kinerja_harian\\v_edit_kinerja_harian.php')
 3 SYSTEMPATH\View\View.php(216): CodeIgniter\View\View->CodeIgniter\View\{closure}()
 4 SYSTEMPATH\Common.php(1134): CodeIgniter\View\View->render()
 5 APPPATH\Controllers\C_Kinerja_harian.php(69): view()
 6 SYSTEMPATH\CodeIgniter.php(927): App\Controllers\C_Kinerja_harian->edit()
 7 SYSTEMPATH\CodeIgniter.php(482): CodeIgniter\CodeIgniter->runController()
 8 SYSTEMPATH\CodeIgniter.php(351): CodeIgniter\CodeIgniter->handleRequest()
 9 FCPATH\index.php(67): CodeIgniter\CodeIgniter->run()
10 SYSTEMPATH\Commands\Server\rewrite.php(46): require_once('FCPATH\\index.php')
CRITICAL - 2022-12-26 04:12:08 --> Undefined array key "nama_pegawai"
in APPPATH\Views\kinerja_harian\v_edit_kinerja_harian.php on line 132.
 1 APPPATH\Views\kinerja_harian\v_edit_kinerja_harian.php(132): CodeIgniter\Debug\Exceptions->errorHandler()
 2 SYSTEMPATH\View\View.php(213): include('APPPATH\\Views\\kinerja_harian\\v_edit_kinerja_harian.php')
 3 SYSTEMPATH\View\View.php(216): CodeIgniter\View\View->CodeIgniter\View\{closure}()
 4 SYSTEMPATH\Common.php(1134): CodeIgniter\View\View->render()
 5 APPPATH\Controllers\C_Kinerja_harian.php(69): view()
 6 SYSTEMPATH\CodeIgniter.php(927): App\Controllers\C_Kinerja_harian->edit()
 7 SYSTEMPATH\CodeIgniter.php(482): CodeIgniter\CodeIgniter->runController()
 8 SYSTEMPATH\CodeIgniter.php(351): CodeIgniter\CodeIgniter->handleRequest()
 9 FCPATH\index.php(67): CodeIgniter\CodeIgniter->run()
10 SYSTEMPATH\Commands\Server\rewrite.php(46): require_once('FCPATH\\index.php')
CRITICAL - 2022-12-26 04:12:09 --> Undefined array key "nama_pegawai"
in APPPATH\Views\kinerja_harian\v_edit_kinerja_harian.php on line 132.
 1 APPPATH\Views\kinerja_harian\v_edit_kinerja_harian.php(132): CodeIgniter\Debug\Exceptions->errorHandler()
 2 SYSTEMPATH\View\View.php(213): include('APPPATH\\Views\\kinerja_harian\\v_edit_kinerja_harian.php')
 3 SYSTEMPATH\View\View.php(216): CodeIgniter\View\View->CodeIgniter\View\{closure}()
 4 SYSTEMPATH\Common.php(1134): CodeIgniter\View\View->render()
 5 APPPATH\Controllers\C_Kinerja_harian.php(69): view()
 6 SYSTEMPATH\CodeIgniter.php(927): App\Controllers\C_Kinerja_harian->edit()
 7 SYSTEMPATH\CodeIgniter.php(482): CodeIgniter\CodeIgniter->runController()
 8 SYSTEMPATH\CodeIgniter.php(351): CodeIgniter\CodeIgniter->handleRequest()
 9 FCPATH\index.php(67): CodeIgniter\CodeIgniter->run()
10 SYSTEMPATH\Commands\Server\rewrite.php(46): require_once('FCPATH\\index.php')
