CRITICAL - 2022-12-21 02:39:37 --> Class "App\Controllers\M_pegawai" not found
in APPPATH\Controllers\C_Kinerja_harian.php on line 68.
 1 SYSTEMPATH\CodeIgniter.php(927): App\Controllers\C_Kinerja_harian->hapus()
 2 SYSTEMPATH\CodeIgniter.php(482): CodeIgniter\CodeIgniter->runController()
 3 SYSTEMPATH\CodeIgniter.php(351): CodeIgniter\CodeIgniter->handleRequest()
 4 FCPATH\index.php(67): CodeIgniter\CodeIgniter->run()
 5 SYSTEMPATH\Commands\Server\rewrite.php(46): require_once('FCPATH\\index.php')
CRITICAL - 2022-12-21 11:00:26 --> Undefined variable $kinerja_harians
in APPPATH\Views\kinerja_harian\v_tambah_kinerja_harian.php on line 131.
 1 APPPATH\Views\kinerja_harian\v_tambah_kinerja_harian.php(131): CodeIgniter\Debug\Exceptions->errorHandler()
 2 SYSTEMPATH\View\View.php(213): include('APPPATH\\Views\\kinerja_harian\\v_tambah_kinerja_harian.php')
 3 SYSTEMPATH\View\View.php(216): CodeIgniter\View\View->CodeIgniter\View\{closure}()
 4 SYSTEMPATH\Common.php(1134): CodeIgniter\View\View->render()
 5 APPPATH\Controllers\C_Kinerja_harian.php(18): view()
 6 SYSTEMPATH\CodeIgniter.php(927): App\Controllers\C_Kinerja_harian->tambah_kinerja_harian()
 7 SYSTEMPATH\CodeIgniter.php(482): CodeIgniter\CodeIgniter->runController()
 8 SYSTEMPATH\CodeIgniter.php(351): CodeIgniter\CodeIgniter->handleRequest()
 9 FCPATH\index.php(67): CodeIgniter\CodeIgniter->run()
10 SYSTEMPATH\Commands\Server\rewrite.php(46): require_once('FCPATH\\index.php')
CRITICAL - 2022-12-21 11:02:42 --> Undefined variable $kinerja_harians
in APPPATH\Views\kinerja_harian\v_tambah_kinerja_harian.php on line 131.
 1 APPPATH\Views\kinerja_harian\v_tambah_kinerja_harian.php(131): CodeIgniter\Debug\Exceptions->errorHandler()
 2 SYSTEMPATH\View\View.php(213): include('APPPATH\\Views\\kinerja_harian\\v_tambah_kinerja_harian.php')
 3 SYSTEMPATH\View\View.php(216): CodeIgniter\View\View->CodeIgniter\View\{closure}()
 4 SYSTEMPATH\Common.php(1134): CodeIgniter\View\View->render()
 5 APPPATH\Controllers\C_Kinerja_harian.php(18): view()
 6 SYSTEMPATH\CodeIgniter.php(927): App\Controllers\C_Kinerja_harian->tambah_kinerja_harian()
 7 SYSTEMPATH\CodeIgniter.php(482): CodeIgniter\CodeIgniter->runController()
 8 SYSTEMPATH\CodeIgniter.php(351): CodeIgniter\CodeIgniter->handleRequest()
 9 FCPATH\index.php(67): CodeIgniter\CodeIgniter->run()
10 SYSTEMPATH\Commands\Server\rewrite.php(46): require_once('FCPATH\\index.php')
CRITICAL - 2022-12-21 11:04:49 --> Undefined variable $kinerja_harians
in APPPATH\Views\kinerja_harian\v_tambah_kinerja_harian.php on line 131.
 1 APPPATH\Views\kinerja_harian\v_tambah_kinerja_harian.php(131): CodeIgniter\Debug\Exceptions->errorHandler()
 2 SYSTEMPATH\View\View.php(213): include('APPPATH\\Views\\kinerja_harian\\v_tambah_kinerja_harian.php')
 3 SYSTEMPATH\View\View.php(216): CodeIgniter\View\View->CodeIgniter\View\{closure}()
 4 SYSTEMPATH\Common.php(1134): CodeIgniter\View\View->render()
 5 APPPATH\Controllers\C_Kinerja_harian.php(18): view()
 6 SYSTEMPATH\CodeIgniter.php(927): App\Controllers\C_Kinerja_harian->tambah_kinerja_harian()
 7 SYSTEMPATH\CodeIgniter.php(482): CodeIgniter\CodeIgniter->runController()
 8 SYSTEMPATH\CodeIgniter.php(351): CodeIgniter\CodeIgniter->handleRequest()
 9 FCPATH\index.php(67): CodeIgniter\CodeIgniter->run()
10 SYSTEMPATH\Commands\Server\rewrite.php(46): require_once('FCPATH\\index.php')
CRITICAL - 2022-12-21 11:06:45 --> Undefined variable $kinerja_harians
in APPPATH\Views\kinerja_harian\v_tambah_kinerja_harian.php on line 131.
 1 APPPATH\Views\kinerja_harian\v_tambah_kinerja_harian.php(131): CodeIgniter\Debug\Exceptions->errorHandler()
 2 SYSTEMPATH\View\View.php(213): include('APPPATH\\Views\\kinerja_harian\\v_tambah_kinerja_harian.php')
 3 SYSTEMPATH\View\View.php(216): CodeIgniter\View\View->CodeIgniter\View\{closure}()
 4 SYSTEMPATH\Common.php(1134): CodeIgniter\View\View->render()
 5 APPPATH\Controllers\C_Kinerja_harian.php(18): view()
 6 SYSTEMPATH\CodeIgniter.php(927): App\Controllers\C_Kinerja_harian->tambah_kinerja_harian()
 7 SYSTEMPATH\CodeIgniter.php(482): CodeIgniter\CodeIgniter->runController()
 8 SYSTEMPATH\CodeIgniter.php(351): CodeIgniter\CodeIgniter->handleRequest()
 9 FCPATH\index.php(67): CodeIgniter\CodeIgniter->run()
10 SYSTEMPATH\Commands\Server\rewrite.php(46): require_once('FCPATH\\index.php')
CRITICAL - 2022-12-21 11:10:54 --> Cannot use object of type stdClass as array
in APPPATH\Views\kinerja_harian\v_tambah_kinerja_harian.php on line 132.
 1 SYSTEMPATH\View\View.php(213): include()
 2 SYSTEMPATH\View\View.php(216): CodeIgniter\View\View->CodeIgniter\View\{closure}()
 3 SYSTEMPATH\Common.php(1134): CodeIgniter\View\View->render()
 4 APPPATH\Controllers\C_Kinerja_harian.php(37): view()
 5 SYSTEMPATH\CodeIgniter.php(927): App\Controllers\C_Kinerja_harian->tambah_data()
 6 SYSTEMPATH\CodeIgniter.php(482): CodeIgniter\CodeIgniter->runController()
 7 SYSTEMPATH\CodeIgniter.php(351): CodeIgniter\CodeIgniter->handleRequest()
 8 FCPATH\index.php(67): CodeIgniter\CodeIgniter->run()
 9 SYSTEMPATH\Commands\Server\rewrite.php(46): require_once('FCPATH\\index.php')
CRITICAL - 2022-12-21 11:11:59 --> Cannot use object of type stdClass as array
in APPPATH\Views\kinerja_harian\v_tambah_kinerja_harian.php on line 132.
 1 SYSTEMPATH\View\View.php(213): include()
 2 SYSTEMPATH\View\View.php(216): CodeIgniter\View\View->CodeIgniter\View\{closure}()
 3 SYSTEMPATH\Common.php(1134): CodeIgniter\View\View->render()
 4 APPPATH\Controllers\C_Kinerja_harian.php(37): view()
 5 SYSTEMPATH\CodeIgniter.php(927): App\Controllers\C_Kinerja_harian->tambah_data()
 6 SYSTEMPATH\CodeIgniter.php(482): CodeIgniter\CodeIgniter->runController()
 7 SYSTEMPATH\CodeIgniter.php(351): CodeIgniter\CodeIgniter->handleRequest()
 8 FCPATH\index.php(67): CodeIgniter\CodeIgniter->run()
 9 SYSTEMPATH\Commands\Server\rewrite.php(46): require_once('FCPATH\\index.php')
CRITICAL - 2022-12-21 11:12:05 --> Cannot use object of type stdClass as array
in APPPATH\Views\kinerja_harian\v_tambah_kinerja_harian.php on line 132.
 1 SYSTEMPATH\View\View.php(213): include()
 2 SYSTEMPATH\View\View.php(216): CodeIgniter\View\View->CodeIgniter\View\{closure}()
 3 SYSTEMPATH\Common.php(1134): CodeIgniter\View\View->render()
 4 APPPATH\Controllers\C_Kinerja_harian.php(37): view()
 5 SYSTEMPATH\CodeIgniter.php(927): App\Controllers\C_Kinerja_harian->tambah_data()
 6 SYSTEMPATH\CodeIgniter.php(482): CodeIgniter\CodeIgniter->runController()
 7 SYSTEMPATH\CodeIgniter.php(351): CodeIgniter\CodeIgniter->handleRequest()
 8 FCPATH\index.php(67): CodeIgniter\CodeIgniter->run()
 9 SYSTEMPATH\Commands\Server\rewrite.php(46): require_once('FCPATH\\index.php')
CRITICAL - 2022-12-21 11:16:21 --> Class "App\Controllers\M_master_pegawai" not found
in APPPATH\Controllers\C_Kinerja_harian.php on line 36.
 1 SYSTEMPATH\CodeIgniter.php(927): App\Controllers\C_Kinerja_harian->tambah_data()
 2 SYSTEMPATH\CodeIgniter.php(482): CodeIgniter\CodeIgniter->runController()
 3 SYSTEMPATH\CodeIgniter.php(351): CodeIgniter\CodeIgniter->handleRequest()
 4 FCPATH\index.php(67): CodeIgniter\CodeIgniter->run()
 5 SYSTEMPATH\Commands\Server\rewrite.php(46): require_once('FCPATH\\index.php')
ERROR - 2022-12-21 11:22:55 --> mysqli_sql_exception: Column 'posisi_pegawai' cannot be null in C:\xampp\htdocs\e-kegiatan\vendor\codeigniter4\framework\system\Database\MySQLi\Connection.php:292
Stack trace:
#0 C:\xampp\htdocs\e-kegiatan\vendor\codeigniter4\framework\system\Database\MySQLi\Connection.php(292): mysqli->query()
#1 C:\xampp\htdocs\e-kegiatan\vendor\codeigniter4\framework\system\Database\BaseConnection.php(666): CodeIgniter\Database\MySQLi\Connection->execute()
#2 C:\xampp\htdocs\e-kegiatan\vendor\codeigniter4\framework\system\Database\BaseConnection.php(593): CodeIgniter\Database\BaseConnection->simpleQuery()
#3 C:\xampp\htdocs\e-kegiatan\vendor\codeigniter4\framework\system\Database\BaseBuilder.php(1916): CodeIgniter\Database\BaseConnection->query()
#4 C:\xampp\htdocs\e-kegiatan\app\Models\M_kinerja_harian.php(25): CodeIgniter\Database\BaseBuilder->insert()
#5 C:\xampp\htdocs\e-kegiatan\app\Controllers\C_Kinerja_harian.php(33): App\Models\M_kinerja_harian->tambah()
#6 C:\xampp\htdocs\e-kegiatan\vendor\codeigniter4\framework\system\CodeIgniter.php(927): App\Controllers\C_Kinerja_harian->tambah_data()
#7 C:\xampp\htdocs\e-kegiatan\vendor\codeigniter4\framework\system\CodeIgniter.php(482): CodeIgniter\CodeIgniter->runController()
#8 C:\xampp\htdocs\e-kegiatan\vendor\codeigniter4\framework\system\CodeIgniter.php(351): CodeIgniter\CodeIgniter->handleRequest()
#9 C:\xampp\htdocs\e-kegiatan\public\index.php(67): CodeIgniter\CodeIgniter->run()
#10 C:\xampp\htdocs\e-kegiatan\vendor\codeigniter4\framework\system\Commands\Server\rewrite.php(46): require_once('...')
#11 {main}
CRITICAL - 2022-12-21 11:22:55 --> Column 'posisi_pegawai' cannot be null
in SYSTEMPATH\Database\MySQLi\Connection.php on line 292.
 1 SYSTEMPATH\Database\MySQLi\Connection.php(292): mysqli->query()
 2 SYSTEMPATH\Database\BaseConnection.php(666): CodeIgniter\Database\MySQLi\Connection->execute()
 3 SYSTEMPATH\Database\BaseConnection.php(593): CodeIgniter\Database\BaseConnection->simpleQuery()
 4 SYSTEMPATH\Database\BaseBuilder.php(1916): CodeIgniter\Database\BaseConnection->query()
 5 APPPATH\Models\M_kinerja_harian.php(25): CodeIgniter\Database\BaseBuilder->insert()
 6 APPPATH\Controllers\C_Kinerja_harian.php(33): App\Models\M_kinerja_harian->tambah()
 7 SYSTEMPATH\CodeIgniter.php(927): App\Controllers\C_Kinerja_harian->tambah_data()
 8 SYSTEMPATH\CodeIgniter.php(482): CodeIgniter\CodeIgniter->runController()
 9 SYSTEMPATH\CodeIgniter.php(351): CodeIgniter\CodeIgniter->handleRequest()
10 FCPATH\index.php(67): CodeIgniter\CodeIgniter->run()
11 SYSTEMPATH\Commands\Server\rewrite.php(46): require_once('FCPATH\\index.php')
ERROR - 2022-12-21 11:24:06 --> mysqli_sql_exception: Column 'posisi_pegawai' cannot be null in C:\xampp\htdocs\e-kegiatan\vendor\codeigniter4\framework\system\Database\MySQLi\Connection.php:292
Stack trace:
#0 C:\xampp\htdocs\e-kegiatan\vendor\codeigniter4\framework\system\Database\MySQLi\Connection.php(292): mysqli->query()
#1 C:\xampp\htdocs\e-kegiatan\vendor\codeigniter4\framework\system\Database\BaseConnection.php(666): CodeIgniter\Database\MySQLi\Connection->execute()
#2 C:\xampp\htdocs\e-kegiatan\vendor\codeigniter4\framework\system\Database\BaseConnection.php(593): CodeIgniter\Database\BaseConnection->simpleQuery()
#3 C:\xampp\htdocs\e-kegiatan\vendor\codeigniter4\framework\system\Database\BaseBuilder.php(1916): CodeIgniter\Database\BaseConnection->query()
#4 C:\xampp\htdocs\e-kegiatan\app\Models\M_kinerja_harian.php(25): CodeIgniter\Database\BaseBuilder->insert()
#5 C:\xampp\htdocs\e-kegiatan\app\Controllers\C_Kinerja_harian.php(33): App\Models\M_kinerja_harian->tambah()
#6 C:\xampp\htdocs\e-kegiatan\vendor\codeigniter4\framework\system\CodeIgniter.php(927): App\Controllers\C_Kinerja_harian->tambah_data()
#7 C:\xampp\htdocs\e-kegiatan\vendor\codeigniter4\framework\system\CodeIgniter.php(482): CodeIgniter\CodeIgniter->runController()
#8 C:\xampp\htdocs\e-kegiatan\vendor\codeigniter4\framework\system\CodeIgniter.php(351): CodeIgniter\CodeIgniter->handleRequest()
#9 C:\xampp\htdocs\e-kegiatan\public\index.php(67): CodeIgniter\CodeIgniter->run()
#10 C:\xampp\htdocs\e-kegiatan\vendor\codeigniter4\framework\system\Commands\Server\rewrite.php(46): require_once('...')
#11 {main}
CRITICAL - 2022-12-21 11:24:06 --> Column 'posisi_pegawai' cannot be null
in SYSTEMPATH\Database\MySQLi\Connection.php on line 292.
 1 SYSTEMPATH\Database\MySQLi\Connection.php(292): mysqli->query()
 2 SYSTEMPATH\Database\BaseConnection.php(666): CodeIgniter\Database\MySQLi\Connection->execute()
 3 SYSTEMPATH\Database\BaseConnection.php(593): CodeIgniter\Database\BaseConnection->simpleQuery()
 4 SYSTEMPATH\Database\BaseBuilder.php(1916): CodeIgniter\Database\BaseConnection->query()
 5 APPPATH\Models\M_kinerja_harian.php(25): CodeIgniter\Database\BaseBuilder->insert()
 6 APPPATH\Controllers\C_Kinerja_harian.php(33): App\Models\M_kinerja_harian->tambah()
 7 SYSTEMPATH\CodeIgniter.php(927): App\Controllers\C_Kinerja_harian->tambah_data()
 8 SYSTEMPATH\CodeIgniter.php(482): CodeIgniter\CodeIgniter->runController()
 9 SYSTEMPATH\CodeIgniter.php(351): CodeIgniter\CodeIgniter->handleRequest()
10 FCPATH\index.php(67): CodeIgniter\CodeIgniter->run()
11 SYSTEMPATH\Commands\Server\rewrite.php(46): require_once('FCPATH\\index.php')
ERROR - 2022-12-21 17:16:07 --> mysqli_sql_exception: Cannot add or update a child row: a foreign key constraint fails (`db_kpu`.`kinerja_harian`, CONSTRAINT `kinerja_harian_ibfk_1` FOREIGN KEY (`id_master_pegawai`) REFERENCES `master_pegawai` (`id_master_pegawai`) ON DELETE CASCADE ON UPDATE CASCADE) in C:\xampp\htdocs\e-kegiatan\vendor\codeigniter4\framework\system\Database\MySQLi\Connection.php:292
Stack trace:
#0 C:\xampp\htdocs\e-kegiatan\vendor\codeigniter4\framework\system\Database\MySQLi\Connection.php(292): mysqli->query()
#1 C:\xampp\htdocs\e-kegiatan\vendor\codeigniter4\framework\system\Database\BaseConnection.php(666): CodeIgniter\Database\MySQLi\Connection->execute()
#2 C:\xampp\htdocs\e-kegiatan\vendor\codeigniter4\framework\system\Database\BaseConnection.php(593): CodeIgniter\Database\BaseConnection->simpleQuery()
#3 C:\xampp\htdocs\e-kegiatan\vendor\codeigniter4\framework\system\Database\BaseBuilder.php(1916): CodeIgniter\Database\BaseConnection->query()
#4 C:\xampp\htdocs\e-kegiatan\app\Models\M_kinerja_harian.php(25): CodeIgniter\Database\BaseBuilder->insert()
#5 C:\xampp\htdocs\e-kegiatan\app\Controllers\C_Kinerja_harian.php(33): App\Models\M_kinerja_harian->tambah()
#6 C:\xampp\htdocs\e-kegiatan\vendor\codeigniter4\framework\system\CodeIgniter.php(927): App\Controllers\C_Kinerja_harian->tambah_data()
#7 C:\xampp\htdocs\e-kegiatan\vendor\codeigniter4\framework\system\CodeIgniter.php(482): CodeIgniter\CodeIgniter->runController()
#8 C:\xampp\htdocs\e-kegiatan\vendor\codeigniter4\framework\system\CodeIgniter.php(351): CodeIgniter\CodeIgniter->handleRequest()
#9 C:\xampp\htdocs\e-kegiatan\public\index.php(67): CodeIgniter\CodeIgniter->run()
#10 C:\xampp\htdocs\e-kegiatan\vendor\codeigniter4\framework\system\Commands\Server\rewrite.php(46): require_once('...')
#11 {main}
CRITICAL - 2022-12-21 17:16:07 --> Cannot add or update a child row: a foreign key constraint fails (`db_kpu`.`kinerja_harian`, CONSTRAINT `kinerja_harian_ibfk_1` FOREIGN KEY (`id_master_pegawai`) REFERENCES `master_pegawai` (`id_master_pegawai`) ON DELETE CASCADE ON UPDATE CASCADE)
in SYSTEMPATH\Database\MySQLi\Connection.php on line 292.
 1 SYSTEMPATH\Database\MySQLi\Connection.php(292): mysqli->query()
 2 SYSTEMPATH\Database\BaseConnection.php(666): CodeIgniter\Database\MySQLi\Connection->execute()
 3 SYSTEMPATH\Database\BaseConnection.php(593): CodeIgniter\Database\BaseConnection->simpleQuery()
 4 SYSTEMPATH\Database\BaseBuilder.php(1916): CodeIgniter\Database\BaseConnection->query()
 5 APPPATH\Models\M_kinerja_harian.php(25): CodeIgniter\Database\BaseBuilder->insert()
 6 APPPATH\Controllers\C_Kinerja_harian.php(33): App\Models\M_kinerja_harian->tambah()
 7 SYSTEMPATH\CodeIgniter.php(927): App\Controllers\C_Kinerja_harian->tambah_data()
 8 SYSTEMPATH\CodeIgniter.php(482): CodeIgniter\CodeIgniter->runController()
 9 SYSTEMPATH\CodeIgniter.php(351): CodeIgniter\CodeIgniter->handleRequest()
10 FCPATH\index.php(67): CodeIgniter\CodeIgniter->run()
11 SYSTEMPATH\Commands\Server\rewrite.php(46): require_once('FCPATH\\index.php')
ERROR - 2022-12-21 17:18:29 --> mysqli_sql_exception: Cannot add or update a child row: a foreign key constraint fails (`db_kpu`.`kinerja_harian`, CONSTRAINT `kinerja_harian_ibfk_1` FOREIGN KEY (`id_master_pegawai`) REFERENCES `master_pegawai` (`id_master_pegawai`) ON DELETE CASCADE ON UPDATE CASCADE) in C:\xampp\htdocs\e-kegiatan\vendor\codeigniter4\framework\system\Database\MySQLi\Connection.php:292
Stack trace:
#0 C:\xampp\htdocs\e-kegiatan\vendor\codeigniter4\framework\system\Database\MySQLi\Connection.php(292): mysqli->query()
#1 C:\xampp\htdocs\e-kegiatan\vendor\codeigniter4\framework\system\Database\BaseConnection.php(666): CodeIgniter\Database\MySQLi\Connection->execute()
#2 C:\xampp\htdocs\e-kegiatan\vendor\codeigniter4\framework\system\Database\BaseConnection.php(593): CodeIgniter\Database\BaseConnection->simpleQuery()
#3 C:\xampp\htdocs\e-kegiatan\vendor\codeigniter4\framework\system\Database\BaseBuilder.php(1916): CodeIgniter\Database\BaseConnection->query()
#4 C:\xampp\htdocs\e-kegiatan\app\Models\M_kinerja_harian.php(25): CodeIgniter\Database\BaseBuilder->insert()
#5 C:\xampp\htdocs\e-kegiatan\app\Controllers\C_Kinerja_harian.php(33): App\Models\M_kinerja_harian->tambah()
#6 C:\xampp\htdocs\e-kegiatan\vendor\codeigniter4\framework\system\CodeIgniter.php(927): App\Controllers\C_Kinerja_harian->tambah_data()
#7 C:\xampp\htdocs\e-kegiatan\vendor\codeigniter4\framework\system\CodeIgniter.php(482): CodeIgniter\CodeIgniter->runController()
#8 C:\xampp\htdocs\e-kegiatan\vendor\codeigniter4\framework\system\CodeIgniter.php(351): CodeIgniter\CodeIgniter->handleRequest()
#9 C:\xampp\htdocs\e-kegiatan\public\index.php(67): CodeIgniter\CodeIgniter->run()
#10 C:\xampp\htdocs\e-kegiatan\vendor\codeigniter4\framework\system\Commands\Server\rewrite.php(46): require_once('...')
#11 {main}
CRITICAL - 2022-12-21 17:18:29 --> Cannot add or update a child row: a foreign key constraint fails (`db_kpu`.`kinerja_harian`, CONSTRAINT `kinerja_harian_ibfk_1` FOREIGN KEY (`id_master_pegawai`) REFERENCES `master_pegawai` (`id_master_pegawai`) ON DELETE CASCADE ON UPDATE CASCADE)
in SYSTEMPATH\Database\MySQLi\Connection.php on line 292.
 1 SYSTEMPATH\Database\MySQLi\Connection.php(292): mysqli->query()
 2 SYSTEMPATH\Database\BaseConnection.php(666): CodeIgniter\Database\MySQLi\Connection->execute()
 3 SYSTEMPATH\Database\BaseConnection.php(593): CodeIgniter\Database\BaseConnection->simpleQuery()
 4 SYSTEMPATH\Database\BaseBuilder.php(1916): CodeIgniter\Database\BaseConnection->query()
 5 APPPATH\Models\M_kinerja_harian.php(25): CodeIgniter\Database\BaseBuilder->insert()
 6 APPPATH\Controllers\C_Kinerja_harian.php(33): App\Models\M_kinerja_harian->tambah()
 7 SYSTEMPATH\CodeIgniter.php(927): App\Controllers\C_Kinerja_harian->tambah_data()
 8 SYSTEMPATH\CodeIgniter.php(482): CodeIgniter\CodeIgniter->runController()
 9 SYSTEMPATH\CodeIgniter.php(351): CodeIgniter\CodeIgniter->handleRequest()
10 FCPATH\index.php(67): CodeIgniter\CodeIgniter->run()
11 SYSTEMPATH\Commands\Server\rewrite.php(46): require_once('FCPATH\\index.php')
ERROR - 2022-12-21 17:27:03 --> mysqli_sql_exception: Cannot add or update a child row: a foreign key constraint fails (`db_kpu`.`kinerja_harian`, CONSTRAINT `kinerja_harian_ibfk_1` FOREIGN KEY (`id_master_pegawai`) REFERENCES `master_pegawai` (`id_master_pegawai`) ON DELETE CASCADE ON UPDATE CASCADE) in C:\xampp\htdocs\e-kegiatan\vendor\codeigniter4\framework\system\Database\MySQLi\Connection.php:292
Stack trace:
#0 C:\xampp\htdocs\e-kegiatan\vendor\codeigniter4\framework\system\Database\MySQLi\Connection.php(292): mysqli->query()
#1 C:\xampp\htdocs\e-kegiatan\vendor\codeigniter4\framework\system\Database\BaseConnection.php(666): CodeIgniter\Database\MySQLi\Connection->execute()
#2 C:\xampp\htdocs\e-kegiatan\vendor\codeigniter4\framework\system\Database\BaseConnection.php(593): CodeIgniter\Database\BaseConnection->simpleQuery()
#3 C:\xampp\htdocs\e-kegiatan\vendor\codeigniter4\framework\system\Database\BaseBuilder.php(1916): CodeIgniter\Database\BaseConnection->query()
#4 C:\xampp\htdocs\e-kegiatan\app\Models\M_kinerja_harian.php(25): CodeIgniter\Database\BaseBuilder->insert()
#5 C:\xampp\htdocs\e-kegiatan\app\Controllers\C_Kinerja_harian.php(33): App\Models\M_kinerja_harian->tambah()
#6 C:\xampp\htdocs\e-kegiatan\vendor\codeigniter4\framework\system\CodeIgniter.php(927): App\Controllers\C_Kinerja_harian->tambah_data()
#7 C:\xampp\htdocs\e-kegiatan\vendor\codeigniter4\framework\system\CodeIgniter.php(482): CodeIgniter\CodeIgniter->runController()
#8 C:\xampp\htdocs\e-kegiatan\vendor\codeigniter4\framework\system\CodeIgniter.php(351): CodeIgniter\CodeIgniter->handleRequest()
#9 C:\xampp\htdocs\e-kegiatan\public\index.php(67): CodeIgniter\CodeIgniter->run()
#10 C:\xampp\htdocs\e-kegiatan\vendor\codeigniter4\framework\system\Commands\Server\rewrite.php(46): require_once('...')
#11 {main}
CRITICAL - 2022-12-21 17:27:03 --> Cannot add or update a child row: a foreign key constraint fails (`db_kpu`.`kinerja_harian`, CONSTRAINT `kinerja_harian_ibfk_1` FOREIGN KEY (`id_master_pegawai`) REFERENCES `master_pegawai` (`id_master_pegawai`) ON DELETE CASCADE ON UPDATE CASCADE)
in SYSTEMPATH\Database\MySQLi\Connection.php on line 292.
 1 SYSTEMPATH\Database\MySQLi\Connection.php(292): mysqli->query()
 2 SYSTEMPATH\Database\BaseConnection.php(666): CodeIgniter\Database\MySQLi\Connection->execute()
 3 SYSTEMPATH\Database\BaseConnection.php(593): CodeIgniter\Database\BaseConnection->simpleQuery()
 4 SYSTEMPATH\Database\BaseBuilder.php(1916): CodeIgniter\Database\BaseConnection->query()
 5 APPPATH\Models\M_kinerja_harian.php(25): CodeIgniter\Database\BaseBuilder->insert()
 6 APPPATH\Controllers\C_Kinerja_harian.php(33): App\Models\M_kinerja_harian->tambah()
 7 SYSTEMPATH\CodeIgniter.php(927): App\Controllers\C_Kinerja_harian->tambah_data()
 8 SYSTEMPATH\CodeIgniter.php(482): CodeIgniter\CodeIgniter->runController()
 9 SYSTEMPATH\CodeIgniter.php(351): CodeIgniter\CodeIgniter->handleRequest()
10 FCPATH\index.php(67): CodeIgniter\CodeIgniter->run()
11 SYSTEMPATH\Commands\Server\rewrite.php(46): require_once('FCPATH\\index.php')
ERROR - 2022-12-21 17:29:50 --> mysqli_sql_exception: Cannot add or update a child row: a foreign key constraint fails (`db_kpu`.`kinerja_harian`, CONSTRAINT `kinerja_harian_ibfk_1` FOREIGN KEY (`id_master_pegawai`) REFERENCES `master_pegawai` (`id_master_pegawai`) ON DELETE CASCADE ON UPDATE NO ACTION) in C:\xampp\htdocs\e-kegiatan\vendor\codeigniter4\framework\system\Database\MySQLi\Connection.php:292
Stack trace:
#0 C:\xampp\htdocs\e-kegiatan\vendor\codeigniter4\framework\system\Database\MySQLi\Connection.php(292): mysqli->query()
#1 C:\xampp\htdocs\e-kegiatan\vendor\codeigniter4\framework\system\Database\BaseConnection.php(666): CodeIgniter\Database\MySQLi\Connection->execute()
#2 C:\xampp\htdocs\e-kegiatan\vendor\codeigniter4\framework\system\Database\BaseConnection.php(593): CodeIgniter\Database\BaseConnection->simpleQuery()
#3 C:\xampp\htdocs\e-kegiatan\vendor\codeigniter4\framework\system\Database\BaseBuilder.php(1916): CodeIgniter\Database\BaseConnection->query()
#4 C:\xampp\htdocs\e-kegiatan\app\Models\M_kinerja_harian.php(25): CodeIgniter\Database\BaseBuilder->insert()
#5 C:\xampp\htdocs\e-kegiatan\app\Controllers\C_Kinerja_harian.php(33): App\Models\M_kinerja_harian->tambah()
#6 C:\xampp\htdocs\e-kegiatan\vendor\codeigniter4\framework\system\CodeIgniter.php(927): App\Controllers\C_Kinerja_harian->tambah_data()
#7 C:\xampp\htdocs\e-kegiatan\vendor\codeigniter4\framework\system\CodeIgniter.php(482): CodeIgniter\CodeIgniter->runController()
#8 C:\xampp\htdocs\e-kegiatan\vendor\codeigniter4\framework\system\CodeIgniter.php(351): CodeIgniter\CodeIgniter->handleRequest()
#9 C:\xampp\htdocs\e-kegiatan\public\index.php(67): CodeIgniter\CodeIgniter->run()
#10 C:\xampp\htdocs\e-kegiatan\vendor\codeigniter4\framework\system\Commands\Server\rewrite.php(46): require_once('...')
#11 {main}
CRITICAL - 2022-12-21 17:29:50 --> Cannot add or update a child row: a foreign key constraint fails (`db_kpu`.`kinerja_harian`, CONSTRAINT `kinerja_harian_ibfk_1` FOREIGN KEY (`id_master_pegawai`) REFERENCES `master_pegawai` (`id_master_pegawai`) ON DELETE CASCADE ON UPDATE NO ACTION)
in SYSTEMPATH\Database\MySQLi\Connection.php on line 292.
 1 SYSTEMPATH\Database\MySQLi\Connection.php(292): mysqli->query()
 2 SYSTEMPATH\Database\BaseConnection.php(666): CodeIgniter\Database\MySQLi\Connection->execute()
 3 SYSTEMPATH\Database\BaseConnection.php(593): CodeIgniter\Database\BaseConnection->simpleQuery()
 4 SYSTEMPATH\Database\BaseBuilder.php(1916): CodeIgniter\Database\BaseConnection->query()
 5 APPPATH\Models\M_kinerja_harian.php(25): CodeIgniter\Database\BaseBuilder->insert()
 6 APPPATH\Controllers\C_Kinerja_harian.php(33): App\Models\M_kinerja_harian->tambah()
 7 SYSTEMPATH\CodeIgniter.php(927): App\Controllers\C_Kinerja_harian->tambah_data()
 8 SYSTEMPATH\CodeIgniter.php(482): CodeIgniter\CodeIgniter->runController()
 9 SYSTEMPATH\CodeIgniter.php(351): CodeIgniter\CodeIgniter->handleRequest()
10 FCPATH\index.php(67): CodeIgniter\CodeIgniter->run()
11 SYSTEMPATH\Commands\Server\rewrite.php(46): require_once('FCPATH\\index.php')
ERROR - 2022-12-21 17:37:31 --> mysqli_sql_exception: Cannot add or update a child row: a foreign key constraint fails (`db_kpu`.`kinerja_harian`, CONSTRAINT `kinerja_harian_ibfk_1` FOREIGN KEY (`id_master_pegawai`) REFERENCES `master_pegawai` (`id_master_pegawai`) ON DELETE CASCADE ON UPDATE NO ACTION) in C:\xampp\htdocs\e-kegiatan\vendor\codeigniter4\framework\system\Database\MySQLi\Connection.php:292
Stack trace:
#0 C:\xampp\htdocs\e-kegiatan\vendor\codeigniter4\framework\system\Database\MySQLi\Connection.php(292): mysqli->query()
#1 C:\xampp\htdocs\e-kegiatan\vendor\codeigniter4\framework\system\Database\BaseConnection.php(666): CodeIgniter\Database\MySQLi\Connection->execute()
#2 C:\xampp\htdocs\e-kegiatan\vendor\codeigniter4\framework\system\Database\BaseConnection.php(593): CodeIgniter\Database\BaseConnection->simpleQuery()
#3 C:\xampp\htdocs\e-kegiatan\vendor\codeigniter4\framework\system\Database\BaseBuilder.php(1916): CodeIgniter\Database\BaseConnection->query()
#4 C:\xampp\htdocs\e-kegiatan\app\Models\M_kinerja_harian.php(25): CodeIgniter\Database\BaseBuilder->insert()
#5 C:\xampp\htdocs\e-kegiatan\app\Controllers\C_Kinerja_harian.php(33): App\Models\M_kinerja_harian->tambah()
#6 C:\xampp\htdocs\e-kegiatan\vendor\codeigniter4\framework\system\CodeIgniter.php(927): App\Controllers\C_Kinerja_harian->tambah_data()
#7 C:\xampp\htdocs\e-kegiatan\vendor\codeigniter4\framework\system\CodeIgniter.php(482): CodeIgniter\CodeIgniter->runController()
#8 C:\xampp\htdocs\e-kegiatan\vendor\codeigniter4\framework\system\CodeIgniter.php(351): CodeIgniter\CodeIgniter->handleRequest()
#9 C:\xampp\htdocs\e-kegiatan\public\index.php(67): CodeIgniter\CodeIgniter->run()
#10 C:\xampp\htdocs\e-kegiatan\vendor\codeigniter4\framework\system\Commands\Server\rewrite.php(46): require_once('...')
#11 {main}
CRITICAL - 2022-12-21 17:37:31 --> Cannot add or update a child row: a foreign key constraint fails (`db_kpu`.`kinerja_harian`, CONSTRAINT `kinerja_harian_ibfk_1` FOREIGN KEY (`id_master_pegawai`) REFERENCES `master_pegawai` (`id_master_pegawai`) ON DELETE CASCADE ON UPDATE NO ACTION)
in SYSTEMPATH\Database\MySQLi\Connection.php on line 292.
 1 SYSTEMPATH\Database\MySQLi\Connection.php(292): mysqli->query()
 2 SYSTEMPATH\Database\BaseConnection.php(666): CodeIgniter\Database\MySQLi\Connection->execute()
 3 SYSTEMPATH\Database\BaseConnection.php(593): CodeIgniter\Database\BaseConnection->simpleQuery()
 4 SYSTEMPATH\Database\BaseBuilder.php(1916): CodeIgniter\Database\BaseConnection->query()
 5 APPPATH\Models\M_kinerja_harian.php(25): CodeIgniter\Database\BaseBuilder->insert()
 6 APPPATH\Controllers\C_Kinerja_harian.php(33): App\Models\M_kinerja_harian->tambah()
 7 SYSTEMPATH\CodeIgniter.php(927): App\Controllers\C_Kinerja_harian->tambah_data()
 8 SYSTEMPATH\CodeIgniter.php(482): CodeIgniter\CodeIgniter->runController()
 9 SYSTEMPATH\CodeIgniter.php(351): CodeIgniter\CodeIgniter->handleRequest()
10 FCPATH\index.php(67): CodeIgniter\CodeIgniter->run()
11 SYSTEMPATH\Commands\Server\rewrite.php(46): require_once('FCPATH\\index.php')
CRITICAL - 2022-12-21 19:44:01 --> Class "App\Controllers\M_pegawai" not found
in APPPATH\Controllers\C_Kinerja_harian.php on line 44.
 1 SYSTEMPATH\CodeIgniter.php(927): App\Controllers\C_Kinerja_harian->edit()
 2 SYSTEMPATH\CodeIgniter.php(482): CodeIgniter\CodeIgniter->runController()
 3 SYSTEMPATH\CodeIgniter.php(351): CodeIgniter\CodeIgniter->handleRequest()
 4 FCPATH\index.php(67): CodeIgniter\CodeIgniter->run()
 5 SYSTEMPATH\Commands\Server\rewrite.php(46): require_once('FCPATH\\index.php')
CRITICAL - 2022-12-21 19:52:26 --> Undefined variable $master_pegawais
in APPPATH\Views\kinerja_harian\v_edit_kinerja_harian.php on line 127.
 1 APPPATH\Views\kinerja_harian\v_edit_kinerja_harian.php(127): CodeIgniter\Debug\Exceptions->errorHandler()
 2 SYSTEMPATH\View\View.php(213): include('APPPATH\\Views\\kinerja_harian\\v_edit_kinerja_harian.php')
 3 SYSTEMPATH\View\View.php(216): CodeIgniter\View\View->CodeIgniter\View\{closure}()
 4 SYSTEMPATH\Common.php(1134): CodeIgniter\View\View->render()
 5 APPPATH\Controllers\C_Kinerja_harian.php(67): view()
 6 SYSTEMPATH\CodeIgniter.php(927): App\Controllers\C_Kinerja_harian->edit()
 7 SYSTEMPATH\CodeIgniter.php(482): CodeIgniter\CodeIgniter->runController()
 8 SYSTEMPATH\CodeIgniter.php(351): CodeIgniter\CodeIgniter->handleRequest()
 9 FCPATH\index.php(67): CodeIgniter\CodeIgniter->run()
10 SYSTEMPATH\Commands\Server\rewrite.php(46): require_once('FCPATH\\index.php')
CRITICAL - 2022-12-21 19:54:51 --> Undefined variable $master_pegawais
in APPPATH\Views\kinerja_harian\v_edit_kinerja_harian.php on line 127.
 1 APPPATH\Views\kinerja_harian\v_edit_kinerja_harian.php(127): CodeIgniter\Debug\Exceptions->errorHandler()
 2 SYSTEMPATH\View\View.php(213): include('APPPATH\\Views\\kinerja_harian\\v_edit_kinerja_harian.php')
 3 SYSTEMPATH\View\View.php(216): CodeIgniter\View\View->CodeIgniter\View\{closure}()
 4 SYSTEMPATH\Common.php(1134): CodeIgniter\View\View->render()
 5 APPPATH\Controllers\C_Kinerja_harian.php(67): view()
 6 SYSTEMPATH\CodeIgniter.php(927): App\Controllers\C_Kinerja_harian->edit()
 7 SYSTEMPATH\CodeIgniter.php(482): CodeIgniter\CodeIgniter->runController()
 8 SYSTEMPATH\CodeIgniter.php(351): CodeIgniter\CodeIgniter->handleRequest()
 9 FCPATH\index.php(67): CodeIgniter\CodeIgniter->run()
10 SYSTEMPATH\Commands\Server\rewrite.php(46): require_once('FCPATH\\index.php')
CRITICAL - 2022-12-21 19:55:16 --> Cannot access offset of type string on string
in APPPATH\Views\kinerja_harian\v_edit_kinerja_harian.php on line 131.
 1 SYSTEMPATH\View\View.php(213): include()
 2 SYSTEMPATH\View\View.php(216): CodeIgniter\View\View->CodeIgniter\View\{closure}()
 3 SYSTEMPATH\Common.php(1134): CodeIgniter\View\View->render()
 4 APPPATH\Controllers\C_Kinerja_harian.php(67): view()
 5 SYSTEMPATH\CodeIgniter.php(927): App\Controllers\C_Kinerja_harian->edit()
 6 SYSTEMPATH\CodeIgniter.php(482): CodeIgniter\CodeIgniter->runController()
 7 SYSTEMPATH\CodeIgniter.php(351): CodeIgniter\CodeIgniter->handleRequest()
 8 FCPATH\index.php(67): CodeIgniter\CodeIgniter->run()
 9 SYSTEMPATH\Commands\Server\rewrite.php(46): require_once('FCPATH\\index.php')
CRITICAL - 2022-12-21 19:56:12 --> Attempt to read property "id_pegawai" on string
in APPPATH\Views\kinerja_harian\v_edit_kinerja_harian.php on line 131.
 1 APPPATH\Views\kinerja_harian\v_edit_kinerja_harian.php(131): CodeIgniter\Debug\Exceptions->errorHandler()
 2 SYSTEMPATH\View\View.php(213): include('APPPATH\\Views\\kinerja_harian\\v_edit_kinerja_harian.php')
 3 SYSTEMPATH\View\View.php(216): CodeIgniter\View\View->CodeIgniter\View\{closure}()
 4 SYSTEMPATH\Common.php(1134): CodeIgniter\View\View->render()
 5 APPPATH\Controllers\C_Kinerja_harian.php(67): view()
 6 SYSTEMPATH\CodeIgniter.php(927): App\Controllers\C_Kinerja_harian->edit()
 7 SYSTEMPATH\CodeIgniter.php(482): CodeIgniter\CodeIgniter->runController()
 8 SYSTEMPATH\CodeIgniter.php(351): CodeIgniter\CodeIgniter->handleRequest()
 9 FCPATH\index.php(67): CodeIgniter\CodeIgniter->run()
10 SYSTEMPATH\Commands\Server\rewrite.php(46): require_once('FCPATH\\index.php')
CRITICAL - 2022-12-21 19:56:13 --> Attempt to read property "id_pegawai" on string
in APPPATH\Views\kinerja_harian\v_edit_kinerja_harian.php on line 131.
 1 APPPATH\Views\kinerja_harian\v_edit_kinerja_harian.php(131): CodeIgniter\Debug\Exceptions->errorHandler()
 2 SYSTEMPATH\View\View.php(213): include('APPPATH\\Views\\kinerja_harian\\v_edit_kinerja_harian.php')
 3 SYSTEMPATH\View\View.php(216): CodeIgniter\View\View->CodeIgniter\View\{closure}()
 4 SYSTEMPATH\Common.php(1134): CodeIgniter\View\View->render()
 5 APPPATH\Controllers\C_Kinerja_harian.php(67): view()
 6 SYSTEMPATH\CodeIgniter.php(927): App\Controllers\C_Kinerja_harian->edit()
 7 SYSTEMPATH\CodeIgniter.php(482): CodeIgniter\CodeIgniter->runController()
 8 SYSTEMPATH\CodeIgniter.php(351): CodeIgniter\CodeIgniter->handleRequest()
 9 FCPATH\index.php(67): CodeIgniter\CodeIgniter->run()
10 SYSTEMPATH\Commands\Server\rewrite.php(46): require_once('FCPATH\\index.php')
CRITICAL - 2022-12-21 19:56:14 --> Attempt to read property "id_pegawai" on string
in APPPATH\Views\kinerja_harian\v_edit_kinerja_harian.php on line 131.
 1 APPPATH\Views\kinerja_harian\v_edit_kinerja_harian.php(131): CodeIgniter\Debug\Exceptions->errorHandler()
 2 SYSTEMPATH\View\View.php(213): include('APPPATH\\Views\\kinerja_harian\\v_edit_kinerja_harian.php')
 3 SYSTEMPATH\View\View.php(216): CodeIgniter\View\View->CodeIgniter\View\{closure}()
 4 SYSTEMPATH\Common.php(1134): CodeIgniter\View\View->render()
 5 APPPATH\Controllers\C_Kinerja_harian.php(67): view()
 6 SYSTEMPATH\CodeIgniter.php(927): App\Controllers\C_Kinerja_harian->edit()
 7 SYSTEMPATH\CodeIgniter.php(482): CodeIgniter\CodeIgniter->runController()
 8 SYSTEMPATH\CodeIgniter.php(351): CodeIgniter\CodeIgniter->handleRequest()
 9 FCPATH\index.php(67): CodeIgniter\CodeIgniter->run()
10 SYSTEMPATH\Commands\Server\rewrite.php(46): require_once('FCPATH\\index.php')
CRITICAL - 2022-12-21 19:56:15 --> Attempt to read property "id_pegawai" on string
in APPPATH\Views\kinerja_harian\v_edit_kinerja_harian.php on line 131.
 1 APPPATH\Views\kinerja_harian\v_edit_kinerja_harian.php(131): CodeIgniter\Debug\Exceptions->errorHandler()
 2 SYSTEMPATH\View\View.php(213): include('APPPATH\\Views\\kinerja_harian\\v_edit_kinerja_harian.php')
 3 SYSTEMPATH\View\View.php(216): CodeIgniter\View\View->CodeIgniter\View\{closure}()
 4 SYSTEMPATH\Common.php(1134): CodeIgniter\View\View->render()
 5 APPPATH\Controllers\C_Kinerja_harian.php(67): view()
 6 SYSTEMPATH\CodeIgniter.php(927): App\Controllers\C_Kinerja_harian->edit()
 7 SYSTEMPATH\CodeIgniter.php(482): CodeIgniter\CodeIgniter->runController()
 8 SYSTEMPATH\CodeIgniter.php(351): CodeIgniter\CodeIgniter->handleRequest()
 9 FCPATH\index.php(67): CodeIgniter\CodeIgniter->run()
10 SYSTEMPATH\Commands\Server\rewrite.php(46): require_once('FCPATH\\index.php')
CRITICAL - 2022-12-21 19:56:16 --> Attempt to read property "id_pegawai" on string
in APPPATH\Views\kinerja_harian\v_edit_kinerja_harian.php on line 131.
 1 APPPATH\Views\kinerja_harian\v_edit_kinerja_harian.php(131): CodeIgniter\Debug\Exceptions->errorHandler()
 2 SYSTEMPATH\View\View.php(213): include('APPPATH\\Views\\kinerja_harian\\v_edit_kinerja_harian.php')
 3 SYSTEMPATH\View\View.php(216): CodeIgniter\View\View->CodeIgniter\View\{closure}()
 4 SYSTEMPATH\Common.php(1134): CodeIgniter\View\View->render()
 5 APPPATH\Controllers\C_Kinerja_harian.php(67): view()
 6 SYSTEMPATH\CodeIgniter.php(927): App\Controllers\C_Kinerja_harian->edit()
 7 SYSTEMPATH\CodeIgniter.php(482): CodeIgniter\CodeIgniter->runController()
 8 SYSTEMPATH\CodeIgniter.php(351): CodeIgniter\CodeIgniter->handleRequest()
 9 FCPATH\index.php(67): CodeIgniter\CodeIgniter->run()
10 SYSTEMPATH\Commands\Server\rewrite.php(46): require_once('FCPATH\\index.php')
CRITICAL - 2022-12-21 19:57:43 --> Attempt to read property "id_pegawai" on string
in APPPATH\Views\kinerja_harian\v_edit_kinerja_harian.php on line 131.
 1 APPPATH\Views\kinerja_harian\v_edit_kinerja_harian.php(131): CodeIgniter\Debug\Exceptions->errorHandler()
 2 SYSTEMPATH\View\View.php(213): include('APPPATH\\Views\\kinerja_harian\\v_edit_kinerja_harian.php')
 3 SYSTEMPATH\View\View.php(216): CodeIgniter\View\View->CodeIgniter\View\{closure}()
 4 SYSTEMPATH\Common.php(1134): CodeIgniter\View\View->render()
 5 APPPATH\Controllers\C_Kinerja_harian.php(67): view()
 6 SYSTEMPATH\CodeIgniter.php(927): App\Controllers\C_Kinerja_harian->edit()
 7 SYSTEMPATH\CodeIgniter.php(482): CodeIgniter\CodeIgniter->runController()
 8 SYSTEMPATH\CodeIgniter.php(351): CodeIgniter\CodeIgniter->handleRequest()
 9 FCPATH\index.php(67): CodeIgniter\CodeIgniter->run()
10 SYSTEMPATH\Commands\Server\rewrite.php(46): require_once('FCPATH\\index.php')
CRITICAL - 2022-12-21 19:58:27 --> Attempt to read property "id_master_pegawai" on string
in APPPATH\Views\kinerja_harian\v_edit_kinerja_harian.php on line 131.
 1 APPPATH\Views\kinerja_harian\v_edit_kinerja_harian.php(131): CodeIgniter\Debug\Exceptions->errorHandler()
 2 SYSTEMPATH\View\View.php(213): include('APPPATH\\Views\\kinerja_harian\\v_edit_kinerja_harian.php')
 3 SYSTEMPATH\View\View.php(216): CodeIgniter\View\View->CodeIgniter\View\{closure}()
 4 SYSTEMPATH\Common.php(1134): CodeIgniter\View\View->render()
 5 APPPATH\Controllers\C_Kinerja_harian.php(67): view()
 6 SYSTEMPATH\CodeIgniter.php(927): App\Controllers\C_Kinerja_harian->edit()
 7 SYSTEMPATH\CodeIgniter.php(482): CodeIgniter\CodeIgniter->runController()
 8 SYSTEMPATH\CodeIgniter.php(351): CodeIgniter\CodeIgniter->handleRequest()
 9 FCPATH\index.php(67): CodeIgniter\CodeIgniter->run()
10 SYSTEMPATH\Commands\Server\rewrite.php(46): require_once('FCPATH\\index.php')
CRITICAL - 2022-12-21 19:58:29 --> Attempt to read property "id_master_pegawai" on string
in APPPATH\Views\kinerja_harian\v_edit_kinerja_harian.php on line 131.
 1 APPPATH\Views\kinerja_harian\v_edit_kinerja_harian.php(131): CodeIgniter\Debug\Exceptions->errorHandler()
 2 SYSTEMPATH\View\View.php(213): include('APPPATH\\Views\\kinerja_harian\\v_edit_kinerja_harian.php')
 3 SYSTEMPATH\View\View.php(216): CodeIgniter\View\View->CodeIgniter\View\{closure}()
 4 SYSTEMPATH\Common.php(1134): CodeIgniter\View\View->render()
 5 APPPATH\Controllers\C_Kinerja_harian.php(67): view()
 6 SYSTEMPATH\CodeIgniter.php(927): App\Controllers\C_Kinerja_harian->edit()
 7 SYSTEMPATH\CodeIgniter.php(482): CodeIgniter\CodeIgniter->runController()
 8 SYSTEMPATH\CodeIgniter.php(351): CodeIgniter\CodeIgniter->handleRequest()
 9 FCPATH\index.php(67): CodeIgniter\CodeIgniter->run()
10 SYSTEMPATH\Commands\Server\rewrite.php(46): require_once('FCPATH\\index.php')
CRITICAL - 2022-12-21 19:58:29 --> Attempt to read property "id_master_pegawai" on string
in APPPATH\Views\kinerja_harian\v_edit_kinerja_harian.php on line 131.
 1 APPPATH\Views\kinerja_harian\v_edit_kinerja_harian.php(131): CodeIgniter\Debug\Exceptions->errorHandler()
 2 SYSTEMPATH\View\View.php(213): include('APPPATH\\Views\\kinerja_harian\\v_edit_kinerja_harian.php')
 3 SYSTEMPATH\View\View.php(216): CodeIgniter\View\View->CodeIgniter\View\{closure}()
 4 SYSTEMPATH\Common.php(1134): CodeIgniter\View\View->render()
 5 APPPATH\Controllers\C_Kinerja_harian.php(67): view()
 6 SYSTEMPATH\CodeIgniter.php(927): App\Controllers\C_Kinerja_harian->edit()
 7 SYSTEMPATH\CodeIgniter.php(482): CodeIgniter\CodeIgniter->runController()
 8 SYSTEMPATH\CodeIgniter.php(351): CodeIgniter\CodeIgniter->handleRequest()
 9 FCPATH\index.php(67): CodeIgniter\CodeIgniter->run()
10 SYSTEMPATH\Commands\Server\rewrite.php(46): require_once('FCPATH\\index.php')
CRITICAL - 2022-12-21 20:00:25 --> Attempt to read property "id_master_pegawai" on string
in APPPATH\Views\kinerja_harian\v_edit_kinerja_harian.php on line 131.
 1 APPPATH\Views\kinerja_harian\v_edit_kinerja_harian.php(131): CodeIgniter\Debug\Exceptions->errorHandler()
 2 SYSTEMPATH\View\View.php(213): include('APPPATH\\Views\\kinerja_harian\\v_edit_kinerja_harian.php')
 3 SYSTEMPATH\View\View.php(216): CodeIgniter\View\View->CodeIgniter\View\{closure}()
 4 SYSTEMPATH\Common.php(1134): CodeIgniter\View\View->render()
 5 APPPATH\Controllers\C_Kinerja_harian.php(67): view()
 6 SYSTEMPATH\CodeIgniter.php(927): App\Controllers\C_Kinerja_harian->edit()
 7 SYSTEMPATH\CodeIgniter.php(482): CodeIgniter\CodeIgniter->runController()
 8 SYSTEMPATH\CodeIgniter.php(351): CodeIgniter\CodeIgniter->handleRequest()
 9 FCPATH\index.php(67): CodeIgniter\CodeIgniter->run()
10 SYSTEMPATH\Commands\Server\rewrite.php(46): require_once('FCPATH\\index.php')
CRITICAL - 2022-12-21 20:00:26 --> Attempt to read property "id_master_pegawai" on string
in APPPATH\Views\kinerja_harian\v_edit_kinerja_harian.php on line 131.
 1 APPPATH\Views\kinerja_harian\v_edit_kinerja_harian.php(131): CodeIgniter\Debug\Exceptions->errorHandler()
 2 SYSTEMPATH\View\View.php(213): include('APPPATH\\Views\\kinerja_harian\\v_edit_kinerja_harian.php')
 3 SYSTEMPATH\View\View.php(216): CodeIgniter\View\View->CodeIgniter\View\{closure}()
 4 SYSTEMPATH\Common.php(1134): CodeIgniter\View\View->render()
 5 APPPATH\Controllers\C_Kinerja_harian.php(67): view()
 6 SYSTEMPATH\CodeIgniter.php(927): App\Controllers\C_Kinerja_harian->edit()
 7 SYSTEMPATH\CodeIgniter.php(482): CodeIgniter\CodeIgniter->runController()
 8 SYSTEMPATH\CodeIgniter.php(351): CodeIgniter\CodeIgniter->handleRequest()
 9 FCPATH\index.php(67): CodeIgniter\CodeIgniter->run()
10 SYSTEMPATH\Commands\Server\rewrite.php(46): require_once('FCPATH\\index.php')
CRITICAL - 2022-12-21 20:00:26 --> Attempt to read property "id_master_pegawai" on string
in APPPATH\Views\kinerja_harian\v_edit_kinerja_harian.php on line 131.
 1 APPPATH\Views\kinerja_harian\v_edit_kinerja_harian.php(131): CodeIgniter\Debug\Exceptions->errorHandler()
 2 SYSTEMPATH\View\View.php(213): include('APPPATH\\Views\\kinerja_harian\\v_edit_kinerja_harian.php')
 3 SYSTEMPATH\View\View.php(216): CodeIgniter\View\View->CodeIgniter\View\{closure}()
 4 SYSTEMPATH\Common.php(1134): CodeIgniter\View\View->render()
 5 APPPATH\Controllers\C_Kinerja_harian.php(67): view()
 6 SYSTEMPATH\CodeIgniter.php(927): App\Controllers\C_Kinerja_harian->edit()
 7 SYSTEMPATH\CodeIgniter.php(482): CodeIgniter\CodeIgniter->runController()
 8 SYSTEMPATH\CodeIgniter.php(351): CodeIgniter\CodeIgniter->handleRequest()
 9 FCPATH\index.php(67): CodeIgniter\CodeIgniter->run()
10 SYSTEMPATH\Commands\Server\rewrite.php(46): require_once('FCPATH\\index.php')
CRITICAL - 2022-12-21 20:00:26 --> Attempt to read property "id_master_pegawai" on string
in APPPATH\Views\kinerja_harian\v_edit_kinerja_harian.php on line 131.
 1 APPPATH\Views\kinerja_harian\v_edit_kinerja_harian.php(131): CodeIgniter\Debug\Exceptions->errorHandler()
 2 SYSTEMPATH\View\View.php(213): include('APPPATH\\Views\\kinerja_harian\\v_edit_kinerja_harian.php')
 3 SYSTEMPATH\View\View.php(216): CodeIgniter\View\View->CodeIgniter\View\{closure}()
 4 SYSTEMPATH\Common.php(1134): CodeIgniter\View\View->render()
 5 APPPATH\Controllers\C_Kinerja_harian.php(67): view()
 6 SYSTEMPATH\CodeIgniter.php(927): App\Controllers\C_Kinerja_harian->edit()
 7 SYSTEMPATH\CodeIgniter.php(482): CodeIgniter\CodeIgniter->runController()
 8 SYSTEMPATH\CodeIgniter.php(351): CodeIgniter\CodeIgniter->handleRequest()
 9 FCPATH\index.php(67): CodeIgniter\CodeIgniter->run()
10 SYSTEMPATH\Commands\Server\rewrite.php(46): require_once('FCPATH\\index.php')
CRITICAL - 2022-12-21 20:00:26 --> Attempt to read property "id_master_pegawai" on string
in APPPATH\Views\kinerja_harian\v_edit_kinerja_harian.php on line 131.
 1 APPPATH\Views\kinerja_harian\v_edit_kinerja_harian.php(131): CodeIgniter\Debug\Exceptions->errorHandler()
 2 SYSTEMPATH\View\View.php(213): include('APPPATH\\Views\\kinerja_harian\\v_edit_kinerja_harian.php')
 3 SYSTEMPATH\View\View.php(216): CodeIgniter\View\View->CodeIgniter\View\{closure}()
 4 SYSTEMPATH\Common.php(1134): CodeIgniter\View\View->render()
 5 APPPATH\Controllers\C_Kinerja_harian.php(67): view()
 6 SYSTEMPATH\CodeIgniter.php(927): App\Controllers\C_Kinerja_harian->edit()
 7 SYSTEMPATH\CodeIgniter.php(482): CodeIgniter\CodeIgniter->runController()
 8 SYSTEMPATH\CodeIgniter.php(351): CodeIgniter\CodeIgniter->handleRequest()
 9 FCPATH\index.php(67): CodeIgniter\CodeIgniter->run()
10 SYSTEMPATH\Commands\Server\rewrite.php(46): require_once('FCPATH\\index.php')
CRITICAL - 2022-12-21 20:00:27 --> Attempt to read property "id_master_pegawai" on string
in APPPATH\Views\kinerja_harian\v_edit_kinerja_harian.php on line 131.
 1 APPPATH\Views\kinerja_harian\v_edit_kinerja_harian.php(131): CodeIgniter\Debug\Exceptions->errorHandler()
 2 SYSTEMPATH\View\View.php(213): include('APPPATH\\Views\\kinerja_harian\\v_edit_kinerja_harian.php')
 3 SYSTEMPATH\View\View.php(216): CodeIgniter\View\View->CodeIgniter\View\{closure}()
 4 SYSTEMPATH\Common.php(1134): CodeIgniter\View\View->render()
 5 APPPATH\Controllers\C_Kinerja_harian.php(67): view()
 6 SYSTEMPATH\CodeIgniter.php(927): App\Controllers\C_Kinerja_harian->edit()
 7 SYSTEMPATH\CodeIgniter.php(482): CodeIgniter\CodeIgniter->runController()
 8 SYSTEMPATH\CodeIgniter.php(351): CodeIgniter\CodeIgniter->handleRequest()
 9 FCPATH\index.php(67): CodeIgniter\CodeIgniter->run()
10 SYSTEMPATH\Commands\Server\rewrite.php(46): require_once('FCPATH\\index.php')
CRITICAL - 2022-12-21 20:00:27 --> Attempt to read property "id_master_pegawai" on string
in APPPATH\Views\kinerja_harian\v_edit_kinerja_harian.php on line 131.
 1 APPPATH\Views\kinerja_harian\v_edit_kinerja_harian.php(131): CodeIgniter\Debug\Exceptions->errorHandler()
 2 SYSTEMPATH\View\View.php(213): include('APPPATH\\Views\\kinerja_harian\\v_edit_kinerja_harian.php')
 3 SYSTEMPATH\View\View.php(216): CodeIgniter\View\View->CodeIgniter\View\{closure}()
 4 SYSTEMPATH\Common.php(1134): CodeIgniter\View\View->render()
 5 APPPATH\Controllers\C_Kinerja_harian.php(67): view()
 6 SYSTEMPATH\CodeIgniter.php(927): App\Controllers\C_Kinerja_harian->edit()
 7 SYSTEMPATH\CodeIgniter.php(482): CodeIgniter\CodeIgniter->runController()
 8 SYSTEMPATH\CodeIgniter.php(351): CodeIgniter\CodeIgniter->handleRequest()
 9 FCPATH\index.php(67): CodeIgniter\CodeIgniter->run()
10 SYSTEMPATH\Commands\Server\rewrite.php(46): require_once('FCPATH\\index.php')
CRITICAL - 2022-12-21 20:00:27 --> Attempt to read property "id_master_pegawai" on string
in APPPATH\Views\kinerja_harian\v_edit_kinerja_harian.php on line 131.
 1 APPPATH\Views\kinerja_harian\v_edit_kinerja_harian.php(131): CodeIgniter\Debug\Exceptions->errorHandler()
 2 SYSTEMPATH\View\View.php(213): include('APPPATH\\Views\\kinerja_harian\\v_edit_kinerja_harian.php')
 3 SYSTEMPATH\View\View.php(216): CodeIgniter\View\View->CodeIgniter\View\{closure}()
 4 SYSTEMPATH\Common.php(1134): CodeIgniter\View\View->render()
 5 APPPATH\Controllers\C_Kinerja_harian.php(67): view()
 6 SYSTEMPATH\CodeIgniter.php(927): App\Controllers\C_Kinerja_harian->edit()
 7 SYSTEMPATH\CodeIgniter.php(482): CodeIgniter\CodeIgniter->runController()
 8 SYSTEMPATH\CodeIgniter.php(351): CodeIgniter\CodeIgniter->handleRequest()
 9 FCPATH\index.php(67): CodeIgniter\CodeIgniter->run()
10 SYSTEMPATH\Commands\Server\rewrite.php(46): require_once('FCPATH\\index.php')
CRITICAL - 2022-12-21 20:00:27 --> Attempt to read property "id_master_pegawai" on string
in APPPATH\Views\kinerja_harian\v_edit_kinerja_harian.php on line 131.
 1 APPPATH\Views\kinerja_harian\v_edit_kinerja_harian.php(131): CodeIgniter\Debug\Exceptions->errorHandler()
 2 SYSTEMPATH\View\View.php(213): include('APPPATH\\Views\\kinerja_harian\\v_edit_kinerja_harian.php')
 3 SYSTEMPATH\View\View.php(216): CodeIgniter\View\View->CodeIgniter\View\{closure}()
 4 SYSTEMPATH\Common.php(1134): CodeIgniter\View\View->render()
 5 APPPATH\Controllers\C_Kinerja_harian.php(67): view()
 6 SYSTEMPATH\CodeIgniter.php(927): App\Controllers\C_Kinerja_harian->edit()
 7 SYSTEMPATH\CodeIgniter.php(482): CodeIgniter\CodeIgniter->runController()
 8 SYSTEMPATH\CodeIgniter.php(351): CodeIgniter\CodeIgniter->handleRequest()
 9 FCPATH\index.php(67): CodeIgniter\CodeIgniter->run()
10 SYSTEMPATH\Commands\Server\rewrite.php(46): require_once('FCPATH\\index.php')
CRITICAL - 2022-12-21 20:00:28 --> Attempt to read property "id_master_pegawai" on string
in APPPATH\Views\kinerja_harian\v_edit_kinerja_harian.php on line 131.
 1 APPPATH\Views\kinerja_harian\v_edit_kinerja_harian.php(131): CodeIgniter\Debug\Exceptions->errorHandler()
 2 SYSTEMPATH\View\View.php(213): include('APPPATH\\Views\\kinerja_harian\\v_edit_kinerja_harian.php')
 3 SYSTEMPATH\View\View.php(216): CodeIgniter\View\View->CodeIgniter\View\{closure}()
 4 SYSTEMPATH\Common.php(1134): CodeIgniter\View\View->render()
 5 APPPATH\Controllers\C_Kinerja_harian.php(67): view()
 6 SYSTEMPATH\CodeIgniter.php(927): App\Controllers\C_Kinerja_harian->edit()
 7 SYSTEMPATH\CodeIgniter.php(482): CodeIgniter\CodeIgniter->runController()
 8 SYSTEMPATH\CodeIgniter.php(351): CodeIgniter\CodeIgniter->handleRequest()
 9 FCPATH\index.php(67): CodeIgniter\CodeIgniter->run()
10 SYSTEMPATH\Commands\Server\rewrite.php(46): require_once('FCPATH\\index.php')
CRITICAL - 2022-12-21 20:01:39 --> Cannot access offset of type string on string
in APPPATH\Views\kinerja_harian\v_edit_kinerja_harian.php on line 131.
 1 SYSTEMPATH\View\View.php(213): include()
 2 SYSTEMPATH\View\View.php(216): CodeIgniter\View\View->CodeIgniter\View\{closure}()
 3 SYSTEMPATH\Common.php(1134): CodeIgniter\View\View->render()
 4 APPPATH\Controllers\C_Kinerja_harian.php(67): view()
 5 SYSTEMPATH\CodeIgniter.php(927): App\Controllers\C_Kinerja_harian->edit()
 6 SYSTEMPATH\CodeIgniter.php(482): CodeIgniter\CodeIgniter->runController()
 7 SYSTEMPATH\CodeIgniter.php(351): CodeIgniter\CodeIgniter->handleRequest()
 8 FCPATH\index.php(67): CodeIgniter\CodeIgniter->run()
 9 SYSTEMPATH\Commands\Server\rewrite.php(46): require_once('FCPATH\\index.php')
CRITICAL - 2022-12-21 20:02:14 --> Attempt to read property "id_master_pegawai" on string
in APPPATH\Views\kinerja_harian\v_edit_kinerja_harian.php on line 131.
 1 APPPATH\Views\kinerja_harian\v_edit_kinerja_harian.php(131): CodeIgniter\Debug\Exceptions->errorHandler()
 2 SYSTEMPATH\View\View.php(213): include('APPPATH\\Views\\kinerja_harian\\v_edit_kinerja_harian.php')
 3 SYSTEMPATH\View\View.php(216): CodeIgniter\View\View->CodeIgniter\View\{closure}()
 4 SYSTEMPATH\Common.php(1134): CodeIgniter\View\View->render()
 5 APPPATH\Controllers\C_Kinerja_harian.php(67): view()
 6 SYSTEMPATH\CodeIgniter.php(927): App\Controllers\C_Kinerja_harian->edit()
 7 SYSTEMPATH\CodeIgniter.php(482): CodeIgniter\CodeIgniter->runController()
 8 SYSTEMPATH\CodeIgniter.php(351): CodeIgniter\CodeIgniter->handleRequest()
 9 FCPATH\index.php(67): CodeIgniter\CodeIgniter->run()
10 SYSTEMPATH\Commands\Server\rewrite.php(46): require_once('FCPATH\\index.php')
CRITICAL - 2022-12-21 20:26:14 --> Attempt to read property "id_master_pegawai" on string
in APPPATH\Views\kinerja_harian\v_edit_kinerja_harian.php on line 131.
 1 APPPATH\Views\kinerja_harian\v_edit_kinerja_harian.php(131): CodeIgniter\Debug\Exceptions->errorHandler()
 2 SYSTEMPATH\View\View.php(213): include('APPPATH\\Views\\kinerja_harian\\v_edit_kinerja_harian.php')
 3 SYSTEMPATH\View\View.php(216): CodeIgniter\View\View->CodeIgniter\View\{closure}()
 4 SYSTEMPATH\Common.php(1134): CodeIgniter\View\View->render()
 5 APPPATH\Controllers\C_Kinerja_harian.php(67): view()
 6 SYSTEMPATH\CodeIgniter.php(927): App\Controllers\C_Kinerja_harian->edit()
 7 SYSTEMPATH\CodeIgniter.php(482): CodeIgniter\CodeIgniter->runController()
 8 SYSTEMPATH\CodeIgniter.php(351): CodeIgniter\CodeIgniter->handleRequest()
 9 FCPATH\index.php(67): CodeIgniter\CodeIgniter->run()
10 SYSTEMPATH\Commands\Server\rewrite.php(46): require_once('FCPATH\\index.php')
CRITICAL - 2022-12-21 20:30:35 --> Undefined variable $master_pegawais
in APPPATH\Views\kinerja_harian\v_edit_kinerja_harian.php on line 130.
 1 APPPATH\Views\kinerja_harian\v_edit_kinerja_harian.php(130): CodeIgniter\Debug\Exceptions->errorHandler()
 2 SYSTEMPATH\View\View.php(213): include('APPPATH\\Views\\kinerja_harian\\v_edit_kinerja_harian.php')
 3 SYSTEMPATH\View\View.php(216): CodeIgniter\View\View->CodeIgniter\View\{closure}()
 4 SYSTEMPATH\Common.php(1134): CodeIgniter\View\View->render()
 5 APPPATH\Controllers\C_Kinerja_harian.php(69): view()
 6 SYSTEMPATH\CodeIgniter.php(927): App\Controllers\C_Kinerja_harian->edit()
 7 SYSTEMPATH\CodeIgniter.php(482): CodeIgniter\CodeIgniter->runController()
 8 SYSTEMPATH\CodeIgniter.php(351): CodeIgniter\CodeIgniter->handleRequest()
 9 FCPATH\index.php(67): CodeIgniter\CodeIgniter->run()
10 SYSTEMPATH\Commands\Server\rewrite.php(46): require_once('FCPATH\\index.php')
CRITICAL - 2022-12-21 20:30:37 --> Undefined variable $master_pegawais
in APPPATH\Views\kinerja_harian\v_edit_kinerja_harian.php on line 130.
 1 APPPATH\Views\kinerja_harian\v_edit_kinerja_harian.php(130): CodeIgniter\Debug\Exceptions->errorHandler()
 2 SYSTEMPATH\View\View.php(213): include('APPPATH\\Views\\kinerja_harian\\v_edit_kinerja_harian.php')
 3 SYSTEMPATH\View\View.php(216): CodeIgniter\View\View->CodeIgniter\View\{closure}()
 4 SYSTEMPATH\Common.php(1134): CodeIgniter\View\View->render()
 5 APPPATH\Controllers\C_Kinerja_harian.php(69): view()
 6 SYSTEMPATH\CodeIgniter.php(927): App\Controllers\C_Kinerja_harian->edit()
 7 SYSTEMPATH\CodeIgniter.php(482): CodeIgniter\CodeIgniter->runController()
 8 SYSTEMPATH\CodeIgniter.php(351): CodeIgniter\CodeIgniter->handleRequest()
 9 FCPATH\index.php(67): CodeIgniter\CodeIgniter->run()
10 SYSTEMPATH\Commands\Server\rewrite.php(46): require_once('FCPATH\\index.php')
CRITICAL - 2022-12-21 20:30:37 --> Undefined variable $master_pegawais
in APPPATH\Views\kinerja_harian\v_edit_kinerja_harian.php on line 130.
 1 APPPATH\Views\kinerja_harian\v_edit_kinerja_harian.php(130): CodeIgniter\Debug\Exceptions->errorHandler()
 2 SYSTEMPATH\View\View.php(213): include('APPPATH\\Views\\kinerja_harian\\v_edit_kinerja_harian.php')
 3 SYSTEMPATH\View\View.php(216): CodeIgniter\View\View->CodeIgniter\View\{closure}()
 4 SYSTEMPATH\Common.php(1134): CodeIgniter\View\View->render()
 5 APPPATH\Controllers\C_Kinerja_harian.php(69): view()
 6 SYSTEMPATH\CodeIgniter.php(927): App\Controllers\C_Kinerja_harian->edit()
 7 SYSTEMPATH\CodeIgniter.php(482): CodeIgniter\CodeIgniter->runController()
 8 SYSTEMPATH\CodeIgniter.php(351): CodeIgniter\CodeIgniter->handleRequest()
 9 FCPATH\index.php(67): CodeIgniter\CodeIgniter->run()
10 SYSTEMPATH\Commands\Server\rewrite.php(46): require_once('FCPATH\\index.php')
CRITICAL - 2022-12-21 20:30:37 --> Undefined variable $master_pegawais
in APPPATH\Views\kinerja_harian\v_edit_kinerja_harian.php on line 130.
 1 APPPATH\Views\kinerja_harian\v_edit_kinerja_harian.php(130): CodeIgniter\Debug\Exceptions->errorHandler()
 2 SYSTEMPATH\View\View.php(213): include('APPPATH\\Views\\kinerja_harian\\v_edit_kinerja_harian.php')
 3 SYSTEMPATH\View\View.php(216): CodeIgniter\View\View->CodeIgniter\View\{closure}()
 4 SYSTEMPATH\Common.php(1134): CodeIgniter\View\View->render()
 5 APPPATH\Controllers\C_Kinerja_harian.php(69): view()
 6 SYSTEMPATH\CodeIgniter.php(927): App\Controllers\C_Kinerja_harian->edit()
 7 SYSTEMPATH\CodeIgniter.php(482): CodeIgniter\CodeIgniter->runController()
 8 SYSTEMPATH\CodeIgniter.php(351): CodeIgniter\CodeIgniter->handleRequest()
 9 FCPATH\index.php(67): CodeIgniter\CodeIgniter->run()
10 SYSTEMPATH\Commands\Server\rewrite.php(46): require_once('FCPATH\\index.php')
CRITICAL - 2022-12-21 20:32:10 --> Undefined variable $master_pegawais
in APPPATH\Views\kinerja_harian\v_edit_kinerja_harian.php on line 130.
 1 APPPATH\Views\kinerja_harian\v_edit_kinerja_harian.php(130): CodeIgniter\Debug\Exceptions->errorHandler()
 2 SYSTEMPATH\View\View.php(213): include('APPPATH\\Views\\kinerja_harian\\v_edit_kinerja_harian.php')
 3 SYSTEMPATH\View\View.php(216): CodeIgniter\View\View->CodeIgniter\View\{closure}()
 4 SYSTEMPATH\Common.php(1134): CodeIgniter\View\View->render()
 5 APPPATH\Controllers\C_Kinerja_harian.php(69): view()
 6 SYSTEMPATH\CodeIgniter.php(927): App\Controllers\C_Kinerja_harian->edit()
 7 SYSTEMPATH\CodeIgniter.php(482): CodeIgniter\CodeIgniter->runController()
 8 SYSTEMPATH\CodeIgniter.php(351): CodeIgniter\CodeIgniter->handleRequest()
 9 FCPATH\index.php(67): CodeIgniter\CodeIgniter->run()
10 SYSTEMPATH\Commands\Server\rewrite.php(46): require_once('FCPATH\\index.php')
CRITICAL - 2022-12-21 20:33:12 --> Cannot use object of type stdClass as array
in APPPATH\Views\kinerja_harian\v_edit_kinerja_harian.php on line 131.
 1 SYSTEMPATH\View\View.php(213): include()
 2 SYSTEMPATH\View\View.php(216): CodeIgniter\View\View->CodeIgniter\View\{closure}()
 3 SYSTEMPATH\Common.php(1134): CodeIgniter\View\View->render()
 4 APPPATH\Controllers\C_Kinerja_harian.php(67): view()
 5 SYSTEMPATH\CodeIgniter.php(927): App\Controllers\C_Kinerja_harian->edit()
 6 SYSTEMPATH\CodeIgniter.php(482): CodeIgniter\CodeIgniter->runController()
 7 SYSTEMPATH\CodeIgniter.php(351): CodeIgniter\CodeIgniter->handleRequest()
 8 FCPATH\index.php(67): CodeIgniter\CodeIgniter->run()
 9 SYSTEMPATH\Commands\Server\rewrite.php(46): require_once('FCPATH\\index.php')
CRITICAL - 2022-12-21 20:33:16 --> Cannot use object of type stdClass as array
in APPPATH\Views\kinerja_harian\v_edit_kinerja_harian.php on line 131.
 1 SYSTEMPATH\View\View.php(213): include()
 2 SYSTEMPATH\View\View.php(216): CodeIgniter\View\View->CodeIgniter\View\{closure}()
 3 SYSTEMPATH\Common.php(1134): CodeIgniter\View\View->render()
 4 APPPATH\Controllers\C_Kinerja_harian.php(67): view()
 5 SYSTEMPATH\CodeIgniter.php(927): App\Controllers\C_Kinerja_harian->edit()
 6 SYSTEMPATH\CodeIgniter.php(482): CodeIgniter\CodeIgniter->runController()
 7 SYSTEMPATH\CodeIgniter.php(351): CodeIgniter\CodeIgniter->handleRequest()
 8 FCPATH\index.php(67): CodeIgniter\CodeIgniter->run()
 9 SYSTEMPATH\Commands\Server\rewrite.php(46): require_once('FCPATH\\index.php')
CRITICAL - 2022-12-21 20:33:17 --> Cannot use object of type stdClass as array
in APPPATH\Views\kinerja_harian\v_edit_kinerja_harian.php on line 131.
 1 SYSTEMPATH\View\View.php(213): include()
 2 SYSTEMPATH\View\View.php(216): CodeIgniter\View\View->CodeIgniter\View\{closure}()
 3 SYSTEMPATH\Common.php(1134): CodeIgniter\View\View->render()
 4 APPPATH\Controllers\C_Kinerja_harian.php(67): view()
 5 SYSTEMPATH\CodeIgniter.php(927): App\Controllers\C_Kinerja_harian->edit()
 6 SYSTEMPATH\CodeIgniter.php(482): CodeIgniter\CodeIgniter->runController()
 7 SYSTEMPATH\CodeIgniter.php(351): CodeIgniter\CodeIgniter->handleRequest()
 8 FCPATH\index.php(67): CodeIgniter\CodeIgniter->run()
 9 SYSTEMPATH\Commands\Server\rewrite.php(46): require_once('FCPATH\\index.php')
CRITICAL - 2022-12-21 20:33:17 --> Cannot use object of type stdClass as array
in APPPATH\Views\kinerja_harian\v_edit_kinerja_harian.php on line 131.
 1 SYSTEMPATH\View\View.php(213): include()
 2 SYSTEMPATH\View\View.php(216): CodeIgniter\View\View->CodeIgniter\View\{closure}()
 3 SYSTEMPATH\Common.php(1134): CodeIgniter\View\View->render()
 4 APPPATH\Controllers\C_Kinerja_harian.php(67): view()
 5 SYSTEMPATH\CodeIgniter.php(927): App\Controllers\C_Kinerja_harian->edit()
 6 SYSTEMPATH\CodeIgniter.php(482): CodeIgniter\CodeIgniter->runController()
 7 SYSTEMPATH\CodeIgniter.php(351): CodeIgniter\CodeIgniter->handleRequest()
 8 FCPATH\index.php(67): CodeIgniter\CodeIgniter->run()
 9 SYSTEMPATH\Commands\Server\rewrite.php(46): require_once('FCPATH\\index.php')
CRITICAL - 2022-12-21 20:33:17 --> Cannot use object of type stdClass as array
in APPPATH\Views\kinerja_harian\v_edit_kinerja_harian.php on line 131.
 1 SYSTEMPATH\View\View.php(213): include()
 2 SYSTEMPATH\View\View.php(216): CodeIgniter\View\View->CodeIgniter\View\{closure}()
 3 SYSTEMPATH\Common.php(1134): CodeIgniter\View\View->render()
 4 APPPATH\Controllers\C_Kinerja_harian.php(67): view()
 5 SYSTEMPATH\CodeIgniter.php(927): App\Controllers\C_Kinerja_harian->edit()
 6 SYSTEMPATH\CodeIgniter.php(482): CodeIgniter\CodeIgniter->runController()
 7 SYSTEMPATH\CodeIgniter.php(351): CodeIgniter\CodeIgniter->handleRequest()
 8 FCPATH\index.php(67): CodeIgniter\CodeIgniter->run()
 9 SYSTEMPATH\Commands\Server\rewrite.php(46): require_once('FCPATH\\index.php')
CRITICAL - 2022-12-21 20:33:17 --> Cannot use object of type stdClass as array
in APPPATH\Views\kinerja_harian\v_edit_kinerja_harian.php on line 131.
 1 SYSTEMPATH\View\View.php(213): include()
 2 SYSTEMPATH\View\View.php(216): CodeIgniter\View\View->CodeIgniter\View\{closure}()
 3 SYSTEMPATH\Common.php(1134): CodeIgniter\View\View->render()
 4 APPPATH\Controllers\C_Kinerja_harian.php(67): view()
 5 SYSTEMPATH\CodeIgniter.php(927): App\Controllers\C_Kinerja_harian->edit()
 6 SYSTEMPATH\CodeIgniter.php(482): CodeIgniter\CodeIgniter->runController()
 7 SYSTEMPATH\CodeIgniter.php(351): CodeIgniter\CodeIgniter->handleRequest()
 8 FCPATH\index.php(67): CodeIgniter\CodeIgniter->run()
 9 SYSTEMPATH\Commands\Server\rewrite.php(46): require_once('FCPATH\\index.php')
CRITICAL - 2022-12-21 20:33:18 --> Cannot use object of type stdClass as array
in APPPATH\Views\kinerja_harian\v_edit_kinerja_harian.php on line 131.
 1 SYSTEMPATH\View\View.php(213): include()
 2 SYSTEMPATH\View\View.php(216): CodeIgniter\View\View->CodeIgniter\View\{closure}()
 3 SYSTEMPATH\Common.php(1134): CodeIgniter\View\View->render()
 4 APPPATH\Controllers\C_Kinerja_harian.php(67): view()
 5 SYSTEMPATH\CodeIgniter.php(927): App\Controllers\C_Kinerja_harian->edit()
 6 SYSTEMPATH\CodeIgniter.php(482): CodeIgniter\CodeIgniter->runController()
 7 SYSTEMPATH\CodeIgniter.php(351): CodeIgniter\CodeIgniter->handleRequest()
 8 FCPATH\index.php(67): CodeIgniter\CodeIgniter->run()
 9 SYSTEMPATH\Commands\Server\rewrite.php(46): require_once('FCPATH\\index.php')
CRITICAL - 2022-12-21 20:33:57 --> Attempt to read property "id_pegawai" on array
in APPPATH\Views\kinerja_harian\v_edit_kinerja_harian.php on line 131.
 1 APPPATH\Views\kinerja_harian\v_edit_kinerja_harian.php(131): CodeIgniter\Debug\Exceptions->errorHandler()
 2 SYSTEMPATH\View\View.php(213): include('APPPATH\\Views\\kinerja_harian\\v_edit_kinerja_harian.php')
 3 SYSTEMPATH\View\View.php(216): CodeIgniter\View\View->CodeIgniter\View\{closure}()
 4 SYSTEMPATH\Common.php(1134): CodeIgniter\View\View->render()
 5 APPPATH\Controllers\C_Kinerja_harian.php(67): view()
 6 SYSTEMPATH\CodeIgniter.php(927): App\Controllers\C_Kinerja_harian->edit()
 7 SYSTEMPATH\CodeIgniter.php(482): CodeIgniter\CodeIgniter->runController()
 8 SYSTEMPATH\CodeIgniter.php(351): CodeIgniter\CodeIgniter->handleRequest()
 9 FCPATH\index.php(67): CodeIgniter\CodeIgniter->run()
10 SYSTEMPATH\Commands\Server\rewrite.php(46): require_once('FCPATH\\index.php')
CRITICAL - 2022-12-21 20:33:58 --> Attempt to read property "id_pegawai" on array
in APPPATH\Views\kinerja_harian\v_edit_kinerja_harian.php on line 131.
 1 APPPATH\Views\kinerja_harian\v_edit_kinerja_harian.php(131): CodeIgniter\Debug\Exceptions->errorHandler()
 2 SYSTEMPATH\View\View.php(213): include('APPPATH\\Views\\kinerja_harian\\v_edit_kinerja_harian.php')
 3 SYSTEMPATH\View\View.php(216): CodeIgniter\View\View->CodeIgniter\View\{closure}()
 4 SYSTEMPATH\Common.php(1134): CodeIgniter\View\View->render()
 5 APPPATH\Controllers\C_Kinerja_harian.php(67): view()
 6 SYSTEMPATH\CodeIgniter.php(927): App\Controllers\C_Kinerja_harian->edit()
 7 SYSTEMPATH\CodeIgniter.php(482): CodeIgniter\CodeIgniter->runController()
 8 SYSTEMPATH\CodeIgniter.php(351): CodeIgniter\CodeIgniter->handleRequest()
 9 FCPATH\index.php(67): CodeIgniter\CodeIgniter->run()
10 SYSTEMPATH\Commands\Server\rewrite.php(46): require_once('FCPATH\\index.php')
CRITICAL - 2022-12-21 20:33:59 --> Attempt to read property "id_pegawai" on array
in APPPATH\Views\kinerja_harian\v_edit_kinerja_harian.php on line 131.
 1 APPPATH\Views\kinerja_harian\v_edit_kinerja_harian.php(131): CodeIgniter\Debug\Exceptions->errorHandler()
 2 SYSTEMPATH\View\View.php(213): include('APPPATH\\Views\\kinerja_harian\\v_edit_kinerja_harian.php')
 3 SYSTEMPATH\View\View.php(216): CodeIgniter\View\View->CodeIgniter\View\{closure}()
 4 SYSTEMPATH\Common.php(1134): CodeIgniter\View\View->render()
 5 APPPATH\Controllers\C_Kinerja_harian.php(67): view()
 6 SYSTEMPATH\CodeIgniter.php(927): App\Controllers\C_Kinerja_harian->edit()
 7 SYSTEMPATH\CodeIgniter.php(482): CodeIgniter\CodeIgniter->runController()
 8 SYSTEMPATH\CodeIgniter.php(351): CodeIgniter\CodeIgniter->handleRequest()
 9 FCPATH\index.php(67): CodeIgniter\CodeIgniter->run()
10 SYSTEMPATH\Commands\Server\rewrite.php(46): require_once('FCPATH\\index.php')
CRITICAL - 2022-12-21 20:33:59 --> Attempt to read property "id_pegawai" on array
in APPPATH\Views\kinerja_harian\v_edit_kinerja_harian.php on line 131.
 1 APPPATH\Views\kinerja_harian\v_edit_kinerja_harian.php(131): CodeIgniter\Debug\Exceptions->errorHandler()
 2 SYSTEMPATH\View\View.php(213): include('APPPATH\\Views\\kinerja_harian\\v_edit_kinerja_harian.php')
 3 SYSTEMPATH\View\View.php(216): CodeIgniter\View\View->CodeIgniter\View\{closure}()
 4 SYSTEMPATH\Common.php(1134): CodeIgniter\View\View->render()
 5 APPPATH\Controllers\C_Kinerja_harian.php(67): view()
 6 SYSTEMPATH\CodeIgniter.php(927): App\Controllers\C_Kinerja_harian->edit()
 7 SYSTEMPATH\CodeIgniter.php(482): CodeIgniter\CodeIgniter->runController()
 8 SYSTEMPATH\CodeIgniter.php(351): CodeIgniter\CodeIgniter->handleRequest()
 9 FCPATH\index.php(67): CodeIgniter\CodeIgniter->run()
10 SYSTEMPATH\Commands\Server\rewrite.php(46): require_once('FCPATH\\index.php')
CRITICAL - 2022-12-21 20:34:00 --> Attempt to read property "id_pegawai" on array
in APPPATH\Views\kinerja_harian\v_edit_kinerja_harian.php on line 131.
 1 APPPATH\Views\kinerja_harian\v_edit_kinerja_harian.php(131): CodeIgniter\Debug\Exceptions->errorHandler()
 2 SYSTEMPATH\View\View.php(213): include('APPPATH\\Views\\kinerja_harian\\v_edit_kinerja_harian.php')
 3 SYSTEMPATH\View\View.php(216): CodeIgniter\View\View->CodeIgniter\View\{closure}()
 4 SYSTEMPATH\Common.php(1134): CodeIgniter\View\View->render()
 5 APPPATH\Controllers\C_Kinerja_harian.php(67): view()
 6 SYSTEMPATH\CodeIgniter.php(927): App\Controllers\C_Kinerja_harian->edit()
 7 SYSTEMPATH\CodeIgniter.php(482): CodeIgniter\CodeIgniter->runController()
 8 SYSTEMPATH\CodeIgniter.php(351): CodeIgniter\CodeIgniter->handleRequest()
 9 FCPATH\index.php(67): CodeIgniter\CodeIgniter->run()
10 SYSTEMPATH\Commands\Server\rewrite.php(46): require_once('FCPATH\\index.php')
CRITICAL - 2022-12-21 20:34:00 --> Attempt to read property "id_pegawai" on array
in APPPATH\Views\kinerja_harian\v_edit_kinerja_harian.php on line 131.
 1 APPPATH\Views\kinerja_harian\v_edit_kinerja_harian.php(131): CodeIgniter\Debug\Exceptions->errorHandler()
 2 SYSTEMPATH\View\View.php(213): include('APPPATH\\Views\\kinerja_harian\\v_edit_kinerja_harian.php')
 3 SYSTEMPATH\View\View.php(216): CodeIgniter\View\View->CodeIgniter\View\{closure}()
 4 SYSTEMPATH\Common.php(1134): CodeIgniter\View\View->render()
 5 APPPATH\Controllers\C_Kinerja_harian.php(67): view()
 6 SYSTEMPATH\CodeIgniter.php(927): App\Controllers\C_Kinerja_harian->edit()
 7 SYSTEMPATH\CodeIgniter.php(482): CodeIgniter\CodeIgniter->runController()
 8 SYSTEMPATH\CodeIgniter.php(351): CodeIgniter\CodeIgniter->handleRequest()
 9 FCPATH\index.php(67): CodeIgniter\CodeIgniter->run()
10 SYSTEMPATH\Commands\Server\rewrite.php(46): require_once('FCPATH\\index.php')
CRITICAL - 2022-12-21 20:34:00 --> Attempt to read property "id_pegawai" on array
in APPPATH\Views\kinerja_harian\v_edit_kinerja_harian.php on line 131.
 1 APPPATH\Views\kinerja_harian\v_edit_kinerja_harian.php(131): CodeIgniter\Debug\Exceptions->errorHandler()
 2 SYSTEMPATH\View\View.php(213): include('APPPATH\\Views\\kinerja_harian\\v_edit_kinerja_harian.php')
 3 SYSTEMPATH\View\View.php(216): CodeIgniter\View\View->CodeIgniter\View\{closure}()
 4 SYSTEMPATH\Common.php(1134): CodeIgniter\View\View->render()
 5 APPPATH\Controllers\C_Kinerja_harian.php(67): view()
 6 SYSTEMPATH\CodeIgniter.php(927): App\Controllers\C_Kinerja_harian->edit()
 7 SYSTEMPATH\CodeIgniter.php(482): CodeIgniter\CodeIgniter->runController()
 8 SYSTEMPATH\CodeIgniter.php(351): CodeIgniter\CodeIgniter->handleRequest()
 9 FCPATH\index.php(67): CodeIgniter\CodeIgniter->run()
10 SYSTEMPATH\Commands\Server\rewrite.php(46): require_once('FCPATH\\index.php')
CRITICAL - 2022-12-21 20:34:00 --> Attempt to read property "id_pegawai" on array
in APPPATH\Views\kinerja_harian\v_edit_kinerja_harian.php on line 131.
 1 APPPATH\Views\kinerja_harian\v_edit_kinerja_harian.php(131): CodeIgniter\Debug\Exceptions->errorHandler()
 2 SYSTEMPATH\View\View.php(213): include('APPPATH\\Views\\kinerja_harian\\v_edit_kinerja_harian.php')
 3 SYSTEMPATH\View\View.php(216): CodeIgniter\View\View->CodeIgniter\View\{closure}()
 4 SYSTEMPATH\Common.php(1134): CodeIgniter\View\View->render()
 5 APPPATH\Controllers\C_Kinerja_harian.php(67): view()
 6 SYSTEMPATH\CodeIgniter.php(927): App\Controllers\C_Kinerja_harian->edit()
 7 SYSTEMPATH\CodeIgniter.php(482): CodeIgniter\CodeIgniter->runController()
 8 SYSTEMPATH\CodeIgniter.php(351): CodeIgniter\CodeIgniter->handleRequest()
 9 FCPATH\index.php(67): CodeIgniter\CodeIgniter->run()
10 SYSTEMPATH\Commands\Server\rewrite.php(46): require_once('FCPATH\\index.php')
CRITICAL - 2022-12-21 20:34:01 --> Attempt to read property "id_pegawai" on array
in APPPATH\Views\kinerja_harian\v_edit_kinerja_harian.php on line 131.
 1 APPPATH\Views\kinerja_harian\v_edit_kinerja_harian.php(131): CodeIgniter\Debug\Exceptions->errorHandler()
 2 SYSTEMPATH\View\View.php(213): include('APPPATH\\Views\\kinerja_harian\\v_edit_kinerja_harian.php')
 3 SYSTEMPATH\View\View.php(216): CodeIgniter\View\View->CodeIgniter\View\{closure}()
 4 SYSTEMPATH\Common.php(1134): CodeIgniter\View\View->render()
 5 APPPATH\Controllers\C_Kinerja_harian.php(67): view()
 6 SYSTEMPATH\CodeIgniter.php(927): App\Controllers\C_Kinerja_harian->edit()
 7 SYSTEMPATH\CodeIgniter.php(482): CodeIgniter\CodeIgniter->runController()
 8 SYSTEMPATH\CodeIgniter.php(351): CodeIgniter\CodeIgniter->handleRequest()
 9 FCPATH\index.php(67): CodeIgniter\CodeIgniter->run()
10 SYSTEMPATH\Commands\Server\rewrite.php(46): require_once('FCPATH\\index.php')
CRITICAL - 2022-12-21 20:34:01 --> Attempt to read property "id_pegawai" on array
in APPPATH\Views\kinerja_harian\v_edit_kinerja_harian.php on line 131.
 1 APPPATH\Views\kinerja_harian\v_edit_kinerja_harian.php(131): CodeIgniter\Debug\Exceptions->errorHandler()
 2 SYSTEMPATH\View\View.php(213): include('APPPATH\\Views\\kinerja_harian\\v_edit_kinerja_harian.php')
 3 SYSTEMPATH\View\View.php(216): CodeIgniter\View\View->CodeIgniter\View\{closure}()
 4 SYSTEMPATH\Common.php(1134): CodeIgniter\View\View->render()
 5 APPPATH\Controllers\C_Kinerja_harian.php(67): view()
 6 SYSTEMPATH\CodeIgniter.php(927): App\Controllers\C_Kinerja_harian->edit()
 7 SYSTEMPATH\CodeIgniter.php(482): CodeIgniter\CodeIgniter->runController()
 8 SYSTEMPATH\CodeIgniter.php(351): CodeIgniter\CodeIgniter->handleRequest()
 9 FCPATH\index.php(67): CodeIgniter\CodeIgniter->run()
10 SYSTEMPATH\Commands\Server\rewrite.php(46): require_once('FCPATH\\index.php')
CRITICAL - 2022-12-21 20:34:02 --> Attempt to read property "id_pegawai" on array
in APPPATH\Views\kinerja_harian\v_edit_kinerja_harian.php on line 131.
 1 APPPATH\Views\kinerja_harian\v_edit_kinerja_harian.php(131): CodeIgniter\Debug\Exceptions->errorHandler()
 2 SYSTEMPATH\View\View.php(213): include('APPPATH\\Views\\kinerja_harian\\v_edit_kinerja_harian.php')
 3 SYSTEMPATH\View\View.php(216): CodeIgniter\View\View->CodeIgniter\View\{closure}()
 4 SYSTEMPATH\Common.php(1134): CodeIgniter\View\View->render()
 5 APPPATH\Controllers\C_Kinerja_harian.php(67): view()
 6 SYSTEMPATH\CodeIgniter.php(927): App\Controllers\C_Kinerja_harian->edit()
 7 SYSTEMPATH\CodeIgniter.php(482): CodeIgniter\CodeIgniter->runController()
 8 SYSTEMPATH\CodeIgniter.php(351): CodeIgniter\CodeIgniter->handleRequest()
 9 FCPATH\index.php(67): CodeIgniter\CodeIgniter->run()
10 SYSTEMPATH\Commands\Server\rewrite.php(46): require_once('FCPATH\\index.php')
CRITICAL - 2022-12-21 20:34:04 --> Attempt to read property "id_pegawai" on array
in APPPATH\Views\kinerja_harian\v_edit_kinerja_harian.php on line 131.
 1 APPPATH\Views\kinerja_harian\v_edit_kinerja_harian.php(131): CodeIgniter\Debug\Exceptions->errorHandler()
 2 SYSTEMPATH\View\View.php(213): include('APPPATH\\Views\\kinerja_harian\\v_edit_kinerja_harian.php')
 3 SYSTEMPATH\View\View.php(216): CodeIgniter\View\View->CodeIgniter\View\{closure}()
 4 SYSTEMPATH\Common.php(1134): CodeIgniter\View\View->render()
 5 APPPATH\Controllers\C_Kinerja_harian.php(67): view()
 6 SYSTEMPATH\CodeIgniter.php(927): App\Controllers\C_Kinerja_harian->edit()
 7 SYSTEMPATH\CodeIgniter.php(482): CodeIgniter\CodeIgniter->runController()
 8 SYSTEMPATH\CodeIgniter.php(351): CodeIgniter\CodeIgniter->handleRequest()
 9 FCPATH\index.php(67): CodeIgniter\CodeIgniter->run()
10 SYSTEMPATH\Commands\Server\rewrite.php(46): require_once('FCPATH\\index.php')
CRITICAL - 2022-12-21 20:34:04 --> Attempt to read property "id_pegawai" on array
in APPPATH\Views\kinerja_harian\v_edit_kinerja_harian.php on line 131.
 1 APPPATH\Views\kinerja_harian\v_edit_kinerja_harian.php(131): CodeIgniter\Debug\Exceptions->errorHandler()
 2 SYSTEMPATH\View\View.php(213): include('APPPATH\\Views\\kinerja_harian\\v_edit_kinerja_harian.php')
 3 SYSTEMPATH\View\View.php(216): CodeIgniter\View\View->CodeIgniter\View\{closure}()
 4 SYSTEMPATH\Common.php(1134): CodeIgniter\View\View->render()
 5 APPPATH\Controllers\C_Kinerja_harian.php(67): view()
 6 SYSTEMPATH\CodeIgniter.php(927): App\Controllers\C_Kinerja_harian->edit()
 7 SYSTEMPATH\CodeIgniter.php(482): CodeIgniter\CodeIgniter->runController()
 8 SYSTEMPATH\CodeIgniter.php(351): CodeIgniter\CodeIgniter->handleRequest()
 9 FCPATH\index.php(67): CodeIgniter\CodeIgniter->run()
10 SYSTEMPATH\Commands\Server\rewrite.php(46): require_once('FCPATH\\index.php')
CRITICAL - 2022-12-21 20:36:09 --> Attempt to read property "id_pegawai" on array
in APPPATH\Views\kinerja_harian\v_edit_kinerja_harian.php on line 131.
 1 APPPATH\Views\kinerja_harian\v_edit_kinerja_harian.php(131): CodeIgniter\Debug\Exceptions->errorHandler()
 2 SYSTEMPATH\View\View.php(213): include('APPPATH\\Views\\kinerja_harian\\v_edit_kinerja_harian.php')
 3 SYSTEMPATH\View\View.php(216): CodeIgniter\View\View->CodeIgniter\View\{closure}()
 4 SYSTEMPATH\Common.php(1134): CodeIgniter\View\View->render()
 5 APPPATH\Controllers\C_Kinerja_harian.php(69): view()
 6 SYSTEMPATH\CodeIgniter.php(927): App\Controllers\C_Kinerja_harian->edit()
 7 SYSTEMPATH\CodeIgniter.php(482): CodeIgniter\CodeIgniter->runController()
 8 SYSTEMPATH\CodeIgniter.php(351): CodeIgniter\CodeIgniter->handleRequest()
 9 FCPATH\index.php(67): CodeIgniter\CodeIgniter->run()
10 SYSTEMPATH\Commands\Server\rewrite.php(46): require_once('FCPATH\\index.php')
CRITICAL - 2022-12-21 20:36:10 --> Attempt to read property "id_pegawai" on array
in APPPATH\Views\kinerja_harian\v_edit_kinerja_harian.php on line 131.
 1 APPPATH\Views\kinerja_harian\v_edit_kinerja_harian.php(131): CodeIgniter\Debug\Exceptions->errorHandler()
 2 SYSTEMPATH\View\View.php(213): include('APPPATH\\Views\\kinerja_harian\\v_edit_kinerja_harian.php')
 3 SYSTEMPATH\View\View.php(216): CodeIgniter\View\View->CodeIgniter\View\{closure}()
 4 SYSTEMPATH\Common.php(1134): CodeIgniter\View\View->render()
 5 APPPATH\Controllers\C_Kinerja_harian.php(69): view()
 6 SYSTEMPATH\CodeIgniter.php(927): App\Controllers\C_Kinerja_harian->edit()
 7 SYSTEMPATH\CodeIgniter.php(482): CodeIgniter\CodeIgniter->runController()
 8 SYSTEMPATH\CodeIgniter.php(351): CodeIgniter\CodeIgniter->handleRequest()
 9 FCPATH\index.php(67): CodeIgniter\CodeIgniter->run()
10 SYSTEMPATH\Commands\Server\rewrite.php(46): require_once('FCPATH\\index.php')
CRITICAL - 2022-12-21 20:36:11 --> Attempt to read property "id_pegawai" on array
in APPPATH\Views\kinerja_harian\v_edit_kinerja_harian.php on line 131.
 1 APPPATH\Views\kinerja_harian\v_edit_kinerja_harian.php(131): CodeIgniter\Debug\Exceptions->errorHandler()
 2 SYSTEMPATH\View\View.php(213): include('APPPATH\\Views\\kinerja_harian\\v_edit_kinerja_harian.php')
 3 SYSTEMPATH\View\View.php(216): CodeIgniter\View\View->CodeIgniter\View\{closure}()
 4 SYSTEMPATH\Common.php(1134): CodeIgniter\View\View->render()
 5 APPPATH\Controllers\C_Kinerja_harian.php(69): view()
 6 SYSTEMPATH\CodeIgniter.php(927): App\Controllers\C_Kinerja_harian->edit()
 7 SYSTEMPATH\CodeIgniter.php(482): CodeIgniter\CodeIgniter->runController()
 8 SYSTEMPATH\CodeIgniter.php(351): CodeIgniter\CodeIgniter->handleRequest()
 9 FCPATH\index.php(67): CodeIgniter\CodeIgniter->run()
10 SYSTEMPATH\Commands\Server\rewrite.php(46): require_once('FCPATH\\index.php')
CRITICAL - 2022-12-21 20:36:11 --> Attempt to read property "id_pegawai" on array
in APPPATH\Views\kinerja_harian\v_edit_kinerja_harian.php on line 131.
 1 APPPATH\Views\kinerja_harian\v_edit_kinerja_harian.php(131): CodeIgniter\Debug\Exceptions->errorHandler()
 2 SYSTEMPATH\View\View.php(213): include('APPPATH\\Views\\kinerja_harian\\v_edit_kinerja_harian.php')
 3 SYSTEMPATH\View\View.php(216): CodeIgniter\View\View->CodeIgniter\View\{closure}()
 4 SYSTEMPATH\Common.php(1134): CodeIgniter\View\View->render()
 5 APPPATH\Controllers\C_Kinerja_harian.php(69): view()
 6 SYSTEMPATH\CodeIgniter.php(927): App\Controllers\C_Kinerja_harian->edit()
 7 SYSTEMPATH\CodeIgniter.php(482): CodeIgniter\CodeIgniter->runController()
 8 SYSTEMPATH\CodeIgniter.php(351): CodeIgniter\CodeIgniter->handleRequest()
 9 FCPATH\index.php(67): CodeIgniter\CodeIgniter->run()
10 SYSTEMPATH\Commands\Server\rewrite.php(46): require_once('FCPATH\\index.php')
CRITICAL - 2022-12-21 20:36:11 --> Attempt to read property "id_pegawai" on array
in APPPATH\Views\kinerja_harian\v_edit_kinerja_harian.php on line 131.
 1 APPPATH\Views\kinerja_harian\v_edit_kinerja_harian.php(131): CodeIgniter\Debug\Exceptions->errorHandler()
 2 SYSTEMPATH\View\View.php(213): include('APPPATH\\Views\\kinerja_harian\\v_edit_kinerja_harian.php')
 3 SYSTEMPATH\View\View.php(216): CodeIgniter\View\View->CodeIgniter\View\{closure}()
 4 SYSTEMPATH\Common.php(1134): CodeIgniter\View\View->render()
 5 APPPATH\Controllers\C_Kinerja_harian.php(69): view()
 6 SYSTEMPATH\CodeIgniter.php(927): App\Controllers\C_Kinerja_harian->edit()
 7 SYSTEMPATH\CodeIgniter.php(482): CodeIgniter\CodeIgniter->runController()
 8 SYSTEMPATH\CodeIgniter.php(351): CodeIgniter\CodeIgniter->handleRequest()
 9 FCPATH\index.php(67): CodeIgniter\CodeIgniter->run()
10 SYSTEMPATH\Commands\Server\rewrite.php(46): require_once('FCPATH\\index.php')
CRITICAL - 2022-12-21 20:36:12 --> Attempt to read property "id_pegawai" on array
in APPPATH\Views\kinerja_harian\v_edit_kinerja_harian.php on line 131.
 1 APPPATH\Views\kinerja_harian\v_edit_kinerja_harian.php(131): CodeIgniter\Debug\Exceptions->errorHandler()
 2 SYSTEMPATH\View\View.php(213): include('APPPATH\\Views\\kinerja_harian\\v_edit_kinerja_harian.php')
 3 SYSTEMPATH\View\View.php(216): CodeIgniter\View\View->CodeIgniter\View\{closure}()
 4 SYSTEMPATH\Common.php(1134): CodeIgniter\View\View->render()
 5 APPPATH\Controllers\C_Kinerja_harian.php(69): view()
 6 SYSTEMPATH\CodeIgniter.php(927): App\Controllers\C_Kinerja_harian->edit()
 7 SYSTEMPATH\CodeIgniter.php(482): CodeIgniter\CodeIgniter->runController()
 8 SYSTEMPATH\CodeIgniter.php(351): CodeIgniter\CodeIgniter->handleRequest()
 9 FCPATH\index.php(67): CodeIgniter\CodeIgniter->run()
10 SYSTEMPATH\Commands\Server\rewrite.php(46): require_once('FCPATH\\index.php')
CRITICAL - 2022-12-21 20:36:12 --> Attempt to read property "id_pegawai" on array
in APPPATH\Views\kinerja_harian\v_edit_kinerja_harian.php on line 131.
 1 APPPATH\Views\kinerja_harian\v_edit_kinerja_harian.php(131): CodeIgniter\Debug\Exceptions->errorHandler()
 2 SYSTEMPATH\View\View.php(213): include('APPPATH\\Views\\kinerja_harian\\v_edit_kinerja_harian.php')
 3 SYSTEMPATH\View\View.php(216): CodeIgniter\View\View->CodeIgniter\View\{closure}()
 4 SYSTEMPATH\Common.php(1134): CodeIgniter\View\View->render()
 5 APPPATH\Controllers\C_Kinerja_harian.php(69): view()
 6 SYSTEMPATH\CodeIgniter.php(927): App\Controllers\C_Kinerja_harian->edit()
 7 SYSTEMPATH\CodeIgniter.php(482): CodeIgniter\CodeIgniter->runController()
 8 SYSTEMPATH\CodeIgniter.php(351): CodeIgniter\CodeIgniter->handleRequest()
 9 FCPATH\index.php(67): CodeIgniter\CodeIgniter->run()
10 SYSTEMPATH\Commands\Server\rewrite.php(46): require_once('FCPATH\\index.php')
CRITICAL - 2022-12-21 20:36:12 --> Attempt to read property "id_pegawai" on array
in APPPATH\Views\kinerja_harian\v_edit_kinerja_harian.php on line 131.
 1 APPPATH\Views\kinerja_harian\v_edit_kinerja_harian.php(131): CodeIgniter\Debug\Exceptions->errorHandler()
 2 SYSTEMPATH\View\View.php(213): include('APPPATH\\Views\\kinerja_harian\\v_edit_kinerja_harian.php')
 3 SYSTEMPATH\View\View.php(216): CodeIgniter\View\View->CodeIgniter\View\{closure}()
 4 SYSTEMPATH\Common.php(1134): CodeIgniter\View\View->render()
 5 APPPATH\Controllers\C_Kinerja_harian.php(69): view()
 6 SYSTEMPATH\CodeIgniter.php(927): App\Controllers\C_Kinerja_harian->edit()
 7 SYSTEMPATH\CodeIgniter.php(482): CodeIgniter\CodeIgniter->runController()
 8 SYSTEMPATH\CodeIgniter.php(351): CodeIgniter\CodeIgniter->handleRequest()
 9 FCPATH\index.php(67): CodeIgniter\CodeIgniter->run()
10 SYSTEMPATH\Commands\Server\rewrite.php(46): require_once('FCPATH\\index.php')
CRITICAL - 2022-12-21 20:36:13 --> Attempt to read property "id_pegawai" on array
in APPPATH\Views\kinerja_harian\v_edit_kinerja_harian.php on line 131.
 1 APPPATH\Views\kinerja_harian\v_edit_kinerja_harian.php(131): CodeIgniter\Debug\Exceptions->errorHandler()
 2 SYSTEMPATH\View\View.php(213): include('APPPATH\\Views\\kinerja_harian\\v_edit_kinerja_harian.php')
 3 SYSTEMPATH\View\View.php(216): CodeIgniter\View\View->CodeIgniter\View\{closure}()
 4 SYSTEMPATH\Common.php(1134): CodeIgniter\View\View->render()
 5 APPPATH\Controllers\C_Kinerja_harian.php(69): view()
 6 SYSTEMPATH\CodeIgniter.php(927): App\Controllers\C_Kinerja_harian->edit()
 7 SYSTEMPATH\CodeIgniter.php(482): CodeIgniter\CodeIgniter->runController()
 8 SYSTEMPATH\CodeIgniter.php(351): CodeIgniter\CodeIgniter->handleRequest()
 9 FCPATH\index.php(67): CodeIgniter\CodeIgniter->run()
10 SYSTEMPATH\Commands\Server\rewrite.php(46): require_once('FCPATH\\index.php')
CRITICAL - 2022-12-21 20:36:13 --> Attempt to read property "id_pegawai" on array
in APPPATH\Views\kinerja_harian\v_edit_kinerja_harian.php on line 131.
 1 APPPATH\Views\kinerja_harian\v_edit_kinerja_harian.php(131): CodeIgniter\Debug\Exceptions->errorHandler()
 2 SYSTEMPATH\View\View.php(213): include('APPPATH\\Views\\kinerja_harian\\v_edit_kinerja_harian.php')
 3 SYSTEMPATH\View\View.php(216): CodeIgniter\View\View->CodeIgniter\View\{closure}()
 4 SYSTEMPATH\Common.php(1134): CodeIgniter\View\View->render()
 5 APPPATH\Controllers\C_Kinerja_harian.php(69): view()
 6 SYSTEMPATH\CodeIgniter.php(927): App\Controllers\C_Kinerja_harian->edit()
 7 SYSTEMPATH\CodeIgniter.php(482): CodeIgniter\CodeIgniter->runController()
 8 SYSTEMPATH\CodeIgniter.php(351): CodeIgniter\CodeIgniter->handleRequest()
 9 FCPATH\index.php(67): CodeIgniter\CodeIgniter->run()
10 SYSTEMPATH\Commands\Server\rewrite.php(46): require_once('FCPATH\\index.php')
CRITICAL - 2022-12-21 20:36:13 --> Attempt to read property "id_pegawai" on array
in APPPATH\Views\kinerja_harian\v_edit_kinerja_harian.php on line 131.
 1 APPPATH\Views\kinerja_harian\v_edit_kinerja_harian.php(131): CodeIgniter\Debug\Exceptions->errorHandler()
 2 SYSTEMPATH\View\View.php(213): include('APPPATH\\Views\\kinerja_harian\\v_edit_kinerja_harian.php')
 3 SYSTEMPATH\View\View.php(216): CodeIgniter\View\View->CodeIgniter\View\{closure}()
 4 SYSTEMPATH\Common.php(1134): CodeIgniter\View\View->render()
 5 APPPATH\Controllers\C_Kinerja_harian.php(69): view()
 6 SYSTEMPATH\CodeIgniter.php(927): App\Controllers\C_Kinerja_harian->edit()
 7 SYSTEMPATH\CodeIgniter.php(482): CodeIgniter\CodeIgniter->runController()
 8 SYSTEMPATH\CodeIgniter.php(351): CodeIgniter\CodeIgniter->handleRequest()
 9 FCPATH\index.php(67): CodeIgniter\CodeIgniter->run()
10 SYSTEMPATH\Commands\Server\rewrite.php(46): require_once('FCPATH\\index.php')
CRITICAL - 2022-12-21 20:36:13 --> Attempt to read property "id_pegawai" on array
in APPPATH\Views\kinerja_harian\v_edit_kinerja_harian.php on line 131.
 1 APPPATH\Views\kinerja_harian\v_edit_kinerja_harian.php(131): CodeIgniter\Debug\Exceptions->errorHandler()
 2 SYSTEMPATH\View\View.php(213): include('APPPATH\\Views\\kinerja_harian\\v_edit_kinerja_harian.php')
 3 SYSTEMPATH\View\View.php(216): CodeIgniter\View\View->CodeIgniter\View\{closure}()
 4 SYSTEMPATH\Common.php(1134): CodeIgniter\View\View->render()
 5 APPPATH\Controllers\C_Kinerja_harian.php(69): view()
 6 SYSTEMPATH\CodeIgniter.php(927): App\Controllers\C_Kinerja_harian->edit()
 7 SYSTEMPATH\CodeIgniter.php(482): CodeIgniter\CodeIgniter->runController()
 8 SYSTEMPATH\CodeIgniter.php(351): CodeIgniter\CodeIgniter->handleRequest()
 9 FCPATH\index.php(67): CodeIgniter\CodeIgniter->run()
10 SYSTEMPATH\Commands\Server\rewrite.php(46): require_once('FCPATH\\index.php')
CRITICAL - 2022-12-21 20:36:14 --> Attempt to read property "id_pegawai" on array
in APPPATH\Views\kinerja_harian\v_edit_kinerja_harian.php on line 131.
 1 APPPATH\Views\kinerja_harian\v_edit_kinerja_harian.php(131): CodeIgniter\Debug\Exceptions->errorHandler()
 2 SYSTEMPATH\View\View.php(213): include('APPPATH\\Views\\kinerja_harian\\v_edit_kinerja_harian.php')
 3 SYSTEMPATH\View\View.php(216): CodeIgniter\View\View->CodeIgniter\View\{closure}()
 4 SYSTEMPATH\Common.php(1134): CodeIgniter\View\View->render()
 5 APPPATH\Controllers\C_Kinerja_harian.php(69): view()
 6 SYSTEMPATH\CodeIgniter.php(927): App\Controllers\C_Kinerja_harian->edit()
 7 SYSTEMPATH\CodeIgniter.php(482): CodeIgniter\CodeIgniter->runController()
 8 SYSTEMPATH\CodeIgniter.php(351): CodeIgniter\CodeIgniter->handleRequest()
 9 FCPATH\index.php(67): CodeIgniter\CodeIgniter->run()
10 SYSTEMPATH\Commands\Server\rewrite.php(46): require_once('FCPATH\\index.php')
CRITICAL - 2022-12-21 20:38:31 --> Attempt to read property "id_pegawai" on array
in APPPATH\Views\kinerja_harian\v_edit_kinerja_harian.php on line 131.
 1 APPPATH\Views\kinerja_harian\v_edit_kinerja_harian.php(131): CodeIgniter\Debug\Exceptions->errorHandler()
 2 SYSTEMPATH\View\View.php(213): include('APPPATH\\Views\\kinerja_harian\\v_edit_kinerja_harian.php')
 3 SYSTEMPATH\View\View.php(216): CodeIgniter\View\View->CodeIgniter\View\{closure}()
 4 SYSTEMPATH\Common.php(1134): CodeIgniter\View\View->render()
 5 APPPATH\Controllers\C_Kinerja_harian.php(69): view()
 6 SYSTEMPATH\CodeIgniter.php(927): App\Controllers\C_Kinerja_harian->edit()
 7 SYSTEMPATH\CodeIgniter.php(482): CodeIgniter\CodeIgniter->runController()
 8 SYSTEMPATH\CodeIgniter.php(351): CodeIgniter\CodeIgniter->handleRequest()
 9 FCPATH\index.php(67): CodeIgniter\CodeIgniter->run()
10 SYSTEMPATH\Commands\Server\rewrite.php(46): require_once('FCPATH\\index.php')
